<?xml version="1.0" encoding="UTF-8"?>
<testsuite xmlns:xsi="http://www.w3.org/2001/XMLSchema-instance" xsi:noNamespaceSchemaLocation="https://maven.apache.org/surefire/maven-surefire-plugin/xsd/surefire-test-report.xsd" name="com.atguigu.gulimall.gulimallcoupon.GulimallCouponApplicationTests" time="0.124" tests="1" errors="1" skipped="0" failures="0">
  <properties>
    <property name="java.specification.version" value="17"/>
    <property name="sun.jnu.encoding" value="UTF-8"/>
    <property name="java.class.path" value="/Users/zhangcun/shangou/gulimall/gulimall-coupon/target/test-classes:/Users/zhangcun/shangou/gulimall/gulimall-coupon/target/classes:/Users/zhangcun/shangou/gulimall/gulimall-common/target/gulimall-common-0.0.1-SNAPSHOT.jar:/Users/zhangcun/.m2/repository/com/baomidou/mybatis-plus-boot-starter/3.2.0/mybatis-plus-boot-starter-3.2.0.jar:/Users/zhangcun/.m2/repository/com/baomidou/mybatis-plus/3.2.0/mybatis-plus-3.2.0.jar:/Users/zhangcun/.m2/repository/org/springframework/boot/spring-boot-autoconfigure/2.4.0/spring-boot-autoconfigure-2.4.0.jar:/Users/zhangcun/.m2/repository/org/springframework/boot/spring-boot-starter-jdbc/2.4.0/spring-boot-starter-jdbc-2.4.0.jar:/Users/zhangcun/.m2/repository/com/zaxxer/HikariCP/3.4.5/HikariCP-3.4.5.jar:/Users/zhangcun/.m2/repository/org/springframework/spring-jdbc/5.3.1/spring-jdbc-5.3.1.jar:/Users/zhangcun/.m2/repository/org/springframework/spring-tx/5.3.1/spring-tx-5.3.1.jar:/Users/zhangcun/.m2/repository/commons-lang/commons-lang/2.6/commons-lang-2.6.jar:/Users/zhangcun/.m2/repository/org/apache/httpcomponents/httpcore/4.4.13/httpcore-4.4.13.jar:/Users/zhangcun/shangou/gulimall/renren-fast/target/renren-fast.jar:/Users/zhangcun/.m2/repository/org/springframework/boot/spring-boot-starter-aop/2.4.0/spring-boot-starter-aop-2.4.0.jar:/Users/zhangcun/.m2/repository/org/aspectj/aspectjweaver/1.9.6/aspectjweaver-1.9.6.jar:/Users/zhangcun/.m2/repository/org/springframework/spring-context-support/5.3.1/spring-context-support-5.3.1.jar:/Users/zhangcun/.m2/repository/org/springframework/boot/spring-boot-starter-data-redis/2.4.0/spring-boot-starter-data-redis-2.4.0.jar:/Users/zhangcun/.m2/repository/org/springframework/data/spring-data-redis/2.4.1/spring-data-redis-2.4.1.jar:/Users/zhangcun/.m2/repository/org/springframework/data/spring-data-keyvalue/2.4.1/spring-data-keyvalue-2.4.1.jar:/Users/zhangcun/.m2/repository/org/springframework/data/spring-data-commons/2.4.1/spring-data-commons-2.4.1.jar:/Users/zhangcun/.m2/repository/org/springframework/spring-oxm/5.3.1/spring-oxm-5.3.1.jar:/Users/zhangcun/.m2/repository/io/lettuce/lettuce-core/6.0.1.RELEASE/lettuce-core-6.0.1.RELEASE.jar:/Users/zhangcun/.m2/repository/io/netty/netty-common/4.1.54.Final/netty-common-4.1.54.Final.jar:/Users/zhangcun/.m2/repository/io/netty/netty-handler/4.1.54.Final/netty-handler-4.1.54.Final.jar:/Users/zhangcun/.m2/repository/io/netty/netty-resolver/4.1.54.Final/netty-resolver-4.1.54.Final.jar:/Users/zhangcun/.m2/repository/io/netty/netty-buffer/4.1.54.Final/netty-buffer-4.1.54.Final.jar:/Users/zhangcun/.m2/repository/io/netty/netty-codec/4.1.54.Final/netty-codec-4.1.54.Final.jar:/Users/zhangcun/.m2/repository/io/netty/netty-transport/4.1.54.Final/netty-transport-4.1.54.Final.jar:/Users/zhangcun/.m2/repository/io/projectreactor/reactor-core/3.4.0/reactor-core-3.4.0.jar:/Users/zhangcun/.m2/repository/org/reactivestreams/reactive-streams/1.0.3/reactive-streams-1.0.3.jar:/Users/zhangcun/.m2/repository/org/springframework/boot/spring-boot-starter-validation/2.4.0/spring-boot-starter-validation-2.4.0.jar:/Users/zhangcun/.m2/repository/org/hibernate/validator/hibernate-validator/6.1.6.Final/hibernate-validator-6.1.6.Final.jar:/Users/zhangcun/.m2/repository/jakarta/validation/jakarta.validation-api/2.0.2/jakarta.validation-api-2.0.2.jar:/Users/zhangcun/.m2/repository/org/jboss/logging/jboss-logging/3.4.1.Final/jboss-logging-3.4.1.Final.jar:/Users/zhangcun/.m2/repository/com/oracle/ojdbc6/11.2.0.3/ojdbc6-11.2.0.3.jar:/Users/zhangcun/.m2/repository/com/microsoft/sqlserver/sqljdbc4/4.0/sqljdbc4-4.0.jar:/Users/zhangcun/.m2/repository/org/postgresql/postgresql/42.2.18/postgresql-42.2.18.jar:/Users/zhangcun/.m2/repository/org/checkerframework/checker-qual/3.5.0/checker-qual-3.5.0.jar:/Users/zhangcun/.m2/repository/com/alibaba/druid-spring-boot-starter/1.1.13/druid-spring-boot-starter-1.1.13.jar:/Users/zhangcun/.m2/repository/com/alibaba/druid/1.1.13/druid-1.1.13.jar:/Users/zhangcun/.m2/repository/org/quartz-scheduler/quartz/2.3.2/quartz-2.3.2.jar:/Users/zhangcun/.m2/repository/com/mchange/mchange-commons-java/0.2.15/mchange-commons-java-0.2.15.jar:/Users/zhangcun/.m2/repository/commons-fileupload/commons-fileupload/1.2.2/commons-fileupload-1.2.2.jar:/Users/zhangcun/.m2/repository/commons-io/commons-io/2.5/commons-io-2.5.jar:/Users/zhangcun/.m2/repository/commons-codec/commons-codec/1.15/commons-codec-1.15.jar:/Users/zhangcun/.m2/repository/commons-configuration/commons-configuration/1.10/commons-configuration-1.10.jar:/Users/zhangcun/.m2/repository/commons-logging/commons-logging/1.1.1/commons-logging-1.1.1.jar:/Users/zhangcun/.m2/repository/org/apache/shiro/shiro-core/1.9.0/shiro-core-1.9.0.jar:/Users/zhangcun/.m2/repository/org/apache/shiro/shiro-lang/1.9.0/shiro-lang-1.9.0.jar:/Users/zhangcun/.m2/repository/org/apache/shiro/shiro-cache/1.9.0/shiro-cache-1.9.0.jar:/Users/zhangcun/.m2/repository/org/apache/shiro/shiro-crypto-hash/1.9.0/shiro-crypto-hash-1.9.0.jar:/Users/zhangcun/.m2/repository/org/apache/shiro/shiro-crypto-core/1.9.0/shiro-crypto-core-1.9.0.jar:/Users/zhangcun/.m2/repository/org/apache/shiro/shiro-crypto-cipher/1.9.0/shiro-crypto-cipher-1.9.0.jar:/Users/zhangcun/.m2/repository/org/apache/shiro/shiro-config-core/1.9.0/shiro-config-core-1.9.0.jar:/Users/zhangcun/.m2/repository/org/apache/shiro/shiro-config-ogdl/1.9.0/shiro-config-ogdl-1.9.0.jar:/Users/zhangcun/.m2/repository/commons-beanutils/commons-beanutils/1.9.4/commons-beanutils-1.9.4.jar:/Users/zhangcun/.m2/repository/commons-collections/commons-collections/3.2.2/commons-collections-3.2.2.jar:/Users/zhangcun/.m2/repository/org/apache/shiro/shiro-event/1.9.0/shiro-event-1.9.0.jar:/Users/zhangcun/.m2/repository/org/apache/shiro/shiro-spring/1.9.0/shiro-spring-1.9.0.jar:/Users/zhangcun/.m2/repository/org/apache/shiro/shiro-web/1.9.0/shiro-web-1.9.0.jar:/Users/zhangcun/.m2/repository/org/owasp/encoder/encoder/1.2.2/encoder-1.2.2.jar:/Users/zhangcun/.m2/repository/io/jsonwebtoken/jjwt/0.7.0/jjwt-0.7.0.jar:/Users/zhangcun/.m2/repository/com/github/axet/kaptcha/0.0.9/kaptcha-0.0.9.jar:/Users/zhangcun/.m2/repository/com/jhlabs/filters/2.0.235/filters-2.0.235.jar:/Users/zhangcun/.m2/repository/io/springfox/springfox-swagger2/2.7.0/springfox-swagger2-2.7.0.jar:/Users/zhangcun/.m2/repository/io/swagger/swagger-annotations/1.5.13/swagger-annotations-1.5.13.jar:/Users/zhangcun/.m2/repository/io/swagger/swagger-models/1.5.13/swagger-models-1.5.13.jar:/Users/zhangcun/.m2/repository/io/springfox/springfox-spi/2.7.0/springfox-spi-2.7.0.jar:/Users/zhangcun/.m2/repository/io/springfox/springfox-core/2.7.0/springfox-core-2.7.0.jar:/Users/zhangcun/.m2/repository/io/springfox/springfox-schema/2.7.0/springfox-schema-2.7.0.jar:/Users/zhangcun/.m2/repository/io/springfox/springfox-swagger-common/2.7.0/springfox-swagger-common-2.7.0.jar:/Users/zhangcun/.m2/repository/io/springfox/springfox-spring-web/2.7.0/springfox-spring-web-2.7.0.jar:/Users/zhangcun/.m2/repository/org/reflections/reflections/0.9.11/reflections-0.9.11.jar:/Users/zhangcun/.m2/repository/org/javassist/javassist/3.21.0-GA/javassist-3.21.0-GA.jar:/Users/zhangcun/.m2/repository/com/google/guava/guava/18.0/guava-18.0.jar:/Users/zhangcun/.m2/repository/com/fasterxml/classmate/1.5.1/classmate-1.5.1.jar:/Users/zhangcun/.m2/repository/org/springframework/plugin/spring-plugin-core/1.2.0.RELEASE/spring-plugin-core-1.2.0.RELEASE.jar:/Users/zhangcun/.m2/repository/org/springframework/plugin/spring-plugin-metadata/1.2.0.RELEASE/spring-plugin-metadata-1.2.0.RELEASE.jar:/Users/zhangcun/.m2/repository/org/mapstruct/mapstruct/1.1.0.Final/mapstruct-1.1.0.Final.jar:/Users/zhangcun/.m2/repository/io/springfox/springfox-swagger-ui/2.7.0/springfox-swagger-ui-2.7.0.jar:/Users/zhangcun/.m2/repository/com/qiniu/qiniu-java-sdk/7.2.23/qiniu-java-sdk-7.2.23.jar:/Users/zhangcun/.m2/repository/com/squareup/okhttp3/okhttp/3.14.9/okhttp-3.14.9.jar:/Users/zhangcun/.m2/repository/com/squareup/okio/okio/1.17.2/okio-1.17.2.jar:/Users/zhangcun/.m2/repository/com/aliyun/oss/aliyun-sdk-oss/2.8.3/aliyun-sdk-oss-2.8.3.jar:/Users/zhangcun/.m2/repository/org/apache/httpcomponents/httpclient/4.5.13/httpclient-4.5.13.jar:/Users/zhangcun/.m2/repository/org/jdom/jdom/1.1/jdom-1.1.jar:/Users/zhangcun/.m2/repository/com/qcloud/cos_api/4.4/cos_api-4.4.jar:/Users/zhangcun/.m2/repository/org/apache/httpcomponents/httpmime/4.5.13/httpmime-4.5.13.jar:/Users/zhangcun/.m2/repository/org/json/json/20140107/json-20140107.jar:/Users/zhangcun/.m2/repository/junit/junit/4.13.1/junit-4.13.1.jar:/Users/zhangcun/.m2/repository/org/hamcrest/hamcrest-core/2.2/hamcrest-core-2.2.jar:/Users/zhangcun/.m2/repository/joda-time/joda-time/2.9.9/joda-time-2.9.9.jar:/Users/zhangcun/.m2/repository/com/google/code/gson/gson/2.8.6/gson-2.8.6.jar:/Users/zhangcun/.m2/repository/com/alibaba/fastjson/1.2.79/fastjson-1.2.79.jar:/Users/zhangcun/.m2/repository/cn/hutool/hutool-all/4.1.1/hutool-all-4.1.1.jar:/Users/zhangcun/.m2/repository/com/baomidou/mybatis-plus-extension/3.3.1/mybatis-plus-extension-3.3.1.jar:/Users/zhangcun/.m2/repository/com/baomidou/mybatis-plus-core/3.3.1/mybatis-plus-core-3.3.1.jar:/Users/zhangcun/.m2/repository/com/baomidou/mybatis-plus-annotation/3.3.1/mybatis-plus-annotation-3.3.1.jar:/Users/zhangcun/.m2/repository/com/github/jsqlparser/jsqlparser/3.1/jsqlparser-3.1.jar:/Users/zhangcun/.m2/repository/org/mybatis/mybatis/3.5.3/mybatis-3.5.3.jar:/Users/zhangcun/.m2/repository/org/mybatis/mybatis-spring/2.0.3/mybatis-spring-2.0.3.jar:/Users/zhangcun/.m2/repository/mysql/mysql-connector-java/8.0.22/mysql-connector-java-8.0.22.jar:/Users/zhangcun/.m2/repository/org/springframework/boot/spring-boot-starter/2.4.0/spring-boot-starter-2.4.0.jar:/Users/zhangcun/.m2/repository/org/springframework/boot/spring-boot/2.4.0/spring-boot-2.4.0.jar:/Users/zhangcun/.m2/repository/org/springframework/boot/spring-boot-starter-logging/2.4.0/spring-boot-starter-logging-2.4.0.jar:/Users/zhangcun/.m2/repository/ch/qos/logback/logback-classic/1.2.3/logback-classic-1.2.3.jar:/Users/zhangcun/.m2/repository/ch/qos/logback/logback-core/1.2.3/logback-core-1.2.3.jar:/Users/zhangcun/.m2/repository/org/apache/logging/log4j/log4j-to-slf4j/2.13.3/log4j-to-slf4j-2.13.3.jar:/Users/zhangcun/.m2/repository/org/apache/logging/log4j/log4j-api/2.13.3/log4j-api-2.13.3.jar:/Users/zhangcun/.m2/repository/org/slf4j/jul-to-slf4j/1.7.30/jul-to-slf4j-1.7.30.jar:/Users/zhangcun/.m2/repository/jakarta/annotation/jakarta.annotation-api/1.3.5/jakarta.annotation-api-1.3.5.jar:/Users/zhangcun/.m2/repository/org/yaml/snakeyaml/1.27/snakeyaml-1.27.jar:/Users/zhangcun/.m2/repository/org/projectlombok/lombok/1.18.24/lombok-1.18.24.jar:/Users/zhangcun/.m2/repository/org/springframework/boot/spring-boot-starter-web/2.4.0/spring-boot-starter-web-2.4.0.jar:/Users/zhangcun/.m2/repository/org/springframework/boot/spring-boot-starter-json/2.4.0/spring-boot-starter-json-2.4.0.jar:/Users/zhangcun/.m2/repository/com/fasterxml/jackson/core/jackson-databind/2.11.3/jackson-databind-2.11.3.jar:/Users/zhangcun/.m2/repository/com/fasterxml/jackson/core/jackson-annotations/2.11.3/jackson-annotations-2.11.3.jar:/Users/zhangcun/.m2/repository/com/fasterxml/jackson/core/jackson-core/2.11.3/jackson-core-2.11.3.jar:/Users/zhangcun/.m2/repository/com/fasterxml/jackson/datatype/jackson-datatype-jdk8/2.11.3/jackson-datatype-jdk8-2.11.3.jar:/Users/zhangcun/.m2/repository/com/fasterxml/jackson/datatype/jackson-datatype-jsr310/2.11.3/jackson-datatype-jsr310-2.11.3.jar:/Users/zhangcun/.m2/repository/com/fasterxml/jackson/module/jackson-module-parameter-names/2.11.3/jackson-module-parameter-names-2.11.3.jar:/Users/zhangcun/.m2/repository/org/springframework/boot/spring-boot-starter-tomcat/2.4.0/spring-boot-starter-tomcat-2.4.0.jar:/Users/zhangcun/.m2/repository/org/apache/tomcat/embed/tomcat-embed-core/9.0.39/tomcat-embed-core-9.0.39.jar:/Users/zhangcun/.m2/repository/org/glassfish/jakarta.el/3.0.3/jakarta.el-3.0.3.jar:/Users/zhangcun/.m2/repository/org/apache/tomcat/embed/tomcat-embed-websocket/9.0.39/tomcat-embed-websocket-9.0.39.jar:/Users/zhangcun/.m2/repository/org/springframework/spring-web/5.3.1/spring-web-5.3.1.jar:/Users/zhangcun/.m2/repository/org/springframework/spring-beans/5.3.1/spring-beans-5.3.1.jar:/Users/zhangcun/.m2/repository/org/springframework/spring-webmvc/5.3.1/spring-webmvc-5.3.1.jar:/Users/zhangcun/.m2/repository/org/springframework/spring-aop/5.3.1/spring-aop-5.3.1.jar:/Users/zhangcun/.m2/repository/org/springframework/spring-context/5.3.1/spring-context-5.3.1.jar:/Users/zhangcun/.m2/repository/org/springframework/spring-expression/5.3.1/spring-expression-5.3.1.jar:/Users/zhangcun/.m2/repository/org/springframework/cloud/spring-cloud-starter-openfeign/4.1.0/spring-cloud-starter-openfeign-4.1.0.jar:/Users/zhangcun/.m2/repository/org/springframework/cloud/spring-cloud-starter/4.2.0-RC1/spring-cloud-starter-4.2.0-RC1.jar:/Users/zhangcun/.m2/repository/org/springframework/cloud/spring-cloud-context/4.2.0-RC1/spring-cloud-context-4.2.0-RC1.jar:/Users/zhangcun/.m2/repository/org/bouncycastle/bcprov-jdk18on/1.78.1/bcprov-jdk18on-1.78.1.jar:/Users/zhangcun/.m2/repository/org/springframework/cloud/spring-cloud-openfeign-core/4.2.0-RC1/spring-cloud-openfeign-core-4.2.0-RC1.jar:/Users/zhangcun/.m2/repository/io/github/openfeign/feign-form-spring/13.5/feign-form-spring-13.5.jar:/Users/zhangcun/.m2/repository/io/github/openfeign/feign-form/13.5/feign-form-13.5.jar:/Users/zhangcun/.m2/repository/org/springframework/cloud/spring-cloud-commons/4.2.0-RC1/spring-cloud-commons-4.2.0-RC1.jar:/Users/zhangcun/.m2/repository/org/springframework/security/spring-security-crypto/5.4.1/spring-security-crypto-5.4.1.jar:/Users/zhangcun/.m2/repository/io/github/openfeign/feign-core/13.5/feign-core-13.5.jar:/Users/zhangcun/.m2/repository/io/github/openfeign/feign-slf4j/13.5/feign-slf4j-13.5.jar:/Users/zhangcun/.m2/repository/org/slf4j/slf4j-api/1.7.30/slf4j-api-1.7.30.jar:/Users/zhangcun/.m2/repository/org/springframework/boot/spring-boot-starter-test/2.4.0/spring-boot-starter-test-2.4.0.jar:/Users/zhangcun/.m2/repository/org/springframework/boot/spring-boot-test/2.4.0/spring-boot-test-2.4.0.jar:/Users/zhangcun/.m2/repository/org/springframework/boot/spring-boot-test-autoconfigure/2.4.0/spring-boot-test-autoconfigure-2.4.0.jar:/Users/zhangcun/.m2/repository/com/jayway/jsonpath/json-path/2.4.0/json-path-2.4.0.jar:/Users/zhangcun/.m2/repository/net/minidev/json-smart/2.3/json-smart-2.3.jar:/Users/zhangcun/.m2/repository/net/minidev/accessors-smart/1.2/accessors-smart-1.2.jar:/Users/zhangcun/.m2/repository/org/ow2/asm/asm/5.0.4/asm-5.0.4.jar:/Users/zhangcun/.m2/repository/jakarta/xml/bind/jakarta.xml.bind-api/2.3.3/jakarta.xml.bind-api-2.3.3.jar:/Users/zhangcun/.m2/repository/jakarta/activation/jakarta.activation-api/1.2.2/jakarta.activation-api-1.2.2.jar:/Users/zhangcun/.m2/repository/org/assertj/assertj-core/3.18.1/assertj-core-3.18.1.jar:/Users/zhangcun/.m2/repository/org/hamcrest/hamcrest/2.2/hamcrest-2.2.jar:/Users/zhangcun/.m2/repository/org/junit/jupiter/junit-jupiter/5.7.0/junit-jupiter-5.7.0.jar:/Users/zhangcun/.m2/repository/org/junit/jupiter/junit-jupiter-api/5.7.0/junit-jupiter-api-5.7.0.jar:/Users/zhangcun/.m2/repository/org/apiguardian/apiguardian-api/1.1.0/apiguardian-api-1.1.0.jar:/Users/zhangcun/.m2/repository/org/opentest4j/opentest4j/1.2.0/opentest4j-1.2.0.jar:/Users/zhangcun/.m2/repository/org/junit/platform/junit-platform-commons/1.7.0/junit-platform-commons-1.7.0.jar:/Users/zhangcun/.m2/repository/org/junit/jupiter/junit-jupiter-params/5.7.0/junit-jupiter-params-5.7.0.jar:/Users/zhangcun/.m2/repository/org/junit/jupiter/junit-jupiter-engine/5.7.0/junit-jupiter-engine-5.7.0.jar:/Users/zhangcun/.m2/repository/org/junit/platform/junit-platform-engine/1.7.0/junit-platform-engine-1.7.0.jar:/Users/zhangcun/.m2/repository/org/mockito/mockito-core/3.6.0/mockito-core-3.6.0.jar:/Users/zhangcun/.m2/repository/net/bytebuddy/byte-buddy/1.10.18/byte-buddy-1.10.18.jar:/Users/zhangcun/.m2/repository/net/bytebuddy/byte-buddy-agent/1.10.18/byte-buddy-agent-1.10.18.jar:/Users/zhangcun/.m2/repository/org/objenesis/objenesis/3.1/objenesis-3.1.jar:/Users/zhangcun/.m2/repository/org/mockito/mockito-junit-jupiter/3.6.0/mockito-junit-jupiter-3.6.0.jar:/Users/zhangcun/.m2/repository/org/skyscreamer/jsonassert/1.5.0/jsonassert-1.5.0.jar:/Users/zhangcun/.m2/repository/com/vaadin/external/google/android-json/0.0.20131108.vaadin1/android-json-0.0.20131108.vaadin1.jar:/Users/zhangcun/.m2/repository/org/springframework/spring-core/5.3.1/spring-core-5.3.1.jar:/Users/zhangcun/.m2/repository/org/springframework/spring-jcl/5.3.1/spring-jcl-5.3.1.jar:/Users/zhangcun/.m2/repository/org/springframework/spring-test/5.3.1/spring-test-5.3.1.jar:/Users/zhangcun/.m2/repository/org/xmlunit/xmlunit-core/2.7.0/xmlunit-core-2.7.0.jar:"/>
    <property name="java.vm.vendor" value="Oracle Corporation"/>
    <property name="sun.arch.data.model" value="64"/>
    <property name="java.vendor.url" value="https://java.oracle.com/"/>
    <property name="os.name" value="Mac OS X"/>
    <property name="java.vm.specification.version" value="17"/>
    <property name="sun.java.launcher" value="SUN_STANDARD"/>
    <property name="user.country" value="CN"/>
    <property name="sun.boot.library.path" value="/Users/zhangcun/opt/jdk-17.0.13.jdk/Contents/Home/lib"/>
    <property name="sun.java.command" value="/Users/zhangcun/shangou/gulimall/gulimall-coupon/target/surefire/surefirebooter10431784440834455633.jar /Users/zhangcun/shangou/gulimall/gulimall-coupon/target/surefire 2025-01-20T22-25-48_852-jvmRun1 surefire12153506474479428637tmp surefire_011528697040913578818tmp"/>
    <property name="jdk.debug" value="release"/>
    <property name="surefire.test.class.path" value="/Users/zhangcun/shangou/gulimall/gulimall-coupon/target/test-classes:/Users/zhangcun/shangou/gulimall/gulimall-coupon/target/classes:/Users/zhangcun/shangou/gulimall/gulimall-common/target/gulimall-common-0.0.1-SNAPSHOT.jar:/Users/zhangcun/.m2/repository/com/baomidou/mybatis-plus-boot-starter/3.2.0/mybatis-plus-boot-starter-3.2.0.jar:/Users/zhangcun/.m2/repository/com/baomidou/mybatis-plus/3.2.0/mybatis-plus-3.2.0.jar:/Users/zhangcun/.m2/repository/org/springframework/boot/spring-boot-autoconfigure/2.4.0/spring-boot-autoconfigure-2.4.0.jar:/Users/zhangcun/.m2/repository/org/springframework/boot/spring-boot-starter-jdbc/2.4.0/spring-boot-starter-jdbc-2.4.0.jar:/Users/zhangcun/.m2/repository/com/zaxxer/HikariCP/3.4.5/HikariCP-3.4.5.jar:/Users/zhangcun/.m2/repository/org/springframework/spring-jdbc/5.3.1/spring-jdbc-5.3.1.jar:/Users/zhangcun/.m2/repository/org/springframework/spring-tx/5.3.1/spring-tx-5.3.1.jar:/Users/zhangcun/.m2/repository/commons-lang/commons-lang/2.6/commons-lang-2.6.jar:/Users/zhangcun/.m2/repository/org/apache/httpcomponents/httpcore/4.4.13/httpcore-4.4.13.jar:/Users/zhangcun/shangou/gulimall/renren-fast/target/renren-fast.jar:/Users/zhangcun/.m2/repository/org/springframework/boot/spring-boot-starter-aop/2.4.0/spring-boot-starter-aop-2.4.0.jar:/Users/zhangcun/.m2/repository/org/aspectj/aspectjweaver/1.9.6/aspectjweaver-1.9.6.jar:/Users/zhangcun/.m2/repository/org/springframework/spring-context-support/5.3.1/spring-context-support-5.3.1.jar:/Users/zhangcun/.m2/repository/org/springframework/boot/spring-boot-starter-data-redis/2.4.0/spring-boot-starter-data-redis-2.4.0.jar:/Users/zhangcun/.m2/repository/org/springframework/data/spring-data-redis/2.4.1/spring-data-redis-2.4.1.jar:/Users/zhangcun/.m2/repository/org/springframework/data/spring-data-keyvalue/2.4.1/spring-data-keyvalue-2.4.1.jar:/Users/zhangcun/.m2/repository/org/springframework/data/spring-data-commons/2.4.1/spring-data-commons-2.4.1.jar:/Users/zhangcun/.m2/repository/org/springframework/spring-oxm/5.3.1/spring-oxm-5.3.1.jar:/Users/zhangcun/.m2/repository/io/lettuce/lettuce-core/6.0.1.RELEASE/lettuce-core-6.0.1.RELEASE.jar:/Users/zhangcun/.m2/repository/io/netty/netty-common/4.1.54.Final/netty-common-4.1.54.Final.jar:/Users/zhangcun/.m2/repository/io/netty/netty-handler/4.1.54.Final/netty-handler-4.1.54.Final.jar:/Users/zhangcun/.m2/repository/io/netty/netty-resolver/4.1.54.Final/netty-resolver-4.1.54.Final.jar:/Users/zhangcun/.m2/repository/io/netty/netty-buffer/4.1.54.Final/netty-buffer-4.1.54.Final.jar:/Users/zhangcun/.m2/repository/io/netty/netty-codec/4.1.54.Final/netty-codec-4.1.54.Final.jar:/Users/zhangcun/.m2/repository/io/netty/netty-transport/4.1.54.Final/netty-transport-4.1.54.Final.jar:/Users/zhangcun/.m2/repository/io/projectreactor/reactor-core/3.4.0/reactor-core-3.4.0.jar:/Users/zhangcun/.m2/repository/org/reactivestreams/reactive-streams/1.0.3/reactive-streams-1.0.3.jar:/Users/zhangcun/.m2/repository/org/springframework/boot/spring-boot-starter-validation/2.4.0/spring-boot-starter-validation-2.4.0.jar:/Users/zhangcun/.m2/repository/org/hibernate/validator/hibernate-validator/6.1.6.Final/hibernate-validator-6.1.6.Final.jar:/Users/zhangcun/.m2/repository/jakarta/validation/jakarta.validation-api/2.0.2/jakarta.validation-api-2.0.2.jar:/Users/zhangcun/.m2/repository/org/jboss/logging/jboss-logging/3.4.1.Final/jboss-logging-3.4.1.Final.jar:/Users/zhangcun/.m2/repository/com/oracle/ojdbc6/11.2.0.3/ojdbc6-11.2.0.3.jar:/Users/zhangcun/.m2/repository/com/microsoft/sqlserver/sqljdbc4/4.0/sqljdbc4-4.0.jar:/Users/zhangcun/.m2/repository/org/postgresql/postgresql/42.2.18/postgresql-42.2.18.jar:/Users/zhangcun/.m2/repository/org/checkerframework/checker-qual/3.5.0/checker-qual-3.5.0.jar:/Users/zhangcun/.m2/repository/com/alibaba/druid-spring-boot-starter/1.1.13/druid-spring-boot-starter-1.1.13.jar:/Users/zhangcun/.m2/repository/com/alibaba/druid/1.1.13/druid-1.1.13.jar:/Users/zhangcun/.m2/repository/org/quartz-scheduler/quartz/2.3.2/quartz-2.3.2.jar:/Users/zhangcun/.m2/repository/com/mchange/mchange-commons-java/0.2.15/mchange-commons-java-0.2.15.jar:/Users/zhangcun/.m2/repository/commons-fileupload/commons-fileupload/1.2.2/commons-fileupload-1.2.2.jar:/Users/zhangcun/.m2/repository/commons-io/commons-io/2.5/commons-io-2.5.jar:/Users/zhangcun/.m2/repository/commons-codec/commons-codec/1.15/commons-codec-1.15.jar:/Users/zhangcun/.m2/repository/commons-configuration/commons-configuration/1.10/commons-configuration-1.10.jar:/Users/zhangcun/.m2/repository/commons-logging/commons-logging/1.1.1/commons-logging-1.1.1.jar:/Users/zhangcun/.m2/repository/org/apache/shiro/shiro-core/1.9.0/shiro-core-1.9.0.jar:/Users/zhangcun/.m2/repository/org/apache/shiro/shiro-lang/1.9.0/shiro-lang-1.9.0.jar:/Users/zhangcun/.m2/repository/org/apache/shiro/shiro-cache/1.9.0/shiro-cache-1.9.0.jar:/Users/zhangcun/.m2/repository/org/apache/shiro/shiro-crypto-hash/1.9.0/shiro-crypto-hash-1.9.0.jar:/Users/zhangcun/.m2/repository/org/apache/shiro/shiro-crypto-core/1.9.0/shiro-crypto-core-1.9.0.jar:/Users/zhangcun/.m2/repository/org/apache/shiro/shiro-crypto-cipher/1.9.0/shiro-crypto-cipher-1.9.0.jar:/Users/zhangcun/.m2/repository/org/apache/shiro/shiro-config-core/1.9.0/shiro-config-core-1.9.0.jar:/Users/zhangcun/.m2/repository/org/apache/shiro/shiro-config-ogdl/1.9.0/shiro-config-ogdl-1.9.0.jar:/Users/zhangcun/.m2/repository/commons-beanutils/commons-beanutils/1.9.4/commons-beanutils-1.9.4.jar:/Users/zhangcun/.m2/repository/commons-collections/commons-collections/3.2.2/commons-collections-3.2.2.jar:/Users/zhangcun/.m2/repository/org/apache/shiro/shiro-event/1.9.0/shiro-event-1.9.0.jar:/Users/zhangcun/.m2/repository/org/apache/shiro/shiro-spring/1.9.0/shiro-spring-1.9.0.jar:/Users/zhangcun/.m2/repository/org/apache/shiro/shiro-web/1.9.0/shiro-web-1.9.0.jar:/Users/zhangcun/.m2/repository/org/owasp/encoder/encoder/1.2.2/encoder-1.2.2.jar:/Users/zhangcun/.m2/repository/io/jsonwebtoken/jjwt/0.7.0/jjwt-0.7.0.jar:/Users/zhangcun/.m2/repository/com/github/axet/kaptcha/0.0.9/kaptcha-0.0.9.jar:/Users/zhangcun/.m2/repository/com/jhlabs/filters/2.0.235/filters-2.0.235.jar:/Users/zhangcun/.m2/repository/io/springfox/springfox-swagger2/2.7.0/springfox-swagger2-2.7.0.jar:/Users/zhangcun/.m2/repository/io/swagger/swagger-annotations/1.5.13/swagger-annotations-1.5.13.jar:/Users/zhangcun/.m2/repository/io/swagger/swagger-models/1.5.13/swagger-models-1.5.13.jar:/Users/zhangcun/.m2/repository/io/springfox/springfox-spi/2.7.0/springfox-spi-2.7.0.jar:/Users/zhangcun/.m2/repository/io/springfox/springfox-core/2.7.0/springfox-core-2.7.0.jar:/Users/zhangcun/.m2/repository/io/springfox/springfox-schema/2.7.0/springfox-schema-2.7.0.jar:/Users/zhangcun/.m2/repository/io/springfox/springfox-swagger-common/2.7.0/springfox-swagger-common-2.7.0.jar:/Users/zhangcun/.m2/repository/io/springfox/springfox-spring-web/2.7.0/springfox-spring-web-2.7.0.jar:/Users/zhangcun/.m2/repository/org/reflections/reflections/0.9.11/reflections-0.9.11.jar:/Users/zhangcun/.m2/repository/org/javassist/javassist/3.21.0-GA/javassist-3.21.0-GA.jar:/Users/zhangcun/.m2/repository/com/google/guava/guava/18.0/guava-18.0.jar:/Users/zhangcun/.m2/repository/com/fasterxml/classmate/1.5.1/classmate-1.5.1.jar:/Users/zhangcun/.m2/repository/org/springframework/plugin/spring-plugin-core/1.2.0.RELEASE/spring-plugin-core-1.2.0.RELEASE.jar:/Users/zhangcun/.m2/repository/org/springframework/plugin/spring-plugin-metadata/1.2.0.RELEASE/spring-plugin-metadata-1.2.0.RELEASE.jar:/Users/zhangcun/.m2/repository/org/mapstruct/mapstruct/1.1.0.Final/mapstruct-1.1.0.Final.jar:/Users/zhangcun/.m2/repository/io/springfox/springfox-swagger-ui/2.7.0/springfox-swagger-ui-2.7.0.jar:/Users/zhangcun/.m2/repository/com/qiniu/qiniu-java-sdk/7.2.23/qiniu-java-sdk-7.2.23.jar:/Users/zhangcun/.m2/repository/com/squareup/okhttp3/okhttp/3.14.9/okhttp-3.14.9.jar:/Users/zhangcun/.m2/repository/com/squareup/okio/okio/1.17.2/okio-1.17.2.jar:/Users/zhangcun/.m2/repository/com/aliyun/oss/aliyun-sdk-oss/2.8.3/aliyun-sdk-oss-2.8.3.jar:/Users/zhangcun/.m2/repository/org/apache/httpcomponents/httpclient/4.5.13/httpclient-4.5.13.jar:/Users/zhangcun/.m2/repository/org/jdom/jdom/1.1/jdom-1.1.jar:/Users/zhangcun/.m2/repository/com/qcloud/cos_api/4.4/cos_api-4.4.jar:/Users/zhangcun/.m2/repository/org/apache/httpcomponents/httpmime/4.5.13/httpmime-4.5.13.jar:/Users/zhangcun/.m2/repository/org/json/json/20140107/json-20140107.jar:/Users/zhangcun/.m2/repository/junit/junit/4.13.1/junit-4.13.1.jar:/Users/zhangcun/.m2/repository/org/hamcrest/hamcrest-core/2.2/hamcrest-core-2.2.jar:/Users/zhangcun/.m2/repository/joda-time/joda-time/2.9.9/joda-time-2.9.9.jar:/Users/zhangcun/.m2/repository/com/google/code/gson/gson/2.8.6/gson-2.8.6.jar:/Users/zhangcun/.m2/repository/com/alibaba/fastjson/1.2.79/fastjson-1.2.79.jar:/Users/zhangcun/.m2/repository/cn/hutool/hutool-all/4.1.1/hutool-all-4.1.1.jar:/Users/zhangcun/.m2/repository/com/baomidou/mybatis-plus-extension/3.3.1/mybatis-plus-extension-3.3.1.jar:/Users/zhangcun/.m2/repository/com/baomidou/mybatis-plus-core/3.3.1/mybatis-plus-core-3.3.1.jar:/Users/zhangcun/.m2/repository/com/baomidou/mybatis-plus-annotation/3.3.1/mybatis-plus-annotation-3.3.1.jar:/Users/zhangcun/.m2/repository/com/github/jsqlparser/jsqlparser/3.1/jsqlparser-3.1.jar:/Users/zhangcun/.m2/repository/org/mybatis/mybatis/3.5.3/mybatis-3.5.3.jar:/Users/zhangcun/.m2/repository/org/mybatis/mybatis-spring/2.0.3/mybatis-spring-2.0.3.jar:/Users/zhangcun/.m2/repository/mysql/mysql-connector-java/8.0.22/mysql-connector-java-8.0.22.jar:/Users/zhangcun/.m2/repository/org/springframework/boot/spring-boot-starter/2.4.0/spring-boot-starter-2.4.0.jar:/Users/zhangcun/.m2/repository/org/springframework/boot/spring-boot/2.4.0/spring-boot-2.4.0.jar:/Users/zhangcun/.m2/repository/org/springframework/boot/spring-boot-starter-logging/2.4.0/spring-boot-starter-logging-2.4.0.jar:/Users/zhangcun/.m2/repository/ch/qos/logback/logback-classic/1.2.3/logback-classic-1.2.3.jar:/Users/zhangcun/.m2/repository/ch/qos/logback/logback-core/1.2.3/logback-core-1.2.3.jar:/Users/zhangcun/.m2/repository/org/apache/logging/log4j/log4j-to-slf4j/2.13.3/log4j-to-slf4j-2.13.3.jar:/Users/zhangcun/.m2/repository/org/apache/logging/log4j/log4j-api/2.13.3/log4j-api-2.13.3.jar:/Users/zhangcun/.m2/repository/org/slf4j/jul-to-slf4j/1.7.30/jul-to-slf4j-1.7.30.jar:/Users/zhangcun/.m2/repository/jakarta/annotation/jakarta.annotation-api/1.3.5/jakarta.annotation-api-1.3.5.jar:/Users/zhangcun/.m2/repository/org/yaml/snakeyaml/1.27/snakeyaml-1.27.jar:/Users/zhangcun/.m2/repository/org/projectlombok/lombok/1.18.24/lombok-1.18.24.jar:/Users/zhangcun/.m2/repository/org/springframework/boot/spring-boot-starter-web/2.4.0/spring-boot-starter-web-2.4.0.jar:/Users/zhangcun/.m2/repository/org/springframework/boot/spring-boot-starter-json/2.4.0/spring-boot-starter-json-2.4.0.jar:/Users/zhangcun/.m2/repository/com/fasterxml/jackson/core/jackson-databind/2.11.3/jackson-databind-2.11.3.jar:/Users/zhangcun/.m2/repository/com/fasterxml/jackson/core/jackson-annotations/2.11.3/jackson-annotations-2.11.3.jar:/Users/zhangcun/.m2/repository/com/fasterxml/jackson/core/jackson-core/2.11.3/jackson-core-2.11.3.jar:/Users/zhangcun/.m2/repository/com/fasterxml/jackson/datatype/jackson-datatype-jdk8/2.11.3/jackson-datatype-jdk8-2.11.3.jar:/Users/zhangcun/.m2/repository/com/fasterxml/jackson/datatype/jackson-datatype-jsr310/2.11.3/jackson-datatype-jsr310-2.11.3.jar:/Users/zhangcun/.m2/repository/com/fasterxml/jackson/module/jackson-module-parameter-names/2.11.3/jackson-module-parameter-names-2.11.3.jar:/Users/zhangcun/.m2/repository/org/springframework/boot/spring-boot-starter-tomcat/2.4.0/spring-boot-starter-tomcat-2.4.0.jar:/Users/zhangcun/.m2/repository/org/apache/tomcat/embed/tomcat-embed-core/9.0.39/tomcat-embed-core-9.0.39.jar:/Users/zhangcun/.m2/repository/org/glassfish/jakarta.el/3.0.3/jakarta.el-3.0.3.jar:/Users/zhangcun/.m2/repository/org/apache/tomcat/embed/tomcat-embed-websocket/9.0.39/tomcat-embed-websocket-9.0.39.jar:/Users/zhangcun/.m2/repository/org/springframework/spring-web/5.3.1/spring-web-5.3.1.jar:/Users/zhangcun/.m2/repository/org/springframework/spring-beans/5.3.1/spring-beans-5.3.1.jar:/Users/zhangcun/.m2/repository/org/springframework/spring-webmvc/5.3.1/spring-webmvc-5.3.1.jar:/Users/zhangcun/.m2/repository/org/springframework/spring-aop/5.3.1/spring-aop-5.3.1.jar:/Users/zhangcun/.m2/repository/org/springframework/spring-context/5.3.1/spring-context-5.3.1.jar:/Users/zhangcun/.m2/repository/org/springframework/spring-expression/5.3.1/spring-expression-5.3.1.jar:/Users/zhangcun/.m2/repository/org/springframework/cloud/spring-cloud-starter-openfeign/4.1.0/spring-cloud-starter-openfeign-4.1.0.jar:/Users/zhangcun/.m2/repository/org/springframework/cloud/spring-cloud-starter/4.2.0-RC1/spring-cloud-starter-4.2.0-RC1.jar:/Users/zhangcun/.m2/repository/org/springframework/cloud/spring-cloud-context/4.2.0-RC1/spring-cloud-context-4.2.0-RC1.jar:/Users/zhangcun/.m2/repository/org/bouncycastle/bcprov-jdk18on/1.78.1/bcprov-jdk18on-1.78.1.jar:/Users/zhangcun/.m2/repository/org/springframework/cloud/spring-cloud-openfeign-core/4.2.0-RC1/spring-cloud-openfeign-core-4.2.0-RC1.jar:/Users/zhangcun/.m2/repository/io/github/openfeign/feign-form-spring/13.5/feign-form-spring-13.5.jar:/Users/zhangcun/.m2/repository/io/github/openfeign/feign-form/13.5/feign-form-13.5.jar:/Users/zhangcun/.m2/repository/org/springframework/cloud/spring-cloud-commons/4.2.0-RC1/spring-cloud-commons-4.2.0-RC1.jar:/Users/zhangcun/.m2/repository/org/springframework/security/spring-security-crypto/5.4.1/spring-security-crypto-5.4.1.jar:/Users/zhangcun/.m2/repository/io/github/openfeign/feign-core/13.5/feign-core-13.5.jar:/Users/zhangcun/.m2/repository/io/github/openfeign/feign-slf4j/13.5/feign-slf4j-13.5.jar:/Users/zhangcun/.m2/repository/org/slf4j/slf4j-api/1.7.30/slf4j-api-1.7.30.jar:/Users/zhangcun/.m2/repository/org/springframework/boot/spring-boot-starter-test/2.4.0/spring-boot-starter-test-2.4.0.jar:/Users/zhangcun/.m2/repository/org/springframework/boot/spring-boot-test/2.4.0/spring-boot-test-2.4.0.jar:/Users/zhangcun/.m2/repository/org/springframework/boot/spring-boot-test-autoconfigure/2.4.0/spring-boot-test-autoconfigure-2.4.0.jar:/Users/zhangcun/.m2/repository/com/jayway/jsonpath/json-path/2.4.0/json-path-2.4.0.jar:/Users/zhangcun/.m2/repository/net/minidev/json-smart/2.3/json-smart-2.3.jar:/Users/zhangcun/.m2/repository/net/minidev/accessors-smart/1.2/accessors-smart-1.2.jar:/Users/zhangcun/.m2/repository/org/ow2/asm/asm/5.0.4/asm-5.0.4.jar:/Users/zhangcun/.m2/repository/jakarta/xml/bind/jakarta.xml.bind-api/2.3.3/jakarta.xml.bind-api-2.3.3.jar:/Users/zhangcun/.m2/repository/jakarta/activation/jakarta.activation-api/1.2.2/jakarta.activation-api-1.2.2.jar:/Users/zhangcun/.m2/repository/org/assertj/assertj-core/3.18.1/assertj-core-3.18.1.jar:/Users/zhangcun/.m2/repository/org/hamcrest/hamcrest/2.2/hamcrest-2.2.jar:/Users/zhangcun/.m2/repository/org/junit/jupiter/junit-jupiter/5.7.0/junit-jupiter-5.7.0.jar:/Users/zhangcun/.m2/repository/org/junit/jupiter/junit-jupiter-api/5.7.0/junit-jupiter-api-5.7.0.jar:/Users/zhangcun/.m2/repository/org/apiguardian/apiguardian-api/1.1.0/apiguardian-api-1.1.0.jar:/Users/zhangcun/.m2/repository/org/opentest4j/opentest4j/1.2.0/opentest4j-1.2.0.jar:/Users/zhangcun/.m2/repository/org/junit/platform/junit-platform-commons/1.7.0/junit-platform-commons-1.7.0.jar:/Users/zhangcun/.m2/repository/org/junit/jupiter/junit-jupiter-params/5.7.0/junit-jupiter-params-5.7.0.jar:/Users/zhangcun/.m2/repository/org/junit/jupiter/junit-jupiter-engine/5.7.0/junit-jupiter-engine-5.7.0.jar:/Users/zhangcun/.m2/repository/org/junit/platform/junit-platform-engine/1.7.0/junit-platform-engine-1.7.0.jar:/Users/zhangcun/.m2/repository/org/mockito/mockito-core/3.6.0/mockito-core-3.6.0.jar:/Users/zhangcun/.m2/repository/net/bytebuddy/byte-buddy/1.10.18/byte-buddy-1.10.18.jar:/Users/zhangcun/.m2/repository/net/bytebuddy/byte-buddy-agent/1.10.18/byte-buddy-agent-1.10.18.jar:/Users/zhangcun/.m2/repository/org/objenesis/objenesis/3.1/objenesis-3.1.jar:/Users/zhangcun/.m2/repository/org/mockito/mockito-junit-jupiter/3.6.0/mockito-junit-jupiter-3.6.0.jar:/Users/zhangcun/.m2/repository/org/skyscreamer/jsonassert/1.5.0/jsonassert-1.5.0.jar:/Users/zhangcun/.m2/repository/com/vaadin/external/google/android-json/0.0.20131108.vaadin1/android-json-0.0.20131108.vaadin1.jar:/Users/zhangcun/.m2/repository/org/springframework/spring-core/5.3.1/spring-core-5.3.1.jar:/Users/zhangcun/.m2/repository/org/springframework/spring-jcl/5.3.1/spring-jcl-5.3.1.jar:/Users/zhangcun/.m2/repository/org/springframework/spring-test/5.3.1/spring-test-5.3.1.jar:/Users/zhangcun/.m2/repository/org/xmlunit/xmlunit-core/2.7.0/xmlunit-core-2.7.0.jar:"/>
    <property name="sun.cpu.endian" value="little"/>
    <property name="user.home" value="/Users/zhangcun"/>
    <property name="user.language" value="zh"/>
    <property name="java.specification.vendor" value="Oracle Corporation"/>
    <property name="java.version.date" value="2024-10-15"/>
    <property name="java.home" value="/Users/zhangcun/opt/jdk-17.0.13.jdk/Contents/Home"/>
    <property name="file.separator" value="/"/>
    <property name="basedir" value="/Users/zhangcun/shangou/gulimall/gulimall-coupon"/>
    <property name="java.vm.compressedOopsMode" value="Zero based"/>
    <property name="line.separator" value="&#10;"/>
    <property name="java.specification.name" value="Java Platform API Specification"/>
    <property name="java.vm.specification.vendor" value="Oracle Corporation"/>
    <property name="surefire.real.class.path" value="/Users/zhangcun/shangou/gulimall/gulimall-coupon/target/surefire/surefirebooter10431784440834455633.jar"/>
    <property name="user.script" value="Hans"/>
    <property name="sun.management.compiler" value="HotSpot 64-Bit Tiered Compilers"/>
    <property name="java.runtime.version" value="17.0.13+10-LTS-268"/>
    <property name="user.name" value="zhangcun"/>
    <property name="path.separator" value=":"/>
    <property name="os.version" value="14.2"/>
    <property name="java.runtime.name" value="Java(TM) SE Runtime Environment"/>
    <property name="file.encoding" value="UTF-8"/>
    <property name="java.vm.name" value="Java HotSpot(TM) 64-Bit Server VM"/>
    <property name="localRepository" value="/Users/zhangcun/.m2/repository"/>
    <property name="java.vendor.url.bug" value="https://bugreport.java.com/bugreport/"/>
    <property name="java.io.tmpdir" value="/var/folders/hn/c8rj9vps65x1rpq26klvm2t80000gn/T/"/>
    <property name="java.version" value="17.0.13"/>
    <property name="user.dir" value="/Users/zhangcun/shangou/gulimall/gulimall-coupon"/>
    <property name="os.arch" value="aarch64"/>
    <property name="java.vm.specification.name" value="Java Virtual Machine Specification"/>
    <property name="native.encoding" value="UTF-8"/>
    <property name="java.library.path" value="/Users/zhangcun/Library/Java/Extensions:/Library/Java/Extensions:/Network/Library/Java/Extensions:/System/Library/Java/Extensions:/usr/lib/java:."/>
    <property name="java.vm.info" value="mixed mode, sharing"/>
    <property name="java.vendor" value="Oracle Corporation"/>
    <property name="java.vm.version" value="17.0.13+10-LTS-268"/>
    <property name="java.specification.maintenance.version" value="1"/>
    <property name="sun.io.unicode.encoding" value="UnicodeBig"/>
    <property name="java.class.version" value="61.0"/>
  </properties>
  <testcase name="com.atguigu.gulimall.gulimallcoupon.GulimallCouponApplicationTests" classname="com.atguigu.gulimall.gulimallcoupon.GulimallCouponApplicationTests" time="0.124">
    <error message="Unable to find a @SpringBootConfiguration, you need to use @ContextConfiguration or @SpringBootTest(classes=...) with your test" type="java.lang.IllegalStateException">java.lang.IllegalStateException: Unable to find a @SpringBootConfiguration, you need to use @ContextConfiguration or @SpringBootTest(classes=...) with your test
</error>
    <system-out><![CDATA[22:25:49.124 [main] DEBUG org.springframework.test.context.BootstrapUtils - Instantiating CacheAwareContextLoaderDelegate from class [org.springframework.test.context.cache.DefaultCacheAwareContextLoaderDelegate]
22:25:49.131 [main] DEBUG org.springframework.test.context.BootstrapUtils - Instantiating BootstrapContext using constructor [public org.springframework.test.context.support.DefaultBootstrapContext(java.lang.Class,org.springframework.test.context.CacheAwareContextLoaderDelegate)]
22:25:49.144 [main] DEBUG org.springframework.test.context.BootstrapUtils - Instantiating TestContextBootstrapper for test class [com.atguigu.gulimall.gulimallcoupon.GulimallCouponApplicationTests] from class [org.springframework.boot.test.context.SpringBootTestContextBootstrapper]
22:25:49.149 [main] INFO org.springframework.boot.test.context.SpringBootTestContextBootstrapper - Neither @ContextConfiguration nor @ContextHierarchy found for test class [com.atguigu.gulimall.gulimallcoupon.GulimallCouponApplicationTests], using SpringBootContextLoader
22:25:49.152 [main] DEBUG org.springframework.test.context.support.AbstractContextLoader - Did not detect default resource location for test class [com.atguigu.gulimall.gulimallcoupon.GulimallCouponApplicationTests]: class path resource [com/atguigu/gulimall/gulimallcoupon/GulimallCouponApplicationTests-context.xml] does not exist
22:25:49.152 [main] DEBUG org.springframework.test.context.support.AbstractContextLoader - Did not detect default resource location for test class [com.atguigu.gulimall.gulimallcoupon.GulimallCouponApplicationTests]: class path resource [com/atguigu/gulimall/gulimallcoupon/GulimallCouponApplicationTestsContext.groovy] does not exist
22:25:49.152 [main] INFO org.springframework.test.context.support.AbstractContextLoader - Could not detect default resource locations for test class [com.atguigu.gulimall.gulimallcoupon.GulimallCouponApplicationTests]: no resource found for suffixes {-context.xml, Context.groovy}.
22:25:49.152 [main] INFO org.springframework.test.context.support.AnnotationConfigContextLoaderUtils - Could not detect default configuration classes for test class [com.atguigu.gulimall.gulimallcoupon.GulimallCouponApplicationTests]: GulimallCouponApplicationTests does not declare any static, non-private, non-final, nested classes annotated with @Configuration.
22:25:49.169 [main] DEBUG org.springframework.test.context.support.ActiveProfilesUtils - Could not find an 'annotation declaring class' for annotation type [org.springframework.test.context.ActiveProfiles] and class [com.atguigu.gulimall.gulimallcoupon.GulimallCouponApplicationTests]
22:25:49.194 [main] DEBUG org.springframework.test.context.BootstrapUtils - Instantiating CacheAwareContextLoaderDelegate from class [org.springframework.test.context.cache.DefaultCacheAwareContextLoaderDelegate]
22:25:49.194 [main] DEBUG org.springframework.test.context.BootstrapUtils - Instantiating BootstrapContext using constructor [public org.springframework.test.context.support.DefaultBootstrapContext(java.lang.Class,org.springframework.test.context.CacheAwareContextLoaderDelegate)]
22:25:49.194 [main] DEBUG org.springframework.test.context.BootstrapUtils - Instantiating TestContextBootstrapper for test class [com.atguigu.gulimall.gulimallcoupon.GulimallCouponApplicationTests] from class [org.springframework.boot.test.context.SpringBootTestContextBootstrapper]
22:25:49.194 [main] INFO org.springframework.boot.test.context.SpringBootTestContextBootstrapper - Neither @ContextConfiguration nor @ContextHierarchy found for test class [com.atguigu.gulimall.gulimallcoupon.GulimallCouponApplicationTests], using SpringBootContextLoader
22:25:49.195 [main] DEBUG org.springframework.test.context.support.AbstractContextLoader - Did not detect default resource location for test class [com.atguigu.gulimall.gulimallcoupon.GulimallCouponApplicationTests]: class path resource [com/atguigu/gulimall/gulimallcoupon/GulimallCouponApplicationTests-context.xml] does not exist
22:25:49.195 [main] DEBUG org.springframework.test.context.support.AbstractContextLoader - Did not detect default resource location for test class [com.atguigu.gulimall.gulimallcoupon.GulimallCouponApplicationTests]: class path resource [com/atguigu/gulimall/gulimallcoupon/GulimallCouponApplicationTestsContext.groovy] does not exist
22:25:49.195 [main] INFO org.springframework.test.context.support.AbstractContextLoader - Could not detect default resource locations for test class [com.atguigu.gulimall.gulimallcoupon.GulimallCouponApplicationTests]: no resource found for suffixes {-context.xml, Context.groovy}.
22:25:49.195 [main] INFO org.springframework.test.context.support.AnnotationConfigContextLoaderUtils - Could not detect default configuration classes for test class [com.atguigu.gulimall.gulimallcoupon.GulimallCouponApplicationTests]: GulimallCouponApplicationTests does not declare any static, non-private, non-final, nested classes annotated with @Configuration.
22:25:49.195 [main] DEBUG org.springframework.test.context.support.ActiveProfilesUtils - Could not find an 'annotation declaring class' for annotation type [org.springframework.test.context.ActiveProfiles] and class [com.atguigu.gulimall.gulimallcoupon.GulimallCouponApplicationTests]
22:25:49.203 [main] DEBUG org.springframework.test.context.BootstrapUtils - Instantiating CacheAwareContextLoaderDelegate from class [org.springframework.test.context.cache.DefaultCacheAwareContextLoaderDelegate]
22:25:49.204 [main] DEBUG org.springframework.test.context.BootstrapUtils - Instantiating BootstrapContext using constructor [public org.springframework.test.context.support.DefaultBootstrapContext(java.lang.Class,org.springframework.test.context.CacheAwareContextLoaderDelegate)]
22:25:49.204 [main] DEBUG org.springframework.test.context.BootstrapUtils - Instantiating TestContextBootstrapper for test class [com.atguigu.gulimall.gulimallcoupon.GulimallCouponApplicationTests] from class [org.springframework.boot.test.context.SpringBootTestContextBootstrapper]
22:25:49.204 [main] INFO org.springframework.boot.test.context.SpringBootTestContextBootstrapper - Neither @ContextConfiguration nor @ContextHierarchy found for test class [com.atguigu.gulimall.gulimallcoupon.GulimallCouponApplicationTests], using SpringBootContextLoader
22:25:49.204 [main] DEBUG org.springframework.test.context.support.AbstractContextLoader - Did not detect default resource location for test class [com.atguigu.gulimall.gulimallcoupon.GulimallCouponApplicationTests]: class path resource [com/atguigu/gulimall/gulimallcoupon/GulimallCouponApplicationTests-context.xml] does not exist
22:25:49.204 [main] DEBUG org.springframework.test.context.support.AbstractContextLoader - Did not detect default resource location for test class [com.atguigu.gulimall.gulimallcoupon.GulimallCouponApplicationTests]: class path resource [com/atguigu/gulimall/gulimallcoupon/GulimallCouponApplicationTestsContext.groovy] does not exist
22:25:49.204 [main] INFO org.springframework.test.context.support.AbstractContextLoader - Could not detect default resource locations for test class [com.atguigu.gulimall.gulimallcoupon.GulimallCouponApplicationTests]: no resource found for suffixes {-context.xml, Context.groovy}.
22:25:49.204 [main] INFO org.springframework.test.context.support.AnnotationConfigContextLoaderUtils - Could not detect default configuration classes for test class [com.atguigu.gulimall.gulimallcoupon.GulimallCouponApplicationTests]: GulimallCouponApplicationTests does not declare any static, non-private, non-final, nested classes annotated with @Configuration.
22:25:49.205 [main] DEBUG org.springframework.test.context.support.ActiveProfilesUtils - Could not find an 'annotation declaring class' for annotation type [org.springframework.test.context.ActiveProfiles] and class [com.atguigu.gulimall.gulimallcoupon.GulimallCouponApplicationTests]
]]></system-out>
  </testcase>
</testsuite>