<?xml version="1.0" encoding="UTF-8"?>
<testsuite xmlns:xsi="http://www.w3.org/2001/XMLSchema-instance" xsi:noNamespaceSchemaLocation="https://maven.apache.org/surefire/maven-surefire-plugin/xsd/surefire-test-report.xsd" name="com.atguigu.gulimall.product.GulimallProductApplicationTests" time="6.969" tests="1" errors="0" skipped="0" failures="0">
  <properties>
    <property name="socksProxyHost" value="127.0.0.1"/>
    <property name="http.proxyHost" value="127.0.0.1"/>
    <property name="java.specification.version" value="17"/>
    <property name="sun.jnu.encoding" value="UTF-8"/>
    <property name="java.class.path" value="/Users/zhangcun/shangou/gulimall/gulimall-product/target/test-classes:/Users/zhangcun/shangou/gulimall/gulimall-product/target/classes:/Users/zhangcun/shangou/gulimall/gulimall-common/target/classes:/Users/zhangcun/.m2/repository/com/baomidou/mybatis-plus-boot-starter/3.2.0/mybatis-plus-boot-starter-3.2.0.jar:/Users/zhangcun/.m2/repository/com/baomidou/mybatis-plus/3.2.0/mybatis-plus-3.2.0.jar:/Users/zhangcun/.m2/repository/com/baomidou/mybatis-plus-extension/3.2.0/mybatis-plus-extension-3.2.0.jar:/Users/zhangcun/.m2/repository/com/baomidou/mybatis-plus-core/3.2.0/mybatis-plus-core-3.2.0.jar:/Users/zhangcun/.m2/repository/com/baomidou/mybatis-plus-annotation/3.2.0/mybatis-plus-annotation-3.2.0.jar:/Users/zhangcun/.m2/repository/com/github/jsqlparser/jsqlparser/2.1/jsqlparser-2.1.jar:/Users/zhangcun/.m2/repository/org/mybatis/mybatis/3.5.2/mybatis-3.5.2.jar:/Users/zhangcun/.m2/repository/org/mybatis/mybatis-spring/2.0.2/mybatis-spring-2.0.2.jar:/Users/zhangcun/.m2/repository/org/springframework/boot/spring-boot-autoconfigure/2.4.0/spring-boot-autoconfigure-2.4.0.jar:/Users/zhangcun/.m2/repository/org/springframework/boot/spring-boot-starter-jdbc/2.4.0/spring-boot-starter-jdbc-2.4.0.jar:/Users/zhangcun/.m2/repository/com/zaxxer/HikariCP/3.4.5/HikariCP-3.4.5.jar:/Users/zhangcun/.m2/repository/org/springframework/spring-jdbc/5.3.1/spring-jdbc-5.3.1.jar:/Users/zhangcun/.m2/repository/org/springframework/spring-tx/5.3.1/spring-tx-5.3.1.jar:/Users/zhangcun/.m2/repository/commons-lang/commons-lang/2.6/commons-lang-2.6.jar:/Users/zhangcun/.m2/repository/org/apache/httpcomponents/httpcore/4.4.13/httpcore-4.4.13.jar:/Users/zhangcun/.m2/repository/mysql/mysql-connector-java/8.0.22/mysql-connector-java-8.0.22.jar:/Users/zhangcun/.m2/repository/jakarta/validation/jakarta.validation-api/2.0.2/jakarta.validation-api-2.0.2.jar:/Users/zhangcun/.m2/repository/com/alibaba/cloud/spring-cloud-starter-alibaba-nacos-discovery/2021.1/spring-cloud-starter-alibaba-nacos-discovery-2021.1.jar:/Users/zhangcun/.m2/repository/com/alibaba/cloud/spring-cloud-alibaba-commons/2021.1/spring-cloud-alibaba-commons-2021.1.jar:/Users/zhangcun/.m2/repository/com/alibaba/nacos/nacos-client/1.4.1/nacos-client-1.4.1.jar:/Users/zhangcun/.m2/repository/com/alibaba/nacos/nacos-common/1.4.1/nacos-common-1.4.1.jar:/Users/zhangcun/.m2/repository/commons-io/commons-io/2.2/commons-io-2.2.jar:/Users/zhangcun/.m2/repository/org/apache/httpcomponents/httpasyncclient/4.1.4/httpasyncclient-4.1.4.jar:/Users/zhangcun/.m2/repository/org/apache/httpcomponents/httpcore-nio/4.4.13/httpcore-nio-4.4.13.jar:/Users/zhangcun/.m2/repository/org/apache/httpcomponents/httpclient/4.5.13/httpclient-4.5.13.jar:/Users/zhangcun/.m2/repository/com/alibaba/nacos/nacos-api/1.4.1/nacos-api-1.4.1.jar:/Users/zhangcun/.m2/repository/com/google/guava/guava/24.1.1-jre/guava-24.1.1-jre.jar:/Users/zhangcun/.m2/repository/com/google/code/findbugs/jsr305/1.3.9/jsr305-1.3.9.jar:/Users/zhangcun/.m2/repository/org/checkerframework/checker-compat-qual/2.0.0/checker-compat-qual-2.0.0.jar:/Users/zhangcun/.m2/repository/com/google/errorprone/error_prone_annotations/2.1.3/error_prone_annotations-2.1.3.jar:/Users/zhangcun/.m2/repository/com/google/j2objc/j2objc-annotations/1.1/j2objc-annotations-1.1.jar:/Users/zhangcun/.m2/repository/org/codehaus/mojo/animal-sniffer-annotations/1.14/animal-sniffer-annotations-1.14.jar:/Users/zhangcun/.m2/repository/commons-codec/commons-codec/1.15/commons-codec-1.15.jar:/Users/zhangcun/.m2/repository/com/fasterxml/jackson/core/jackson-core/2.11.3/jackson-core-2.11.3.jar:/Users/zhangcun/.m2/repository/com/fasterxml/jackson/core/jackson-databind/2.11.3/jackson-databind-2.11.3.jar:/Users/zhangcun/.m2/repository/com/fasterxml/jackson/core/jackson-annotations/2.11.3/jackson-annotations-2.11.3.jar:/Users/zhangcun/.m2/repository/io/prometheus/simpleclient/0.5.0/simpleclient-0.5.0.jar:/Users/zhangcun/.m2/repository/com/alibaba/spring/spring-context-support/1.0.10/spring-context-support-1.0.10.jar:/Users/zhangcun/.m2/repository/org/springframework/cloud/spring-cloud-commons/3.0.1/spring-cloud-commons-3.0.1.jar:/Users/zhangcun/.m2/repository/org/springframework/security/spring-security-crypto/5.4.1/spring-security-crypto-5.4.1.jar:/Users/zhangcun/.m2/repository/org/springframework/cloud/spring-cloud-context/3.0.1/spring-cloud-context-3.0.1.jar:/Users/zhangcun/.m2/repository/com/alibaba/cloud/spring-cloud-starter-alibaba-nacos-config/2021.1/spring-cloud-starter-alibaba-nacos-config-2021.1.jar:/Users/zhangcun/.m2/repository/org/springframework/cloud/spring-cloud-starter-bootstrap/3.1.0/spring-cloud-starter-bootstrap-3.1.0.jar:/Users/zhangcun/.m2/repository/org/springframework/cloud/spring-cloud-starter/3.1.0/spring-cloud-starter-3.1.0.jar:/Users/zhangcun/.m2/repository/org/springframework/security/spring-security-rsa/1.0.10.RELEASE/spring-security-rsa-1.0.10.RELEASE.jar:/Users/zhangcun/.m2/repository/org/bouncycastle/bcpkix-jdk15on/1.68/bcpkix-jdk15on-1.68.jar:/Users/zhangcun/.m2/repository/org/bouncycastle/bcprov-jdk15on/1.68/bcprov-jdk15on-1.68.jar:/Users/zhangcun/.m2/repository/org/springframework/cloud/spring-cloud-starter-loadbalancer/3.0.0/spring-cloud-starter-loadbalancer-3.0.0.jar:/Users/zhangcun/.m2/repository/org/springframework/cloud/spring-cloud-loadbalancer/3.0.0/spring-cloud-loadbalancer-3.0.0.jar:/Users/zhangcun/.m2/repository/org/springframework/boot/spring-boot-starter-validation/2.4.0/spring-boot-starter-validation-2.4.0.jar:/Users/zhangcun/.m2/repository/org/glassfish/jakarta.el/3.0.3/jakarta.el-3.0.3.jar:/Users/zhangcun/.m2/repository/org/hibernate/validator/hibernate-validator/6.1.6.Final/hibernate-validator-6.1.6.Final.jar:/Users/zhangcun/.m2/repository/org/jboss/logging/jboss-logging/3.4.1.Final/jboss-logging-3.4.1.Final.jar:/Users/zhangcun/.m2/repository/com/fasterxml/classmate/1.5.1/classmate-1.5.1.jar:/Users/zhangcun/.m2/repository/io/projectreactor/reactor-core/3.4.0/reactor-core-3.4.0.jar:/Users/zhangcun/.m2/repository/org/reactivestreams/reactive-streams/1.0.3/reactive-streams-1.0.3.jar:/Users/zhangcun/.m2/repository/io/projectreactor/addons/reactor-extra/3.4.0/reactor-extra-3.4.0.jar:/Users/zhangcun/.m2/repository/org/springframework/boot/spring-boot-starter-cache/2.4.0/spring-boot-starter-cache-2.4.0.jar:/Users/zhangcun/.m2/repository/org/springframework/spring-context-support/5.3.1/spring-context-support-5.3.1.jar:/Users/zhangcun/.m2/repository/com/stoyanr/evictor/1.0.0/evictor-1.0.0.jar:/Users/zhangcun/.m2/repository/org/springframework/cloud/spring-cloud-starter-gateway/3.0.0/spring-cloud-starter-gateway-3.0.0.jar:/Users/zhangcun/.m2/repository/org/springframework/cloud/spring-cloud-gateway-server/3.0.0/spring-cloud-gateway-server-3.0.0.jar:/Users/zhangcun/.m2/repository/org/springframework/boot/spring-boot-starter-webflux/2.4.0/spring-boot-starter-webflux-2.4.0.jar:/Users/zhangcun/.m2/repository/org/springframework/boot/spring-boot-starter-json/2.4.0/spring-boot-starter-json-2.4.0.jar:/Users/zhangcun/.m2/repository/com/fasterxml/jackson/datatype/jackson-datatype-jdk8/2.11.3/jackson-datatype-jdk8-2.11.3.jar:/Users/zhangcun/.m2/repository/com/fasterxml/jackson/datatype/jackson-datatype-jsr310/2.11.3/jackson-datatype-jsr310-2.11.3.jar:/Users/zhangcun/.m2/repository/com/fasterxml/jackson/module/jackson-module-parameter-names/2.11.3/jackson-module-parameter-names-2.11.3.jar:/Users/zhangcun/.m2/repository/org/springframework/boot/spring-boot-starter-reactor-netty/2.4.0/spring-boot-starter-reactor-netty-2.4.0.jar:/Users/zhangcun/.m2/repository/io/projectreactor/netty/reactor-netty-http/1.0.1/reactor-netty-http-1.0.1.jar:/Users/zhangcun/.m2/repository/io/netty/netty-codec-http/4.1.54.Final/netty-codec-http-4.1.54.Final.jar:/Users/zhangcun/.m2/repository/io/netty/netty-common/4.1.54.Final/netty-common-4.1.54.Final.jar:/Users/zhangcun/.m2/repository/io/netty/netty-buffer/4.1.54.Final/netty-buffer-4.1.54.Final.jar:/Users/zhangcun/.m2/repository/io/netty/netty-transport/4.1.54.Final/netty-transport-4.1.54.Final.jar:/Users/zhangcun/.m2/repository/io/netty/netty-codec/4.1.54.Final/netty-codec-4.1.54.Final.jar:/Users/zhangcun/.m2/repository/io/netty/netty-handler/4.1.54.Final/netty-handler-4.1.54.Final.jar:/Users/zhangcun/.m2/repository/io/netty/netty-codec-http2/4.1.54.Final/netty-codec-http2-4.1.54.Final.jar:/Users/zhangcun/.m2/repository/io/netty/netty-resolver-dns/4.1.54.Final/netty-resolver-dns-4.1.54.Final.jar:/Users/zhangcun/.m2/repository/io/netty/netty-resolver/4.1.54.Final/netty-resolver-4.1.54.Final.jar:/Users/zhangcun/.m2/repository/io/netty/netty-codec-dns/4.1.54.Final/netty-codec-dns-4.1.54.Final.jar:/Users/zhangcun/.m2/repository/io/netty/netty-transport-native-epoll/4.1.54.Final/netty-transport-native-epoll-4.1.54.Final-linux-x86_64.jar:/Users/zhangcun/.m2/repository/io/netty/netty-transport-native-unix-common/4.1.54.Final/netty-transport-native-unix-common-4.1.54.Final.jar:/Users/zhangcun/.m2/repository/io/projectreactor/netty/reactor-netty-core/1.0.1/reactor-netty-core-1.0.1.jar:/Users/zhangcun/.m2/repository/io/netty/netty-handler-proxy/4.1.54.Final/netty-handler-proxy-4.1.54.Final.jar:/Users/zhangcun/.m2/repository/io/netty/netty-codec-socks/4.1.54.Final/netty-codec-socks-4.1.54.Final.jar:/Users/zhangcun/.m2/repository/org/springframework/spring-web/5.3.1/spring-web-5.3.1.jar:/Users/zhangcun/.m2/repository/org/springframework/spring-beans/5.3.1/spring-beans-5.3.1.jar:/Users/zhangcun/.m2/repository/org/springframework/spring-webflux/5.3.1/spring-webflux-5.3.1.jar:/Users/zhangcun/.m2/repository/org/springframework/boot/spring-boot-starter/2.4.0/spring-boot-starter-2.4.0.jar:/Users/zhangcun/.m2/repository/org/springframework/boot/spring-boot/2.4.0/spring-boot-2.4.0.jar:/Users/zhangcun/.m2/repository/org/springframework/spring-context/5.3.1/spring-context-5.3.1.jar:/Users/zhangcun/.m2/repository/org/springframework/spring-aop/5.3.1/spring-aop-5.3.1.jar:/Users/zhangcun/.m2/repository/org/springframework/spring-expression/5.3.1/spring-expression-5.3.1.jar:/Users/zhangcun/.m2/repository/org/springframework/boot/spring-boot-starter-logging/2.4.0/spring-boot-starter-logging-2.4.0.jar:/Users/zhangcun/.m2/repository/ch/qos/logback/logback-classic/1.2.3/logback-classic-1.2.3.jar:/Users/zhangcun/.m2/repository/ch/qos/logback/logback-core/1.2.3/logback-core-1.2.3.jar:/Users/zhangcun/.m2/repository/org/apache/logging/log4j/log4j-to-slf4j/2.13.3/log4j-to-slf4j-2.13.3.jar:/Users/zhangcun/.m2/repository/org/apache/logging/log4j/log4j-api/2.13.3/log4j-api-2.13.3.jar:/Users/zhangcun/.m2/repository/org/slf4j/jul-to-slf4j/1.7.30/jul-to-slf4j-1.7.30.jar:/Users/zhangcun/.m2/repository/jakarta/annotation/jakarta.annotation-api/1.3.5/jakarta.annotation-api-1.3.5.jar:/Users/zhangcun/.m2/repository/org/yaml/snakeyaml/1.27/snakeyaml-1.27.jar:/Users/zhangcun/.m2/repository/org/springframework/boot/spring-boot-starter-test/2.2.6.RELEASE/spring-boot-starter-test-2.2.6.RELEASE.jar:/Users/zhangcun/.m2/repository/org/springframework/boot/spring-boot-test/2.4.0/spring-boot-test-2.4.0.jar:/Users/zhangcun/.m2/repository/org/springframework/boot/spring-boot-test-autoconfigure/2.4.0/spring-boot-test-autoconfigure-2.4.0.jar:/Users/zhangcun/.m2/repository/com/jayway/jsonpath/json-path/2.4.0/json-path-2.4.0.jar:/Users/zhangcun/.m2/repository/net/minidev/json-smart/2.3/json-smart-2.3.jar:/Users/zhangcun/.m2/repository/net/minidev/accessors-smart/1.2/accessors-smart-1.2.jar:/Users/zhangcun/.m2/repository/org/ow2/asm/asm/5.0.4/asm-5.0.4.jar:/Users/zhangcun/.m2/repository/org/slf4j/slf4j-api/1.7.30/slf4j-api-1.7.30.jar:/Users/zhangcun/.m2/repository/jakarta/xml/bind/jakarta.xml.bind-api/2.3.3/jakarta.xml.bind-api-2.3.3.jar:/Users/zhangcun/.m2/repository/jakarta/activation/jakarta.activation-api/1.2.2/jakarta.activation-api-1.2.2.jar:/Users/zhangcun/.m2/repository/org/junit/jupiter/junit-jupiter/5.7.0/junit-jupiter-5.7.0.jar:/Users/zhangcun/.m2/repository/org/junit/jupiter/junit-jupiter-api/5.7.0/junit-jupiter-api-5.7.0.jar:/Users/zhangcun/.m2/repository/org/opentest4j/opentest4j/1.2.0/opentest4j-1.2.0.jar:/Users/zhangcun/.m2/repository/org/junit/platform/junit-platform-commons/1.7.0/junit-platform-commons-1.7.0.jar:/Users/zhangcun/.m2/repository/org/junit/jupiter/junit-jupiter-params/5.7.0/junit-jupiter-params-5.7.0.jar:/Users/zhangcun/.m2/repository/org/junit/jupiter/junit-jupiter-engine/5.7.0/junit-jupiter-engine-5.7.0.jar:/Users/zhangcun/.m2/repository/org/junit/vintage/junit-vintage-engine/5.7.0/junit-vintage-engine-5.7.0.jar:/Users/zhangcun/.m2/repository/org/apiguardian/apiguardian-api/1.1.0/apiguardian-api-1.1.0.jar:/Users/zhangcun/.m2/repository/org/junit/platform/junit-platform-engine/1.7.0/junit-platform-engine-1.7.0.jar:/Users/zhangcun/.m2/repository/org/mockito/mockito-junit-jupiter/3.6.0/mockito-junit-jupiter-3.6.0.jar:/Users/zhangcun/.m2/repository/org/assertj/assertj-core/3.18.1/assertj-core-3.18.1.jar:/Users/zhangcun/.m2/repository/org/hamcrest/hamcrest/2.2/hamcrest-2.2.jar:/Users/zhangcun/.m2/repository/org/mockito/mockito-core/3.6.0/mockito-core-3.6.0.jar:/Users/zhangcun/.m2/repository/net/bytebuddy/byte-buddy/1.10.18/byte-buddy-1.10.18.jar:/Users/zhangcun/.m2/repository/net/bytebuddy/byte-buddy-agent/1.10.18/byte-buddy-agent-1.10.18.jar:/Users/zhangcun/.m2/repository/org/objenesis/objenesis/3.1/objenesis-3.1.jar:/Users/zhangcun/.m2/repository/org/skyscreamer/jsonassert/1.5.0/jsonassert-1.5.0.jar:/Users/zhangcun/.m2/repository/com/vaadin/external/google/android-json/0.0.20131108.vaadin1/android-json-0.0.20131108.vaadin1.jar:/Users/zhangcun/.m2/repository/org/springframework/spring-core/5.3.1/spring-core-5.3.1.jar:/Users/zhangcun/.m2/repository/org/springframework/spring-jcl/5.3.1/spring-jcl-5.3.1.jar:/Users/zhangcun/.m2/repository/org/springframework/spring-test/5.3.1/spring-test-5.3.1.jar:/Users/zhangcun/.m2/repository/org/xmlunit/xmlunit-core/2.7.0/xmlunit-core-2.7.0.jar:/Users/zhangcun/.m2/repository/junit/junit/4.12/junit-4.12.jar:/Users/zhangcun/.m2/repository/org/hamcrest/hamcrest-core/2.2/hamcrest-core-2.2.jar:/Users/zhangcun/.m2/repository/org/projectlombok/lombok/1.18.34/lombok-1.18.34.jar:"/>
    <property name="https.proxyPort" value="7890"/>
    <property name="java.vm.vendor" value="Oracle Corporation"/>
    <property name="sun.arch.data.model" value="64"/>
    <property name="java.vendor.url" value="https://java.oracle.com/"/>
    <property name="os.name" value="Mac OS X"/>
    <property name="java.vm.specification.version" value="17"/>
    <property name="sun.java.launcher" value="SUN_STANDARD"/>
    <property name="user.country" value="CN"/>
    <property name="sun.boot.library.path" value="/Users/zhangcun/opt/jdk-17.0.13.jdk/Contents/Home/lib"/>
    <property name="sun.java.command" value="/Users/zhangcun/shangou/gulimall/gulimall-product/target/surefire/surefirebooter14191186936437540760.jar /Users/zhangcun/shangou/gulimall/gulimall-product/target/surefire 2025-02-26T22-32-30_668-jvmRun1 surefire8299758321828432661tmp surefire_315006943082029541423tmp"/>
    <property name="http.nonProxyHosts" value="192.168.0.0/16|*.192.168.0.0/16|10.0.0.0/8|*.10.0.0.0/8|172.16.0.0/12|*.172.16.0.0/12|127.0.0.1|localhost|*.localhost|local|*.local|timestamp.apple.com|*.timestamp.apple.com"/>
    <property name="jdk.debug" value="release"/>
    <property name="surefire.test.class.path" value="/Users/zhangcun/shangou/gulimall/gulimall-product/target/test-classes:/Users/zhangcun/shangou/gulimall/gulimall-product/target/classes:/Users/zhangcun/shangou/gulimall/gulimall-common/target/classes:/Users/zhangcun/.m2/repository/com/baomidou/mybatis-plus-boot-starter/3.2.0/mybatis-plus-boot-starter-3.2.0.jar:/Users/zhangcun/.m2/repository/com/baomidou/mybatis-plus/3.2.0/mybatis-plus-3.2.0.jar:/Users/zhangcun/.m2/repository/com/baomidou/mybatis-plus-extension/3.2.0/mybatis-plus-extension-3.2.0.jar:/Users/zhangcun/.m2/repository/com/baomidou/mybatis-plus-core/3.2.0/mybatis-plus-core-3.2.0.jar:/Users/zhangcun/.m2/repository/com/baomidou/mybatis-plus-annotation/3.2.0/mybatis-plus-annotation-3.2.0.jar:/Users/zhangcun/.m2/repository/com/github/jsqlparser/jsqlparser/2.1/jsqlparser-2.1.jar:/Users/zhangcun/.m2/repository/org/mybatis/mybatis/3.5.2/mybatis-3.5.2.jar:/Users/zhangcun/.m2/repository/org/mybatis/mybatis-spring/2.0.2/mybatis-spring-2.0.2.jar:/Users/zhangcun/.m2/repository/org/springframework/boot/spring-boot-autoconfigure/2.4.0/spring-boot-autoconfigure-2.4.0.jar:/Users/zhangcun/.m2/repository/org/springframework/boot/spring-boot-starter-jdbc/2.4.0/spring-boot-starter-jdbc-2.4.0.jar:/Users/zhangcun/.m2/repository/com/zaxxer/HikariCP/3.4.5/HikariCP-3.4.5.jar:/Users/zhangcun/.m2/repository/org/springframework/spring-jdbc/5.3.1/spring-jdbc-5.3.1.jar:/Users/zhangcun/.m2/repository/org/springframework/spring-tx/5.3.1/spring-tx-5.3.1.jar:/Users/zhangcun/.m2/repository/commons-lang/commons-lang/2.6/commons-lang-2.6.jar:/Users/zhangcun/.m2/repository/org/apache/httpcomponents/httpcore/4.4.13/httpcore-4.4.13.jar:/Users/zhangcun/.m2/repository/mysql/mysql-connector-java/8.0.22/mysql-connector-java-8.0.22.jar:/Users/zhangcun/.m2/repository/jakarta/validation/jakarta.validation-api/2.0.2/jakarta.validation-api-2.0.2.jar:/Users/zhangcun/.m2/repository/com/alibaba/cloud/spring-cloud-starter-alibaba-nacos-discovery/2021.1/spring-cloud-starter-alibaba-nacos-discovery-2021.1.jar:/Users/zhangcun/.m2/repository/com/alibaba/cloud/spring-cloud-alibaba-commons/2021.1/spring-cloud-alibaba-commons-2021.1.jar:/Users/zhangcun/.m2/repository/com/alibaba/nacos/nacos-client/1.4.1/nacos-client-1.4.1.jar:/Users/zhangcun/.m2/repository/com/alibaba/nacos/nacos-common/1.4.1/nacos-common-1.4.1.jar:/Users/zhangcun/.m2/repository/commons-io/commons-io/2.2/commons-io-2.2.jar:/Users/zhangcun/.m2/repository/org/apache/httpcomponents/httpasyncclient/4.1.4/httpasyncclient-4.1.4.jar:/Users/zhangcun/.m2/repository/org/apache/httpcomponents/httpcore-nio/4.4.13/httpcore-nio-4.4.13.jar:/Users/zhangcun/.m2/repository/org/apache/httpcomponents/httpclient/4.5.13/httpclient-4.5.13.jar:/Users/zhangcun/.m2/repository/com/alibaba/nacos/nacos-api/1.4.1/nacos-api-1.4.1.jar:/Users/zhangcun/.m2/repository/com/google/guava/guava/24.1.1-jre/guava-24.1.1-jre.jar:/Users/zhangcun/.m2/repository/com/google/code/findbugs/jsr305/1.3.9/jsr305-1.3.9.jar:/Users/zhangcun/.m2/repository/org/checkerframework/checker-compat-qual/2.0.0/checker-compat-qual-2.0.0.jar:/Users/zhangcun/.m2/repository/com/google/errorprone/error_prone_annotations/2.1.3/error_prone_annotations-2.1.3.jar:/Users/zhangcun/.m2/repository/com/google/j2objc/j2objc-annotations/1.1/j2objc-annotations-1.1.jar:/Users/zhangcun/.m2/repository/org/codehaus/mojo/animal-sniffer-annotations/1.14/animal-sniffer-annotations-1.14.jar:/Users/zhangcun/.m2/repository/commons-codec/commons-codec/1.15/commons-codec-1.15.jar:/Users/zhangcun/.m2/repository/com/fasterxml/jackson/core/jackson-core/2.11.3/jackson-core-2.11.3.jar:/Users/zhangcun/.m2/repository/com/fasterxml/jackson/core/jackson-databind/2.11.3/jackson-databind-2.11.3.jar:/Users/zhangcun/.m2/repository/com/fasterxml/jackson/core/jackson-annotations/2.11.3/jackson-annotations-2.11.3.jar:/Users/zhangcun/.m2/repository/io/prometheus/simpleclient/0.5.0/simpleclient-0.5.0.jar:/Users/zhangcun/.m2/repository/com/alibaba/spring/spring-context-support/1.0.10/spring-context-support-1.0.10.jar:/Users/zhangcun/.m2/repository/org/springframework/cloud/spring-cloud-commons/3.0.1/spring-cloud-commons-3.0.1.jar:/Users/zhangcun/.m2/repository/org/springframework/security/spring-security-crypto/5.4.1/spring-security-crypto-5.4.1.jar:/Users/zhangcun/.m2/repository/org/springframework/cloud/spring-cloud-context/3.0.1/spring-cloud-context-3.0.1.jar:/Users/zhangcun/.m2/repository/com/alibaba/cloud/spring-cloud-starter-alibaba-nacos-config/2021.1/spring-cloud-starter-alibaba-nacos-config-2021.1.jar:/Users/zhangcun/.m2/repository/org/springframework/cloud/spring-cloud-starter-bootstrap/3.1.0/spring-cloud-starter-bootstrap-3.1.0.jar:/Users/zhangcun/.m2/repository/org/springframework/cloud/spring-cloud-starter/3.1.0/spring-cloud-starter-3.1.0.jar:/Users/zhangcun/.m2/repository/org/springframework/security/spring-security-rsa/1.0.10.RELEASE/spring-security-rsa-1.0.10.RELEASE.jar:/Users/zhangcun/.m2/repository/org/bouncycastle/bcpkix-jdk15on/1.68/bcpkix-jdk15on-1.68.jar:/Users/zhangcun/.m2/repository/org/bouncycastle/bcprov-jdk15on/1.68/bcprov-jdk15on-1.68.jar:/Users/zhangcun/.m2/repository/org/springframework/cloud/spring-cloud-starter-loadbalancer/3.0.0/spring-cloud-starter-loadbalancer-3.0.0.jar:/Users/zhangcun/.m2/repository/org/springframework/cloud/spring-cloud-loadbalancer/3.0.0/spring-cloud-loadbalancer-3.0.0.jar:/Users/zhangcun/.m2/repository/org/springframework/boot/spring-boot-starter-validation/2.4.0/spring-boot-starter-validation-2.4.0.jar:/Users/zhangcun/.m2/repository/org/glassfish/jakarta.el/3.0.3/jakarta.el-3.0.3.jar:/Users/zhangcun/.m2/repository/org/hibernate/validator/hibernate-validator/6.1.6.Final/hibernate-validator-6.1.6.Final.jar:/Users/zhangcun/.m2/repository/org/jboss/logging/jboss-logging/3.4.1.Final/jboss-logging-3.4.1.Final.jar:/Users/zhangcun/.m2/repository/com/fasterxml/classmate/1.5.1/classmate-1.5.1.jar:/Users/zhangcun/.m2/repository/io/projectreactor/reactor-core/3.4.0/reactor-core-3.4.0.jar:/Users/zhangcun/.m2/repository/org/reactivestreams/reactive-streams/1.0.3/reactive-streams-1.0.3.jar:/Users/zhangcun/.m2/repository/io/projectreactor/addons/reactor-extra/3.4.0/reactor-extra-3.4.0.jar:/Users/zhangcun/.m2/repository/org/springframework/boot/spring-boot-starter-cache/2.4.0/spring-boot-starter-cache-2.4.0.jar:/Users/zhangcun/.m2/repository/org/springframework/spring-context-support/5.3.1/spring-context-support-5.3.1.jar:/Users/zhangcun/.m2/repository/com/stoyanr/evictor/1.0.0/evictor-1.0.0.jar:/Users/zhangcun/.m2/repository/org/springframework/cloud/spring-cloud-starter-gateway/3.0.0/spring-cloud-starter-gateway-3.0.0.jar:/Users/zhangcun/.m2/repository/org/springframework/cloud/spring-cloud-gateway-server/3.0.0/spring-cloud-gateway-server-3.0.0.jar:/Users/zhangcun/.m2/repository/org/springframework/boot/spring-boot-starter-webflux/2.4.0/spring-boot-starter-webflux-2.4.0.jar:/Users/zhangcun/.m2/repository/org/springframework/boot/spring-boot-starter-json/2.4.0/spring-boot-starter-json-2.4.0.jar:/Users/zhangcun/.m2/repository/com/fasterxml/jackson/datatype/jackson-datatype-jdk8/2.11.3/jackson-datatype-jdk8-2.11.3.jar:/Users/zhangcun/.m2/repository/com/fasterxml/jackson/datatype/jackson-datatype-jsr310/2.11.3/jackson-datatype-jsr310-2.11.3.jar:/Users/zhangcun/.m2/repository/com/fasterxml/jackson/module/jackson-module-parameter-names/2.11.3/jackson-module-parameter-names-2.11.3.jar:/Users/zhangcun/.m2/repository/org/springframework/boot/spring-boot-starter-reactor-netty/2.4.0/spring-boot-starter-reactor-netty-2.4.0.jar:/Users/zhangcun/.m2/repository/io/projectreactor/netty/reactor-netty-http/1.0.1/reactor-netty-http-1.0.1.jar:/Users/zhangcun/.m2/repository/io/netty/netty-codec-http/4.1.54.Final/netty-codec-http-4.1.54.Final.jar:/Users/zhangcun/.m2/repository/io/netty/netty-common/4.1.54.Final/netty-common-4.1.54.Final.jar:/Users/zhangcun/.m2/repository/io/netty/netty-buffer/4.1.54.Final/netty-buffer-4.1.54.Final.jar:/Users/zhangcun/.m2/repository/io/netty/netty-transport/4.1.54.Final/netty-transport-4.1.54.Final.jar:/Users/zhangcun/.m2/repository/io/netty/netty-codec/4.1.54.Final/netty-codec-4.1.54.Final.jar:/Users/zhangcun/.m2/repository/io/netty/netty-handler/4.1.54.Final/netty-handler-4.1.54.Final.jar:/Users/zhangcun/.m2/repository/io/netty/netty-codec-http2/4.1.54.Final/netty-codec-http2-4.1.54.Final.jar:/Users/zhangcun/.m2/repository/io/netty/netty-resolver-dns/4.1.54.Final/netty-resolver-dns-4.1.54.Final.jar:/Users/zhangcun/.m2/repository/io/netty/netty-resolver/4.1.54.Final/netty-resolver-4.1.54.Final.jar:/Users/zhangcun/.m2/repository/io/netty/netty-codec-dns/4.1.54.Final/netty-codec-dns-4.1.54.Final.jar:/Users/zhangcun/.m2/repository/io/netty/netty-transport-native-epoll/4.1.54.Final/netty-transport-native-epoll-4.1.54.Final-linux-x86_64.jar:/Users/zhangcun/.m2/repository/io/netty/netty-transport-native-unix-common/4.1.54.Final/netty-transport-native-unix-common-4.1.54.Final.jar:/Users/zhangcun/.m2/repository/io/projectreactor/netty/reactor-netty-core/1.0.1/reactor-netty-core-1.0.1.jar:/Users/zhangcun/.m2/repository/io/netty/netty-handler-proxy/4.1.54.Final/netty-handler-proxy-4.1.54.Final.jar:/Users/zhangcun/.m2/repository/io/netty/netty-codec-socks/4.1.54.Final/netty-codec-socks-4.1.54.Final.jar:/Users/zhangcun/.m2/repository/org/springframework/spring-web/5.3.1/spring-web-5.3.1.jar:/Users/zhangcun/.m2/repository/org/springframework/spring-beans/5.3.1/spring-beans-5.3.1.jar:/Users/zhangcun/.m2/repository/org/springframework/spring-webflux/5.3.1/spring-webflux-5.3.1.jar:/Users/zhangcun/.m2/repository/org/springframework/boot/spring-boot-starter/2.4.0/spring-boot-starter-2.4.0.jar:/Users/zhangcun/.m2/repository/org/springframework/boot/spring-boot/2.4.0/spring-boot-2.4.0.jar:/Users/zhangcun/.m2/repository/org/springframework/spring-context/5.3.1/spring-context-5.3.1.jar:/Users/zhangcun/.m2/repository/org/springframework/spring-aop/5.3.1/spring-aop-5.3.1.jar:/Users/zhangcun/.m2/repository/org/springframework/spring-expression/5.3.1/spring-expression-5.3.1.jar:/Users/zhangcun/.m2/repository/org/springframework/boot/spring-boot-starter-logging/2.4.0/spring-boot-starter-logging-2.4.0.jar:/Users/zhangcun/.m2/repository/ch/qos/logback/logback-classic/1.2.3/logback-classic-1.2.3.jar:/Users/zhangcun/.m2/repository/ch/qos/logback/logback-core/1.2.3/logback-core-1.2.3.jar:/Users/zhangcun/.m2/repository/org/apache/logging/log4j/log4j-to-slf4j/2.13.3/log4j-to-slf4j-2.13.3.jar:/Users/zhangcun/.m2/repository/org/apache/logging/log4j/log4j-api/2.13.3/log4j-api-2.13.3.jar:/Users/zhangcun/.m2/repository/org/slf4j/jul-to-slf4j/1.7.30/jul-to-slf4j-1.7.30.jar:/Users/zhangcun/.m2/repository/jakarta/annotation/jakarta.annotation-api/1.3.5/jakarta.annotation-api-1.3.5.jar:/Users/zhangcun/.m2/repository/org/yaml/snakeyaml/1.27/snakeyaml-1.27.jar:/Users/zhangcun/.m2/repository/org/springframework/boot/spring-boot-starter-test/2.2.6.RELEASE/spring-boot-starter-test-2.2.6.RELEASE.jar:/Users/zhangcun/.m2/repository/org/springframework/boot/spring-boot-test/2.4.0/spring-boot-test-2.4.0.jar:/Users/zhangcun/.m2/repository/org/springframework/boot/spring-boot-test-autoconfigure/2.4.0/spring-boot-test-autoconfigure-2.4.0.jar:/Users/zhangcun/.m2/repository/com/jayway/jsonpath/json-path/2.4.0/json-path-2.4.0.jar:/Users/zhangcun/.m2/repository/net/minidev/json-smart/2.3/json-smart-2.3.jar:/Users/zhangcun/.m2/repository/net/minidev/accessors-smart/1.2/accessors-smart-1.2.jar:/Users/zhangcun/.m2/repository/org/ow2/asm/asm/5.0.4/asm-5.0.4.jar:/Users/zhangcun/.m2/repository/org/slf4j/slf4j-api/1.7.30/slf4j-api-1.7.30.jar:/Users/zhangcun/.m2/repository/jakarta/xml/bind/jakarta.xml.bind-api/2.3.3/jakarta.xml.bind-api-2.3.3.jar:/Users/zhangcun/.m2/repository/jakarta/activation/jakarta.activation-api/1.2.2/jakarta.activation-api-1.2.2.jar:/Users/zhangcun/.m2/repository/org/junit/jupiter/junit-jupiter/5.7.0/junit-jupiter-5.7.0.jar:/Users/zhangcun/.m2/repository/org/junit/jupiter/junit-jupiter-api/5.7.0/junit-jupiter-api-5.7.0.jar:/Users/zhangcun/.m2/repository/org/opentest4j/opentest4j/1.2.0/opentest4j-1.2.0.jar:/Users/zhangcun/.m2/repository/org/junit/platform/junit-platform-commons/1.7.0/junit-platform-commons-1.7.0.jar:/Users/zhangcun/.m2/repository/org/junit/jupiter/junit-jupiter-params/5.7.0/junit-jupiter-params-5.7.0.jar:/Users/zhangcun/.m2/repository/org/junit/jupiter/junit-jupiter-engine/5.7.0/junit-jupiter-engine-5.7.0.jar:/Users/zhangcun/.m2/repository/org/junit/vintage/junit-vintage-engine/5.7.0/junit-vintage-engine-5.7.0.jar:/Users/zhangcun/.m2/repository/org/apiguardian/apiguardian-api/1.1.0/apiguardian-api-1.1.0.jar:/Users/zhangcun/.m2/repository/org/junit/platform/junit-platform-engine/1.7.0/junit-platform-engine-1.7.0.jar:/Users/zhangcun/.m2/repository/org/mockito/mockito-junit-jupiter/3.6.0/mockito-junit-jupiter-3.6.0.jar:/Users/zhangcun/.m2/repository/org/assertj/assertj-core/3.18.1/assertj-core-3.18.1.jar:/Users/zhangcun/.m2/repository/org/hamcrest/hamcrest/2.2/hamcrest-2.2.jar:/Users/zhangcun/.m2/repository/org/mockito/mockito-core/3.6.0/mockito-core-3.6.0.jar:/Users/zhangcun/.m2/repository/net/bytebuddy/byte-buddy/1.10.18/byte-buddy-1.10.18.jar:/Users/zhangcun/.m2/repository/net/bytebuddy/byte-buddy-agent/1.10.18/byte-buddy-agent-1.10.18.jar:/Users/zhangcun/.m2/repository/org/objenesis/objenesis/3.1/objenesis-3.1.jar:/Users/zhangcun/.m2/repository/org/skyscreamer/jsonassert/1.5.0/jsonassert-1.5.0.jar:/Users/zhangcun/.m2/repository/com/vaadin/external/google/android-json/0.0.20131108.vaadin1/android-json-0.0.20131108.vaadin1.jar:/Users/zhangcun/.m2/repository/org/springframework/spring-core/5.3.1/spring-core-5.3.1.jar:/Users/zhangcun/.m2/repository/org/springframework/spring-jcl/5.3.1/spring-jcl-5.3.1.jar:/Users/zhangcun/.m2/repository/org/springframework/spring-test/5.3.1/spring-test-5.3.1.jar:/Users/zhangcun/.m2/repository/org/xmlunit/xmlunit-core/2.7.0/xmlunit-core-2.7.0.jar:/Users/zhangcun/.m2/repository/junit/junit/4.12/junit-4.12.jar:/Users/zhangcun/.m2/repository/org/hamcrest/hamcrest-core/2.2/hamcrest-core-2.2.jar:/Users/zhangcun/.m2/repository/org/projectlombok/lombok/1.18.34/lombok-1.18.34.jar:"/>
    <property name="sun.cpu.endian" value="little"/>
    <property name="user.home" value="/Users/zhangcun"/>
    <property name="user.language" value="zh"/>
    <property name="java.specification.vendor" value="Oracle Corporation"/>
    <property name="java.version.date" value="2024-10-15"/>
    <property name="java.home" value="/Users/zhangcun/opt/jdk-17.0.13.jdk/Contents/Home"/>
    <property name="file.separator" value="/"/>
    <property name="https.proxyHost" value="127.0.0.1"/>
    <property name="basedir" value="/Users/zhangcun/shangou/gulimall/gulimall-product"/>
    <property name="java.vm.compressedOopsMode" value="Zero based"/>
    <property name="line.separator" value="&#10;"/>
    <property name="java.vm.specification.vendor" value="Oracle Corporation"/>
    <property name="java.specification.name" value="Java Platform API Specification"/>
    <property name="surefire.real.class.path" value="/Users/zhangcun/shangou/gulimall/gulimall-product/target/surefire/surefirebooter14191186936437540760.jar"/>
    <property name="user.script" value="Hans"/>
    <property name="sun.management.compiler" value="HotSpot 64-Bit Tiered Compilers"/>
    <property name="ftp.nonProxyHosts" value="192.168.0.0/16|*.192.168.0.0/16|10.0.0.0/8|*.10.0.0.0/8|172.16.0.0/12|*.172.16.0.0/12|127.0.0.1|localhost|*.localhost|local|*.local|timestamp.apple.com|*.timestamp.apple.com"/>
    <property name="java.runtime.version" value="17.0.13+10-LTS-268"/>
    <property name="user.name" value="zhangcun"/>
    <property name="path.separator" value=":"/>
    <property name="os.version" value="14.2"/>
    <property name="java.runtime.name" value="Java(TM) SE Runtime Environment"/>
    <property name="file.encoding" value="UTF-8"/>
    <property name="java.vm.name" value="Java HotSpot(TM) 64-Bit Server VM"/>
    <property name="localRepository" value="/Users/zhangcun/.m2/repository"/>
    <property name="java.vendor.url.bug" value="https://bugreport.java.com/bugreport/"/>
    <property name="java.io.tmpdir" value="/var/folders/hn/c8rj9vps65x1rpq26klvm2t80000gn/T/"/>
    <property name="java.version" value="17.0.13"/>
    <property name="user.dir" value="/Users/zhangcun/shangou/gulimall/gulimall-product"/>
    <property name="os.arch" value="aarch64"/>
    <property name="socksProxyPort" value="7890"/>
    <property name="java.vm.specification.name" value="Java Virtual Machine Specification"/>
    <property name="native.encoding" value="UTF-8"/>
    <property name="java.library.path" value="/Users/zhangcun/Library/Java/Extensions:/Library/Java/Extensions:/Network/Library/Java/Extensions:/System/Library/Java/Extensions:/usr/lib/java:."/>
    <property name="java.vm.info" value="mixed mode, sharing"/>
    <property name="java.vendor" value="Oracle Corporation"/>
    <property name="java.vm.version" value="17.0.13+10-LTS-268"/>
    <property name="java.specification.maintenance.version" value="1"/>
    <property name="sun.io.unicode.encoding" value="UnicodeBig"/>
    <property name="socksNonProxyHosts" value="192.168.0.0/16|*.192.168.0.0/16|10.0.0.0/8|*.10.0.0.0/8|172.16.0.0/12|*.172.16.0.0/12|127.0.0.1|localhost|*.localhost|local|*.local|timestamp.apple.com|*.timestamp.apple.com"/>
    <property name="java.class.version" value="61.0"/>
    <property name="http.proxyPort" value="7890"/>
  </properties>
  <testcase name="contextLoads" classname="com.atguigu.gulimall.product.GulimallProductApplicationTests" time="0.305"/>
</testsuite>