<?xml version="1.0" encoding="UTF-8"?>
<testsuite xmlns:xsi="http://www.w3.org/2001/XMLSchema-instance" xsi:noNamespaceSchemaLocation="https://maven.apache.org/surefire/maven-surefire-plugin/xsd/surefire-test-report.xsd" name="com.atguigu.gulimall.product.GulimallProductApplicationTests" time="7.751" tests="1" errors="1" skipped="0" failures="0">
  <properties>
    <property name="java.specification.version" value="17"/>
    <property name="sun.jnu.encoding" value="UTF-8"/>
    <property name="java.class.path" value="/Users/zhangcun/shangou/gulimall/gulimall-product/target/test-classes:/Users/zhangcun/shangou/gulimall/gulimall-product/target/classes:/Users/zhangcun/shangou/gulimall/gulimall-common/target/gulimall-common-0.0.1-SNAPSHOT.jar:/Users/zhangcun/.m2/repository/com/baomidou/mybatis-plus-boot-starter/3.2.0/mybatis-plus-boot-starter-3.2.0.jar:/Users/zhangcun/.m2/repository/com/baomidou/mybatis-plus/3.2.0/mybatis-plus-3.2.0.jar:/Users/zhangcun/.m2/repository/com/baomidou/mybatis-plus-extension/3.2.0/mybatis-plus-extension-3.2.0.jar:/Users/zhangcun/.m2/repository/com/baomidou/mybatis-plus-core/3.2.0/mybatis-plus-core-3.2.0.jar:/Users/zhangcun/.m2/repository/com/baomidou/mybatis-plus-annotation/3.2.0/mybatis-plus-annotation-3.2.0.jar:/Users/zhangcun/.m2/repository/com/github/jsqlparser/jsqlparser/2.1/jsqlparser-2.1.jar:/Users/zhangcun/.m2/repository/org/mybatis/mybatis/3.5.2/mybatis-3.5.2.jar:/Users/zhangcun/.m2/repository/org/mybatis/mybatis-spring/2.0.2/mybatis-spring-2.0.2.jar:/Users/zhangcun/.m2/repository/org/springframework/boot/spring-boot-autoconfigure/2.4.0/spring-boot-autoconfigure-2.4.0.jar:/Users/zhangcun/.m2/repository/org/springframework/boot/spring-boot-starter-jdbc/2.4.0/spring-boot-starter-jdbc-2.4.0.jar:/Users/zhangcun/.m2/repository/com/zaxxer/HikariCP/3.4.5/HikariCP-3.4.5.jar:/Users/zhangcun/.m2/repository/org/springframework/spring-jdbc/5.3.1/spring-jdbc-5.3.1.jar:/Users/zhangcun/.m2/repository/org/springframework/spring-tx/5.3.1/spring-tx-5.3.1.jar:/Users/zhangcun/.m2/repository/commons-lang/commons-lang/2.6/commons-lang-2.6.jar:/Users/zhangcun/.m2/repository/org/apache/httpcomponents/httpcore/4.4.13/httpcore-4.4.13.jar:/Users/zhangcun/.m2/repository/mysql/mysql-connector-java/8.0.22/mysql-connector-java-8.0.22.jar:/Users/zhangcun/.m2/repository/jakarta/validation/jakarta.validation-api/2.0.2/jakarta.validation-api-2.0.2.jar:/Users/zhangcun/.m2/repository/com/alibaba/cloud/spring-cloud-starter-alibaba-nacos-discovery/2021.1/spring-cloud-starter-alibaba-nacos-discovery-2021.1.jar:/Users/zhangcun/.m2/repository/com/alibaba/cloud/spring-cloud-alibaba-commons/2021.1/spring-cloud-alibaba-commons-2021.1.jar:/Users/zhangcun/.m2/repository/com/alibaba/nacos/nacos-client/1.4.1/nacos-client-1.4.1.jar:/Users/zhangcun/.m2/repository/com/alibaba/nacos/nacos-common/1.4.1/nacos-common-1.4.1.jar:/Users/zhangcun/.m2/repository/commons-io/commons-io/2.2/commons-io-2.2.jar:/Users/zhangcun/.m2/repository/org/apache/httpcomponents/httpasyncclient/4.1.4/httpasyncclient-4.1.4.jar:/Users/zhangcun/.m2/repository/org/apache/httpcomponents/httpcore-nio/4.4.13/httpcore-nio-4.4.13.jar:/Users/zhangcun/.m2/repository/org/apache/httpcomponents/httpclient/4.5.13/httpclient-4.5.13.jar:/Users/zhangcun/.m2/repository/com/alibaba/nacos/nacos-api/1.4.1/nacos-api-1.4.1.jar:/Users/zhangcun/.m2/repository/com/google/guava/guava/24.1.1-jre/guava-24.1.1-jre.jar:/Users/zhangcun/.m2/repository/com/google/code/findbugs/jsr305/1.3.9/jsr305-1.3.9.jar:/Users/zhangcun/.m2/repository/org/checkerframework/checker-compat-qual/2.0.0/checker-compat-qual-2.0.0.jar:/Users/zhangcun/.m2/repository/com/google/errorprone/error_prone_annotations/2.1.3/error_prone_annotations-2.1.3.jar:/Users/zhangcun/.m2/repository/com/google/j2objc/j2objc-annotations/1.1/j2objc-annotations-1.1.jar:/Users/zhangcun/.m2/repository/org/codehaus/mojo/animal-sniffer-annotations/1.14/animal-sniffer-annotations-1.14.jar:/Users/zhangcun/.m2/repository/commons-codec/commons-codec/1.15/commons-codec-1.15.jar:/Users/zhangcun/.m2/repository/com/fasterxml/jackson/core/jackson-core/2.11.3/jackson-core-2.11.3.jar:/Users/zhangcun/.m2/repository/com/fasterxml/jackson/core/jackson-databind/2.11.3/jackson-databind-2.11.3.jar:/Users/zhangcun/.m2/repository/com/fasterxml/jackson/core/jackson-annotations/2.11.3/jackson-annotations-2.11.3.jar:/Users/zhangcun/.m2/repository/io/prometheus/simpleclient/0.5.0/simpleclient-0.5.0.jar:/Users/zhangcun/.m2/repository/com/alibaba/spring/spring-context-support/1.0.10/spring-context-support-1.0.10.jar:/Users/zhangcun/.m2/repository/org/springframework/cloud/spring-cloud-commons/3.0.1/spring-cloud-commons-3.0.1.jar:/Users/zhangcun/.m2/repository/org/springframework/security/spring-security-crypto/5.4.1/spring-security-crypto-5.4.1.jar:/Users/zhangcun/.m2/repository/org/springframework/cloud/spring-cloud-context/3.0.1/spring-cloud-context-3.0.1.jar:/Users/zhangcun/.m2/repository/com/alibaba/cloud/spring-cloud-starter-alibaba-nacos-config/2021.1/spring-cloud-starter-alibaba-nacos-config-2021.1.jar:/Users/zhangcun/.m2/repository/org/springframework/cloud/spring-cloud-starter-bootstrap/3.1.0/spring-cloud-starter-bootstrap-3.1.0.jar:/Users/zhangcun/.m2/repository/org/springframework/cloud/spring-cloud-starter/3.1.0/spring-cloud-starter-3.1.0.jar:/Users/zhangcun/.m2/repository/org/springframework/security/spring-security-rsa/1.0.10.RELEASE/spring-security-rsa-1.0.10.RELEASE.jar:/Users/zhangcun/.m2/repository/org/bouncycastle/bcpkix-jdk15on/1.68/bcpkix-jdk15on-1.68.jar:/Users/zhangcun/.m2/repository/org/bouncycastle/bcprov-jdk15on/1.68/bcprov-jdk15on-1.68.jar:/Users/zhangcun/.m2/repository/org/springframework/cloud/spring-cloud-starter-loadbalancer/3.0.0/spring-cloud-starter-loadbalancer-3.0.0.jar:/Users/zhangcun/.m2/repository/org/springframework/cloud/spring-cloud-loadbalancer/3.0.0/spring-cloud-loadbalancer-3.0.0.jar:/Users/zhangcun/.m2/repository/org/springframework/boot/spring-boot-starter-validation/2.4.0/spring-boot-starter-validation-2.4.0.jar:/Users/zhangcun/.m2/repository/org/glassfish/jakarta.el/3.0.3/jakarta.el-3.0.3.jar:/Users/zhangcun/.m2/repository/org/hibernate/validator/hibernate-validator/6.1.6.Final/hibernate-validator-6.1.6.Final.jar:/Users/zhangcun/.m2/repository/org/jboss/logging/jboss-logging/3.4.1.Final/jboss-logging-3.4.1.Final.jar:/Users/zhangcun/.m2/repository/com/fasterxml/classmate/1.5.1/classmate-1.5.1.jar:/Users/zhangcun/.m2/repository/io/projectreactor/reactor-core/3.4.0/reactor-core-3.4.0.jar:/Users/zhangcun/.m2/repository/org/reactivestreams/reactive-streams/1.0.3/reactive-streams-1.0.3.jar:/Users/zhangcun/.m2/repository/io/projectreactor/addons/reactor-extra/3.4.0/reactor-extra-3.4.0.jar:/Users/zhangcun/.m2/repository/org/springframework/boot/spring-boot-starter-cache/2.4.0/spring-boot-starter-cache-2.4.0.jar:/Users/zhangcun/.m2/repository/org/springframework/spring-context-support/5.3.1/spring-context-support-5.3.1.jar:/Users/zhangcun/.m2/repository/com/stoyanr/evictor/1.0.0/evictor-1.0.0.jar:/Users/zhangcun/.m2/repository/org/springframework/cloud/spring-cloud-starter-gateway/3.0.0/spring-cloud-starter-gateway-3.0.0.jar:/Users/zhangcun/.m2/repository/org/springframework/cloud/spring-cloud-gateway-server/3.0.0/spring-cloud-gateway-server-3.0.0.jar:/Users/zhangcun/.m2/repository/org/springframework/boot/spring-boot-starter-webflux/2.4.0/spring-boot-starter-webflux-2.4.0.jar:/Users/zhangcun/.m2/repository/org/springframework/boot/spring-boot-starter-json/2.4.0/spring-boot-starter-json-2.4.0.jar:/Users/zhangcun/.m2/repository/com/fasterxml/jackson/datatype/jackson-datatype-jdk8/2.11.3/jackson-datatype-jdk8-2.11.3.jar:/Users/zhangcun/.m2/repository/com/fasterxml/jackson/datatype/jackson-datatype-jsr310/2.11.3/jackson-datatype-jsr310-2.11.3.jar:/Users/zhangcun/.m2/repository/com/fasterxml/jackson/module/jackson-module-parameter-names/2.11.3/jackson-module-parameter-names-2.11.3.jar:/Users/zhangcun/.m2/repository/org/springframework/boot/spring-boot-starter-reactor-netty/2.4.0/spring-boot-starter-reactor-netty-2.4.0.jar:/Users/zhangcun/.m2/repository/io/projectreactor/netty/reactor-netty-http/1.0.1/reactor-netty-http-1.0.1.jar:/Users/zhangcun/.m2/repository/io/netty/netty-codec-http/4.1.54.Final/netty-codec-http-4.1.54.Final.jar:/Users/zhangcun/.m2/repository/io/netty/netty-common/4.1.54.Final/netty-common-4.1.54.Final.jar:/Users/zhangcun/.m2/repository/io/netty/netty-buffer/4.1.54.Final/netty-buffer-4.1.54.Final.jar:/Users/zhangcun/.m2/repository/io/netty/netty-transport/4.1.54.Final/netty-transport-4.1.54.Final.jar:/Users/zhangcun/.m2/repository/io/netty/netty-codec/4.1.54.Final/netty-codec-4.1.54.Final.jar:/Users/zhangcun/.m2/repository/io/netty/netty-handler/4.1.54.Final/netty-handler-4.1.54.Final.jar:/Users/zhangcun/.m2/repository/io/netty/netty-codec-http2/4.1.54.Final/netty-codec-http2-4.1.54.Final.jar:/Users/zhangcun/.m2/repository/io/netty/netty-resolver-dns/4.1.54.Final/netty-resolver-dns-4.1.54.Final.jar:/Users/zhangcun/.m2/repository/io/netty/netty-resolver/4.1.54.Final/netty-resolver-4.1.54.Final.jar:/Users/zhangcun/.m2/repository/io/netty/netty-codec-dns/4.1.54.Final/netty-codec-dns-4.1.54.Final.jar:/Users/zhangcun/.m2/repository/io/netty/netty-transport-native-epoll/4.1.54.Final/netty-transport-native-epoll-4.1.54.Final-linux-x86_64.jar:/Users/zhangcun/.m2/repository/io/netty/netty-transport-native-unix-common/4.1.54.Final/netty-transport-native-unix-common-4.1.54.Final.jar:/Users/zhangcun/.m2/repository/io/projectreactor/netty/reactor-netty-core/1.0.1/reactor-netty-core-1.0.1.jar:/Users/zhangcun/.m2/repository/io/netty/netty-handler-proxy/4.1.54.Final/netty-handler-proxy-4.1.54.Final.jar:/Users/zhangcun/.m2/repository/io/netty/netty-codec-socks/4.1.54.Final/netty-codec-socks-4.1.54.Final.jar:/Users/zhangcun/.m2/repository/org/springframework/spring-web/5.3.1/spring-web-5.3.1.jar:/Users/zhangcun/.m2/repository/org/springframework/spring-beans/5.3.1/spring-beans-5.3.1.jar:/Users/zhangcun/.m2/repository/org/springframework/spring-webflux/5.3.1/spring-webflux-5.3.1.jar:/Users/zhangcun/.m2/repository/org/springframework/boot/spring-boot-starter/2.4.0/spring-boot-starter-2.4.0.jar:/Users/zhangcun/.m2/repository/org/springframework/boot/spring-boot/2.4.0/spring-boot-2.4.0.jar:/Users/zhangcun/.m2/repository/org/springframework/spring-context/5.3.1/spring-context-5.3.1.jar:/Users/zhangcun/.m2/repository/org/springframework/spring-aop/5.3.1/spring-aop-5.3.1.jar:/Users/zhangcun/.m2/repository/org/springframework/spring-expression/5.3.1/spring-expression-5.3.1.jar:/Users/zhangcun/.m2/repository/org/springframework/boot/spring-boot-starter-logging/2.4.0/spring-boot-starter-logging-2.4.0.jar:/Users/zhangcun/.m2/repository/ch/qos/logback/logback-classic/1.2.3/logback-classic-1.2.3.jar:/Users/zhangcun/.m2/repository/ch/qos/logback/logback-core/1.2.3/logback-core-1.2.3.jar:/Users/zhangcun/.m2/repository/org/apache/logging/log4j/log4j-to-slf4j/2.13.3/log4j-to-slf4j-2.13.3.jar:/Users/zhangcun/.m2/repository/org/apache/logging/log4j/log4j-api/2.13.3/log4j-api-2.13.3.jar:/Users/zhangcun/.m2/repository/org/slf4j/jul-to-slf4j/1.7.30/jul-to-slf4j-1.7.30.jar:/Users/zhangcun/.m2/repository/jakarta/annotation/jakarta.annotation-api/1.3.5/jakarta.annotation-api-1.3.5.jar:/Users/zhangcun/.m2/repository/org/yaml/snakeyaml/1.27/snakeyaml-1.27.jar:/Users/zhangcun/.m2/repository/org/springframework/boot/spring-boot-starter-test/2.2.6.RELEASE/spring-boot-starter-test-2.2.6.RELEASE.jar:/Users/zhangcun/.m2/repository/org/springframework/boot/spring-boot-test/2.4.0/spring-boot-test-2.4.0.jar:/Users/zhangcun/.m2/repository/org/springframework/boot/spring-boot-test-autoconfigure/2.4.0/spring-boot-test-autoconfigure-2.4.0.jar:/Users/zhangcun/.m2/repository/com/jayway/jsonpath/json-path/2.4.0/json-path-2.4.0.jar:/Users/zhangcun/.m2/repository/net/minidev/json-smart/2.3/json-smart-2.3.jar:/Users/zhangcun/.m2/repository/net/minidev/accessors-smart/1.2/accessors-smart-1.2.jar:/Users/zhangcun/.m2/repository/org/ow2/asm/asm/5.0.4/asm-5.0.4.jar:/Users/zhangcun/.m2/repository/org/slf4j/slf4j-api/1.7.30/slf4j-api-1.7.30.jar:/Users/zhangcun/.m2/repository/jakarta/xml/bind/jakarta.xml.bind-api/2.3.3/jakarta.xml.bind-api-2.3.3.jar:/Users/zhangcun/.m2/repository/jakarta/activation/jakarta.activation-api/1.2.2/jakarta.activation-api-1.2.2.jar:/Users/zhangcun/.m2/repository/org/junit/jupiter/junit-jupiter/5.7.0/junit-jupiter-5.7.0.jar:/Users/zhangcun/.m2/repository/org/junit/jupiter/junit-jupiter-api/5.7.0/junit-jupiter-api-5.7.0.jar:/Users/zhangcun/.m2/repository/org/opentest4j/opentest4j/1.2.0/opentest4j-1.2.0.jar:/Users/zhangcun/.m2/repository/org/junit/platform/junit-platform-commons/1.7.0/junit-platform-commons-1.7.0.jar:/Users/zhangcun/.m2/repository/org/junit/jupiter/junit-jupiter-params/5.7.0/junit-jupiter-params-5.7.0.jar:/Users/zhangcun/.m2/repository/org/junit/jupiter/junit-jupiter-engine/5.7.0/junit-jupiter-engine-5.7.0.jar:/Users/zhangcun/.m2/repository/org/junit/vintage/junit-vintage-engine/5.7.0/junit-vintage-engine-5.7.0.jar:/Users/zhangcun/.m2/repository/org/apiguardian/apiguardian-api/1.1.0/apiguardian-api-1.1.0.jar:/Users/zhangcun/.m2/repository/org/junit/platform/junit-platform-engine/1.7.0/junit-platform-engine-1.7.0.jar:/Users/zhangcun/.m2/repository/org/mockito/mockito-junit-jupiter/3.6.0/mockito-junit-jupiter-3.6.0.jar:/Users/zhangcun/.m2/repository/org/assertj/assertj-core/3.18.1/assertj-core-3.18.1.jar:/Users/zhangcun/.m2/repository/org/hamcrest/hamcrest/2.2/hamcrest-2.2.jar:/Users/zhangcun/.m2/repository/org/mockito/mockito-core/3.6.0/mockito-core-3.6.0.jar:/Users/zhangcun/.m2/repository/net/bytebuddy/byte-buddy/1.10.18/byte-buddy-1.10.18.jar:/Users/zhangcun/.m2/repository/net/bytebuddy/byte-buddy-agent/1.10.18/byte-buddy-agent-1.10.18.jar:/Users/zhangcun/.m2/repository/org/objenesis/objenesis/3.1/objenesis-3.1.jar:/Users/zhangcun/.m2/repository/org/skyscreamer/jsonassert/1.5.0/jsonassert-1.5.0.jar:/Users/zhangcun/.m2/repository/com/vaadin/external/google/android-json/0.0.20131108.vaadin1/android-json-0.0.20131108.vaadin1.jar:/Users/zhangcun/.m2/repository/org/springframework/spring-core/5.3.1/spring-core-5.3.1.jar:/Users/zhangcun/.m2/repository/org/springframework/spring-jcl/5.3.1/spring-jcl-5.3.1.jar:/Users/zhangcun/.m2/repository/org/springframework/spring-test/5.3.1/spring-test-5.3.1.jar:/Users/zhangcun/.m2/repository/org/xmlunit/xmlunit-core/2.7.0/xmlunit-core-2.7.0.jar:/Users/zhangcun/.m2/repository/junit/junit/4.12/junit-4.12.jar:/Users/zhangcun/.m2/repository/org/hamcrest/hamcrest-core/2.2/hamcrest-core-2.2.jar:/Users/zhangcun/.m2/repository/org/projectlombok/lombok/1.18.34/lombok-1.18.34.jar:"/>
    <property name="java.vm.vendor" value="Oracle Corporation"/>
    <property name="sun.arch.data.model" value="64"/>
    <property name="java.vendor.url" value="https://java.oracle.com/"/>
    <property name="os.name" value="Mac OS X"/>
    <property name="java.vm.specification.version" value="17"/>
    <property name="sun.java.launcher" value="SUN_STANDARD"/>
    <property name="user.country" value="CN"/>
    <property name="sun.boot.library.path" value="/Users/zhangcun/opt/jdk-17.0.13.jdk/Contents/Home/lib"/>
    <property name="sun.java.command" value="/Users/zhangcun/shangou/gulimall/gulimall-product/target/surefire/surefirebooter2327936657459688476.jar /Users/zhangcun/shangou/gulimall/gulimall-product/target/surefire 2025-03-09T17-53-45_364-jvmRun1 surefire14804195462388429414tmp surefire_37825506327818829824tmp"/>
    <property name="jdk.debug" value="release"/>
    <property name="surefire.test.class.path" value="/Users/zhangcun/shangou/gulimall/gulimall-product/target/test-classes:/Users/zhangcun/shangou/gulimall/gulimall-product/target/classes:/Users/zhangcun/shangou/gulimall/gulimall-common/target/gulimall-common-0.0.1-SNAPSHOT.jar:/Users/zhangcun/.m2/repository/com/baomidou/mybatis-plus-boot-starter/3.2.0/mybatis-plus-boot-starter-3.2.0.jar:/Users/zhangcun/.m2/repository/com/baomidou/mybatis-plus/3.2.0/mybatis-plus-3.2.0.jar:/Users/zhangcun/.m2/repository/com/baomidou/mybatis-plus-extension/3.2.0/mybatis-plus-extension-3.2.0.jar:/Users/zhangcun/.m2/repository/com/baomidou/mybatis-plus-core/3.2.0/mybatis-plus-core-3.2.0.jar:/Users/zhangcun/.m2/repository/com/baomidou/mybatis-plus-annotation/3.2.0/mybatis-plus-annotation-3.2.0.jar:/Users/zhangcun/.m2/repository/com/github/jsqlparser/jsqlparser/2.1/jsqlparser-2.1.jar:/Users/zhangcun/.m2/repository/org/mybatis/mybatis/3.5.2/mybatis-3.5.2.jar:/Users/zhangcun/.m2/repository/org/mybatis/mybatis-spring/2.0.2/mybatis-spring-2.0.2.jar:/Users/zhangcun/.m2/repository/org/springframework/boot/spring-boot-autoconfigure/2.4.0/spring-boot-autoconfigure-2.4.0.jar:/Users/zhangcun/.m2/repository/org/springframework/boot/spring-boot-starter-jdbc/2.4.0/spring-boot-starter-jdbc-2.4.0.jar:/Users/zhangcun/.m2/repository/com/zaxxer/HikariCP/3.4.5/HikariCP-3.4.5.jar:/Users/zhangcun/.m2/repository/org/springframework/spring-jdbc/5.3.1/spring-jdbc-5.3.1.jar:/Users/zhangcun/.m2/repository/org/springframework/spring-tx/5.3.1/spring-tx-5.3.1.jar:/Users/zhangcun/.m2/repository/commons-lang/commons-lang/2.6/commons-lang-2.6.jar:/Users/zhangcun/.m2/repository/org/apache/httpcomponents/httpcore/4.4.13/httpcore-4.4.13.jar:/Users/zhangcun/.m2/repository/mysql/mysql-connector-java/8.0.22/mysql-connector-java-8.0.22.jar:/Users/zhangcun/.m2/repository/jakarta/validation/jakarta.validation-api/2.0.2/jakarta.validation-api-2.0.2.jar:/Users/zhangcun/.m2/repository/com/alibaba/cloud/spring-cloud-starter-alibaba-nacos-discovery/2021.1/spring-cloud-starter-alibaba-nacos-discovery-2021.1.jar:/Users/zhangcun/.m2/repository/com/alibaba/cloud/spring-cloud-alibaba-commons/2021.1/spring-cloud-alibaba-commons-2021.1.jar:/Users/zhangcun/.m2/repository/com/alibaba/nacos/nacos-client/1.4.1/nacos-client-1.4.1.jar:/Users/zhangcun/.m2/repository/com/alibaba/nacos/nacos-common/1.4.1/nacos-common-1.4.1.jar:/Users/zhangcun/.m2/repository/commons-io/commons-io/2.2/commons-io-2.2.jar:/Users/zhangcun/.m2/repository/org/apache/httpcomponents/httpasyncclient/4.1.4/httpasyncclient-4.1.4.jar:/Users/zhangcun/.m2/repository/org/apache/httpcomponents/httpcore-nio/4.4.13/httpcore-nio-4.4.13.jar:/Users/zhangcun/.m2/repository/org/apache/httpcomponents/httpclient/4.5.13/httpclient-4.5.13.jar:/Users/zhangcun/.m2/repository/com/alibaba/nacos/nacos-api/1.4.1/nacos-api-1.4.1.jar:/Users/zhangcun/.m2/repository/com/google/guava/guava/24.1.1-jre/guava-24.1.1-jre.jar:/Users/zhangcun/.m2/repository/com/google/code/findbugs/jsr305/1.3.9/jsr305-1.3.9.jar:/Users/zhangcun/.m2/repository/org/checkerframework/checker-compat-qual/2.0.0/checker-compat-qual-2.0.0.jar:/Users/zhangcun/.m2/repository/com/google/errorprone/error_prone_annotations/2.1.3/error_prone_annotations-2.1.3.jar:/Users/zhangcun/.m2/repository/com/google/j2objc/j2objc-annotations/1.1/j2objc-annotations-1.1.jar:/Users/zhangcun/.m2/repository/org/codehaus/mojo/animal-sniffer-annotations/1.14/animal-sniffer-annotations-1.14.jar:/Users/zhangcun/.m2/repository/commons-codec/commons-codec/1.15/commons-codec-1.15.jar:/Users/zhangcun/.m2/repository/com/fasterxml/jackson/core/jackson-core/2.11.3/jackson-core-2.11.3.jar:/Users/zhangcun/.m2/repository/com/fasterxml/jackson/core/jackson-databind/2.11.3/jackson-databind-2.11.3.jar:/Users/zhangcun/.m2/repository/com/fasterxml/jackson/core/jackson-annotations/2.11.3/jackson-annotations-2.11.3.jar:/Users/zhangcun/.m2/repository/io/prometheus/simpleclient/0.5.0/simpleclient-0.5.0.jar:/Users/zhangcun/.m2/repository/com/alibaba/spring/spring-context-support/1.0.10/spring-context-support-1.0.10.jar:/Users/zhangcun/.m2/repository/org/springframework/cloud/spring-cloud-commons/3.0.1/spring-cloud-commons-3.0.1.jar:/Users/zhangcun/.m2/repository/org/springframework/security/spring-security-crypto/5.4.1/spring-security-crypto-5.4.1.jar:/Users/zhangcun/.m2/repository/org/springframework/cloud/spring-cloud-context/3.0.1/spring-cloud-context-3.0.1.jar:/Users/zhangcun/.m2/repository/com/alibaba/cloud/spring-cloud-starter-alibaba-nacos-config/2021.1/spring-cloud-starter-alibaba-nacos-config-2021.1.jar:/Users/zhangcun/.m2/repository/org/springframework/cloud/spring-cloud-starter-bootstrap/3.1.0/spring-cloud-starter-bootstrap-3.1.0.jar:/Users/zhangcun/.m2/repository/org/springframework/cloud/spring-cloud-starter/3.1.0/spring-cloud-starter-3.1.0.jar:/Users/zhangcun/.m2/repository/org/springframework/security/spring-security-rsa/1.0.10.RELEASE/spring-security-rsa-1.0.10.RELEASE.jar:/Users/zhangcun/.m2/repository/org/bouncycastle/bcpkix-jdk15on/1.68/bcpkix-jdk15on-1.68.jar:/Users/zhangcun/.m2/repository/org/bouncycastle/bcprov-jdk15on/1.68/bcprov-jdk15on-1.68.jar:/Users/zhangcun/.m2/repository/org/springframework/cloud/spring-cloud-starter-loadbalancer/3.0.0/spring-cloud-starter-loadbalancer-3.0.0.jar:/Users/zhangcun/.m2/repository/org/springframework/cloud/spring-cloud-loadbalancer/3.0.0/spring-cloud-loadbalancer-3.0.0.jar:/Users/zhangcun/.m2/repository/org/springframework/boot/spring-boot-starter-validation/2.4.0/spring-boot-starter-validation-2.4.0.jar:/Users/zhangcun/.m2/repository/org/glassfish/jakarta.el/3.0.3/jakarta.el-3.0.3.jar:/Users/zhangcun/.m2/repository/org/hibernate/validator/hibernate-validator/6.1.6.Final/hibernate-validator-6.1.6.Final.jar:/Users/zhangcun/.m2/repository/org/jboss/logging/jboss-logging/3.4.1.Final/jboss-logging-3.4.1.Final.jar:/Users/zhangcun/.m2/repository/com/fasterxml/classmate/1.5.1/classmate-1.5.1.jar:/Users/zhangcun/.m2/repository/io/projectreactor/reactor-core/3.4.0/reactor-core-3.4.0.jar:/Users/zhangcun/.m2/repository/org/reactivestreams/reactive-streams/1.0.3/reactive-streams-1.0.3.jar:/Users/zhangcun/.m2/repository/io/projectreactor/addons/reactor-extra/3.4.0/reactor-extra-3.4.0.jar:/Users/zhangcun/.m2/repository/org/springframework/boot/spring-boot-starter-cache/2.4.0/spring-boot-starter-cache-2.4.0.jar:/Users/zhangcun/.m2/repository/org/springframework/spring-context-support/5.3.1/spring-context-support-5.3.1.jar:/Users/zhangcun/.m2/repository/com/stoyanr/evictor/1.0.0/evictor-1.0.0.jar:/Users/zhangcun/.m2/repository/org/springframework/cloud/spring-cloud-starter-gateway/3.0.0/spring-cloud-starter-gateway-3.0.0.jar:/Users/zhangcun/.m2/repository/org/springframework/cloud/spring-cloud-gateway-server/3.0.0/spring-cloud-gateway-server-3.0.0.jar:/Users/zhangcun/.m2/repository/org/springframework/boot/spring-boot-starter-webflux/2.4.0/spring-boot-starter-webflux-2.4.0.jar:/Users/zhangcun/.m2/repository/org/springframework/boot/spring-boot-starter-json/2.4.0/spring-boot-starter-json-2.4.0.jar:/Users/zhangcun/.m2/repository/com/fasterxml/jackson/datatype/jackson-datatype-jdk8/2.11.3/jackson-datatype-jdk8-2.11.3.jar:/Users/zhangcun/.m2/repository/com/fasterxml/jackson/datatype/jackson-datatype-jsr310/2.11.3/jackson-datatype-jsr310-2.11.3.jar:/Users/zhangcun/.m2/repository/com/fasterxml/jackson/module/jackson-module-parameter-names/2.11.3/jackson-module-parameter-names-2.11.3.jar:/Users/zhangcun/.m2/repository/org/springframework/boot/spring-boot-starter-reactor-netty/2.4.0/spring-boot-starter-reactor-netty-2.4.0.jar:/Users/zhangcun/.m2/repository/io/projectreactor/netty/reactor-netty-http/1.0.1/reactor-netty-http-1.0.1.jar:/Users/zhangcun/.m2/repository/io/netty/netty-codec-http/4.1.54.Final/netty-codec-http-4.1.54.Final.jar:/Users/zhangcun/.m2/repository/io/netty/netty-common/4.1.54.Final/netty-common-4.1.54.Final.jar:/Users/zhangcun/.m2/repository/io/netty/netty-buffer/4.1.54.Final/netty-buffer-4.1.54.Final.jar:/Users/zhangcun/.m2/repository/io/netty/netty-transport/4.1.54.Final/netty-transport-4.1.54.Final.jar:/Users/zhangcun/.m2/repository/io/netty/netty-codec/4.1.54.Final/netty-codec-4.1.54.Final.jar:/Users/zhangcun/.m2/repository/io/netty/netty-handler/4.1.54.Final/netty-handler-4.1.54.Final.jar:/Users/zhangcun/.m2/repository/io/netty/netty-codec-http2/4.1.54.Final/netty-codec-http2-4.1.54.Final.jar:/Users/zhangcun/.m2/repository/io/netty/netty-resolver-dns/4.1.54.Final/netty-resolver-dns-4.1.54.Final.jar:/Users/zhangcun/.m2/repository/io/netty/netty-resolver/4.1.54.Final/netty-resolver-4.1.54.Final.jar:/Users/zhangcun/.m2/repository/io/netty/netty-codec-dns/4.1.54.Final/netty-codec-dns-4.1.54.Final.jar:/Users/zhangcun/.m2/repository/io/netty/netty-transport-native-epoll/4.1.54.Final/netty-transport-native-epoll-4.1.54.Final-linux-x86_64.jar:/Users/zhangcun/.m2/repository/io/netty/netty-transport-native-unix-common/4.1.54.Final/netty-transport-native-unix-common-4.1.54.Final.jar:/Users/zhangcun/.m2/repository/io/projectreactor/netty/reactor-netty-core/1.0.1/reactor-netty-core-1.0.1.jar:/Users/zhangcun/.m2/repository/io/netty/netty-handler-proxy/4.1.54.Final/netty-handler-proxy-4.1.54.Final.jar:/Users/zhangcun/.m2/repository/io/netty/netty-codec-socks/4.1.54.Final/netty-codec-socks-4.1.54.Final.jar:/Users/zhangcun/.m2/repository/org/springframework/spring-web/5.3.1/spring-web-5.3.1.jar:/Users/zhangcun/.m2/repository/org/springframework/spring-beans/5.3.1/spring-beans-5.3.1.jar:/Users/zhangcun/.m2/repository/org/springframework/spring-webflux/5.3.1/spring-webflux-5.3.1.jar:/Users/zhangcun/.m2/repository/org/springframework/boot/spring-boot-starter/2.4.0/spring-boot-starter-2.4.0.jar:/Users/zhangcun/.m2/repository/org/springframework/boot/spring-boot/2.4.0/spring-boot-2.4.0.jar:/Users/zhangcun/.m2/repository/org/springframework/spring-context/5.3.1/spring-context-5.3.1.jar:/Users/zhangcun/.m2/repository/org/springframework/spring-aop/5.3.1/spring-aop-5.3.1.jar:/Users/zhangcun/.m2/repository/org/springframework/spring-expression/5.3.1/spring-expression-5.3.1.jar:/Users/zhangcun/.m2/repository/org/springframework/boot/spring-boot-starter-logging/2.4.0/spring-boot-starter-logging-2.4.0.jar:/Users/zhangcun/.m2/repository/ch/qos/logback/logback-classic/1.2.3/logback-classic-1.2.3.jar:/Users/zhangcun/.m2/repository/ch/qos/logback/logback-core/1.2.3/logback-core-1.2.3.jar:/Users/zhangcun/.m2/repository/org/apache/logging/log4j/log4j-to-slf4j/2.13.3/log4j-to-slf4j-2.13.3.jar:/Users/zhangcun/.m2/repository/org/apache/logging/log4j/log4j-api/2.13.3/log4j-api-2.13.3.jar:/Users/zhangcun/.m2/repository/org/slf4j/jul-to-slf4j/1.7.30/jul-to-slf4j-1.7.30.jar:/Users/zhangcun/.m2/repository/jakarta/annotation/jakarta.annotation-api/1.3.5/jakarta.annotation-api-1.3.5.jar:/Users/zhangcun/.m2/repository/org/yaml/snakeyaml/1.27/snakeyaml-1.27.jar:/Users/zhangcun/.m2/repository/org/springframework/boot/spring-boot-starter-test/2.2.6.RELEASE/spring-boot-starter-test-2.2.6.RELEASE.jar:/Users/zhangcun/.m2/repository/org/springframework/boot/spring-boot-test/2.4.0/spring-boot-test-2.4.0.jar:/Users/zhangcun/.m2/repository/org/springframework/boot/spring-boot-test-autoconfigure/2.4.0/spring-boot-test-autoconfigure-2.4.0.jar:/Users/zhangcun/.m2/repository/com/jayway/jsonpath/json-path/2.4.0/json-path-2.4.0.jar:/Users/zhangcun/.m2/repository/net/minidev/json-smart/2.3/json-smart-2.3.jar:/Users/zhangcun/.m2/repository/net/minidev/accessors-smart/1.2/accessors-smart-1.2.jar:/Users/zhangcun/.m2/repository/org/ow2/asm/asm/5.0.4/asm-5.0.4.jar:/Users/zhangcun/.m2/repository/org/slf4j/slf4j-api/1.7.30/slf4j-api-1.7.30.jar:/Users/zhangcun/.m2/repository/jakarta/xml/bind/jakarta.xml.bind-api/2.3.3/jakarta.xml.bind-api-2.3.3.jar:/Users/zhangcun/.m2/repository/jakarta/activation/jakarta.activation-api/1.2.2/jakarta.activation-api-1.2.2.jar:/Users/zhangcun/.m2/repository/org/junit/jupiter/junit-jupiter/5.7.0/junit-jupiter-5.7.0.jar:/Users/zhangcun/.m2/repository/org/junit/jupiter/junit-jupiter-api/5.7.0/junit-jupiter-api-5.7.0.jar:/Users/zhangcun/.m2/repository/org/opentest4j/opentest4j/1.2.0/opentest4j-1.2.0.jar:/Users/zhangcun/.m2/repository/org/junit/platform/junit-platform-commons/1.7.0/junit-platform-commons-1.7.0.jar:/Users/zhangcun/.m2/repository/org/junit/jupiter/junit-jupiter-params/5.7.0/junit-jupiter-params-5.7.0.jar:/Users/zhangcun/.m2/repository/org/junit/jupiter/junit-jupiter-engine/5.7.0/junit-jupiter-engine-5.7.0.jar:/Users/zhangcun/.m2/repository/org/junit/vintage/junit-vintage-engine/5.7.0/junit-vintage-engine-5.7.0.jar:/Users/zhangcun/.m2/repository/org/apiguardian/apiguardian-api/1.1.0/apiguardian-api-1.1.0.jar:/Users/zhangcun/.m2/repository/org/junit/platform/junit-platform-engine/1.7.0/junit-platform-engine-1.7.0.jar:/Users/zhangcun/.m2/repository/org/mockito/mockito-junit-jupiter/3.6.0/mockito-junit-jupiter-3.6.0.jar:/Users/zhangcun/.m2/repository/org/assertj/assertj-core/3.18.1/assertj-core-3.18.1.jar:/Users/zhangcun/.m2/repository/org/hamcrest/hamcrest/2.2/hamcrest-2.2.jar:/Users/zhangcun/.m2/repository/org/mockito/mockito-core/3.6.0/mockito-core-3.6.0.jar:/Users/zhangcun/.m2/repository/net/bytebuddy/byte-buddy/1.10.18/byte-buddy-1.10.18.jar:/Users/zhangcun/.m2/repository/net/bytebuddy/byte-buddy-agent/1.10.18/byte-buddy-agent-1.10.18.jar:/Users/zhangcun/.m2/repository/org/objenesis/objenesis/3.1/objenesis-3.1.jar:/Users/zhangcun/.m2/repository/org/skyscreamer/jsonassert/1.5.0/jsonassert-1.5.0.jar:/Users/zhangcun/.m2/repository/com/vaadin/external/google/android-json/0.0.20131108.vaadin1/android-json-0.0.20131108.vaadin1.jar:/Users/zhangcun/.m2/repository/org/springframework/spring-core/5.3.1/spring-core-5.3.1.jar:/Users/zhangcun/.m2/repository/org/springframework/spring-jcl/5.3.1/spring-jcl-5.3.1.jar:/Users/zhangcun/.m2/repository/org/springframework/spring-test/5.3.1/spring-test-5.3.1.jar:/Users/zhangcun/.m2/repository/org/xmlunit/xmlunit-core/2.7.0/xmlunit-core-2.7.0.jar:/Users/zhangcun/.m2/repository/junit/junit/4.12/junit-4.12.jar:/Users/zhangcun/.m2/repository/org/hamcrest/hamcrest-core/2.2/hamcrest-core-2.2.jar:/Users/zhangcun/.m2/repository/org/projectlombok/lombok/1.18.34/lombok-1.18.34.jar:"/>
    <property name="sun.cpu.endian" value="little"/>
    <property name="user.home" value="/Users/zhangcun"/>
    <property name="user.language" value="zh"/>
    <property name="java.specification.vendor" value="Oracle Corporation"/>
    <property name="java.version.date" value="2024-10-15"/>
    <property name="java.home" value="/Users/zhangcun/opt/jdk-17.0.13.jdk/Contents/Home"/>
    <property name="file.separator" value="/"/>
    <property name="basedir" value="/Users/zhangcun/shangou/gulimall/gulimall-product"/>
    <property name="java.vm.compressedOopsMode" value="Zero based"/>
    <property name="line.separator" value="&#10;"/>
    <property name="java.specification.name" value="Java Platform API Specification"/>
    <property name="java.vm.specification.vendor" value="Oracle Corporation"/>
    <property name="surefire.real.class.path" value="/Users/zhangcun/shangou/gulimall/gulimall-product/target/surefire/surefirebooter2327936657459688476.jar"/>
    <property name="user.script" value="Hans"/>
    <property name="sun.management.compiler" value="HotSpot 64-Bit Tiered Compilers"/>
    <property name="java.runtime.version" value="17.0.13+10-LTS-268"/>
    <property name="user.name" value="zhangcun"/>
    <property name="path.separator" value=":"/>
    <property name="os.version" value="14.2"/>
    <property name="java.runtime.name" value="Java(TM) SE Runtime Environment"/>
    <property name="file.encoding" value="UTF-8"/>
    <property name="java.vm.name" value="Java HotSpot(TM) 64-Bit Server VM"/>
    <property name="localRepository" value="/Users/zhangcun/.m2/repository"/>
    <property name="java.vendor.url.bug" value="https://bugreport.java.com/bugreport/"/>
    <property name="java.io.tmpdir" value="/var/folders/hn/c8rj9vps65x1rpq26klvm2t80000gn/T/"/>
    <property name="java.version" value="17.0.13"/>
    <property name="user.dir" value="/Users/zhangcun/shangou/gulimall/gulimall-product"/>
    <property name="os.arch" value="aarch64"/>
    <property name="java.vm.specification.name" value="Java Virtual Machine Specification"/>
    <property name="native.encoding" value="UTF-8"/>
    <property name="java.library.path" value="/Users/zhangcun/Library/Java/Extensions:/Library/Java/Extensions:/Network/Library/Java/Extensions:/System/Library/Java/Extensions:/usr/lib/java:."/>
    <property name="java.vm.info" value="mixed mode, sharing"/>
    <property name="java.vendor" value="Oracle Corporation"/>
    <property name="java.vm.version" value="17.0.13+10-LTS-268"/>
    <property name="java.specification.maintenance.version" value="1"/>
    <property name="sun.io.unicode.encoding" value="UnicodeBig"/>
    <property name="java.class.version" value="61.0"/>
  </properties>
  <testcase name="contextLoads" classname="com.atguigu.gulimall.product.GulimallProductApplicationTests" time="1.191">
    <error message="nested exception is org.apache.ibatis.exceptions.PersistenceException: &#10;### Error querying database.  Cause: org.springframework.jdbc.CannotGetJdbcConnectionException: Failed to obtain JDBC Connection; nested exception is com.mysql.cj.jdbc.exceptions.CommunicationsException: Communications link failure&#10;&#10;The last packet sent successfully to the server was 0 milliseconds ago. The driver has not received any packets from the server.&#10;### The error may exist in com/atguigu/gulimall/product/dao/BrandDao.java (best guess)&#10;### The error may involve com.atguigu.gulimall.product.dao.BrandDao.selectList&#10;### The error occurred while executing a query&#10;### Cause: org.springframework.jdbc.CannotGetJdbcConnectionException: Failed to obtain JDBC Connection; nested exception is com.mysql.cj.jdbc.exceptions.CommunicationsException: Communications link failure&#10;&#10;The last packet sent successfully to the server was 0 milliseconds ago. The driver has not received any packets from the server." type="org.mybatis.spring.MyBatisSystemException">org.mybatis.spring.MyBatisSystemException: 
nested exception is org.apache.ibatis.exceptions.PersistenceException: 
### Error querying database.  Cause: org.springframework.jdbc.CannotGetJdbcConnectionException: Failed to obtain JDBC Connection; nested exception is com.mysql.cj.jdbc.exceptions.CommunicationsException: Communications link failure

The last packet sent successfully to the server was 0 milliseconds ago. The driver has not received any packets from the server.
### The error may exist in com/atguigu/gulimall/product/dao/BrandDao.java (best guess)
### The error may involve com.atguigu.gulimall.product.dao.BrandDao.selectList
### The error occurred while executing a query
### Cause: org.springframework.jdbc.CannotGetJdbcConnectionException: Failed to obtain JDBC Connection; nested exception is com.mysql.cj.jdbc.exceptions.CommunicationsException: Communications link failure

The last packet sent successfully to the server was 0 milliseconds ago. The driver has not received any packets from the server.
	at com.atguigu.gulimall.product.GulimallProductApplicationTests.contextLoads(GulimallProductApplicationTests.java:31)
Caused by: org.apache.ibatis.exceptions.PersistenceException: 

### Error querying database.  Cause: org.springframework.jdbc.CannotGetJdbcConnectionException: Failed to obtain JDBC Connection; nested exception is com.mysql.cj.jdbc.exceptions.CommunicationsException: Communications link failure

The last packet sent successfully to the server was 0 milliseconds ago. The driver has not received any packets from the server.
### The error may exist in com/atguigu/gulimall/product/dao/BrandDao.java (best guess)
### The error may involve com.atguigu.gulimall.product.dao.BrandDao.selectList
### The error occurred while executing a query
### Cause: org.springframework.jdbc.CannotGetJdbcConnectionException: Failed to obtain JDBC Connection; nested exception is com.mysql.cj.jdbc.exceptions.CommunicationsException: Communications link failure

The last packet sent successfully to the server was 0 milliseconds ago. The driver has not received any packets from the server.
	at com.atguigu.gulimall.product.GulimallProductApplicationTests.contextLoads(GulimallProductApplicationTests.java:31)
Caused by: org.springframework.jdbc.CannotGetJdbcConnectionException: 
Failed to obtain JDBC Connection; nested exception is com.mysql.cj.jdbc.exceptions.CommunicationsException: Communications link failure

The last packet sent successfully to the server was 0 milliseconds ago. The driver has not received any packets from the server.
	at com.atguigu.gulimall.product.GulimallProductApplicationTests.contextLoads(GulimallProductApplicationTests.java:31)
Caused by: com.mysql.cj.jdbc.exceptions.CommunicationsException: 
Communications link failure

The last packet sent successfully to the server was 0 milliseconds ago. The driver has not received any packets from the server.
	at com.atguigu.gulimall.product.GulimallProductApplicationTests.contextLoads(GulimallProductApplicationTests.java:31)
Caused by: com.mysql.cj.exceptions.CJCommunicationsException: 
Communications link failure

The last packet sent successfully to the server was 0 milliseconds ago. The driver has not received any packets from the server.
	at com.atguigu.gulimall.product.GulimallProductApplicationTests.contextLoads(GulimallProductApplicationTests.java:31)
Caused by: java.net.ConnectException: Connection refused
	at com.atguigu.gulimall.product.GulimallProductApplicationTests.contextLoads(GulimallProductApplicationTests.java:31)
</error>
    <system-out><![CDATA[17:54:29.341 [main] DEBUG org.springframework.test.context.BootstrapUtils - Instantiating CacheAwareContextLoaderDelegate from class [org.springframework.test.context.cache.DefaultCacheAwareContextLoaderDelegate]
17:54:29.345 [main] DEBUG org.springframework.test.context.BootstrapUtils - Instantiating BootstrapContext using constructor [public org.springframework.test.context.support.DefaultBootstrapContext(java.lang.Class,org.springframework.test.context.CacheAwareContextLoaderDelegate)]
17:54:29.355 [main] DEBUG org.springframework.test.context.BootstrapUtils - Instantiating TestContextBootstrapper for test class [com.atguigu.gulimall.product.GulimallProductApplicationTests] from class [org.springframework.boot.test.context.SpringBootTestContextBootstrapper]
17:54:29.358 [main] INFO org.springframework.boot.test.context.SpringBootTestContextBootstrapper - Neither @ContextConfiguration nor @ContextHierarchy found for test class [com.atguigu.gulimall.product.GulimallProductApplicationTests], using SpringBootContextLoader
17:54:29.360 [main] DEBUG org.springframework.test.context.support.AbstractContextLoader - Did not detect default resource location for test class [com.atguigu.gulimall.product.GulimallProductApplicationTests]: class path resource [com/atguigu/gulimall/product/GulimallProductApplicationTests-context.xml] does not exist
17:54:29.360 [main] DEBUG org.springframework.test.context.support.AbstractContextLoader - Did not detect default resource location for test class [com.atguigu.gulimall.product.GulimallProductApplicationTests]: class path resource [com/atguigu/gulimall/product/GulimallProductApplicationTestsContext.groovy] does not exist
17:54:29.360 [main] INFO org.springframework.test.context.support.AbstractContextLoader - Could not detect default resource locations for test class [com.atguigu.gulimall.product.GulimallProductApplicationTests]: no resource found for suffixes {-context.xml, Context.groovy}.
17:54:29.360 [main] INFO org.springframework.test.context.support.AnnotationConfigContextLoaderUtils - Could not detect default configuration classes for test class [com.atguigu.gulimall.product.GulimallProductApplicationTests]: GulimallProductApplicationTests does not declare any static, non-private, non-final, nested classes annotated with @Configuration.
17:54:29.373 [main] DEBUG org.springframework.test.context.support.ActiveProfilesUtils - Could not find an 'annotation declaring class' for annotation type [org.springframework.test.context.ActiveProfiles] and class [com.atguigu.gulimall.product.GulimallProductApplicationTests]
17:54:29.392 [main] DEBUG org.springframework.context.annotation.ClassPathScanningCandidateComponentProvider - Identified candidate component class: file [/Users/zhangcun/shangou/gulimall/gulimall-product/target/classes/com/atguigu/gulimall/product/GulimallProductApplication.class]
17:54:29.392 [main] INFO org.springframework.boot.test.context.SpringBootTestContextBootstrapper - Found @SpringBootConfiguration com.atguigu.gulimall.product.GulimallProductApplication for test class com.atguigu.gulimall.product.GulimallProductApplicationTests
17:54:29.414 [main] DEBUG org.springframework.boot.test.context.SpringBootTestContextBootstrapper - @TestExecutionListeners is not present for class [com.atguigu.gulimall.product.GulimallProductApplicationTests]: using defaults.
17:54:29.414 [main] INFO org.springframework.boot.test.context.SpringBootTestContextBootstrapper - Loaded default TestExecutionListener class names from location [META-INF/spring.factories]: [org.springframework.boot.test.mock.mockito.MockitoTestExecutionListener, org.springframework.boot.test.mock.mockito.ResetMocksTestExecutionListener, org.springframework.boot.test.autoconfigure.restdocs.RestDocsTestExecutionListener, org.springframework.boot.test.autoconfigure.web.client.MockRestServiceServerResetTestExecutionListener, org.springframework.boot.test.autoconfigure.web.servlet.MockMvcPrintOnlyOnFailureTestExecutionListener, org.springframework.boot.test.autoconfigure.web.servlet.WebDriverTestExecutionListener, org.springframework.boot.test.autoconfigure.webservices.client.MockWebServiceServerTestExecutionListener, org.springframework.test.context.web.ServletTestExecutionListener, org.springframework.test.context.support.DirtiesContextBeforeModesTestExecutionListener, org.springframework.test.context.support.DependencyInjectionTestExecutionListener, org.springframework.test.context.support.DirtiesContextTestExecutionListener, org.springframework.test.context.transaction.TransactionalTestExecutionListener, org.springframework.test.context.jdbc.SqlScriptsTestExecutionListener, org.springframework.test.context.event.EventPublishingTestExecutionListener]
17:54:29.416 [main] DEBUG org.springframework.boot.test.context.SpringBootTestContextBootstrapper - Skipping candidate TestExecutionListener [org.springframework.test.context.web.ServletTestExecutionListener] due to a missing dependency. Specify custom listener classes or make the default listener classes and their required dependencies available. Offending class: [javax/servlet/ServletContext]
17:54:29.418 [main] INFO org.springframework.boot.test.context.SpringBootTestContextBootstrapper - Using TestExecutionListeners: [org.springframework.test.context.support.DirtiesContextBeforeModesTestExecutionListener@5ddcc487, org.springframework.boot.test.mock.mockito.MockitoTestExecutionListener@16eccb2e, org.springframework.boot.test.autoconfigure.SpringBootDependencyInjectionTestExecutionListener@5ef5c734, org.springframework.test.context.support.DirtiesContextTestExecutionListener@d771cc9, org.springframework.test.context.transaction.TransactionalTestExecutionListener@36b4091c, org.springframework.test.context.jdbc.SqlScriptsTestExecutionListener@4671115f, org.springframework.test.context.event.EventPublishingTestExecutionListener@36cda2c2, org.springframework.boot.test.mock.mockito.ResetMocksTestExecutionListener@3697186, org.springframework.boot.test.autoconfigure.restdocs.RestDocsTestExecutionListener@1583741e, org.springframework.boot.test.autoconfigure.web.client.MockRestServiceServerResetTestExecutionListener@5b367418, org.springframework.boot.test.autoconfigure.web.servlet.MockMvcPrintOnlyOnFailureTestExecutionListener@36060e, org.springframework.boot.test.autoconfigure.web.servlet.WebDriverTestExecutionListener@481ba2cf, org.springframework.boot.test.autoconfigure.webservices.client.MockWebServiceServerTestExecutionListener@46b61c56]
17:54:29.419 [main] DEBUG org.springframework.test.context.support.AbstractDirtiesContextTestExecutionListener - Before test class: context [DefaultTestContext@1339e7aa testClass = GulimallProductApplicationTests, testInstance = [null], testMethod = [null], testException = [null], mergedContextConfiguration = [ReactiveWebMergedContextConfiguration@1fb669c3 testClass = GulimallProductApplicationTests, locations = '{}', classes = '{class com.atguigu.gulimall.product.GulimallProductApplication}', contextInitializerClasses = '[]', activeProfiles = '{}', propertySourceLocations = '{}', propertySourceProperties = '{org.springframework.boot.test.context.SpringBootTestContextBootstrapper=true}', contextCustomizers = set[org.springframework.boot.test.context.filter.ExcludeFilterContextCustomizer@10feca44, org.springframework.boot.test.json.DuplicateJsonObjectContextCustomizerFactory$DuplicateJsonObjectContextCustomizer@4d02f94e, org.springframework.boot.test.mock.mockito.MockitoContextCustomizer@0, org.springframework.boot.test.web.client.TestRestTemplateContextCustomizer@78123e82, org.springframework.boot.test.web.reactive.server.WebTestClientContextCustomizer@16a0ee18, org.springframework.boot.test.autoconfigure.actuate.metrics.MetricsExportContextCustomizerFactory$DisableMetricExportContextCustomizer@156b88f5, org.springframework.boot.test.autoconfigure.properties.PropertyMappingContextCustomizer@0, org.springframework.boot.test.autoconfigure.web.servlet.WebDriverContextCustomizerFactory$Customizer@5acf93bb, org.springframework.boot.test.context.SpringBootTestArgs@1, org.springframework.boot.test.context.SpringBootTestWebEnvironment@2d8f65a4], contextLoader = 'org.springframework.boot.test.context.SpringBootContextLoader', parent = [null]], attributes = map[[empty]]], class annotated with @DirtiesContext [false] with mode [null].
17:54:29.423 [main] DEBUG org.springframework.test.context.support.DependencyInjectionTestExecutionListener - Performing dependency injection for test context [[DefaultTestContext@1339e7aa testClass = GulimallProductApplicationTests, testInstance = com.atguigu.gulimall.product.GulimallProductApplicationTests@6cce16f4, testMethod = [null], testException = [null], mergedContextConfiguration = [ReactiveWebMergedContextConfiguration@1fb669c3 testClass = GulimallProductApplicationTests, locations = '{}', classes = '{class com.atguigu.gulimall.product.GulimallProductApplication}', contextInitializerClasses = '[]', activeProfiles = '{}', propertySourceLocations = '{}', propertySourceProperties = '{org.springframework.boot.test.context.SpringBootTestContextBootstrapper=true}', contextCustomizers = set[org.springframework.boot.test.context.filter.ExcludeFilterContextCustomizer@10feca44, org.springframework.boot.test.json.DuplicateJsonObjectContextCustomizerFactory$DuplicateJsonObjectContextCustomizer@4d02f94e, org.springframework.boot.test.mock.mockito.MockitoContextCustomizer@0, org.springframework.boot.test.web.client.TestRestTemplateContextCustomizer@78123e82, org.springframework.boot.test.web.reactive.server.WebTestClientContextCustomizer@16a0ee18, org.springframework.boot.test.autoconfigure.actuate.metrics.MetricsExportContextCustomizerFactory$DisableMetricExportContextCustomizer@156b88f5, org.springframework.boot.test.autoconfigure.properties.PropertyMappingContextCustomizer@0, org.springframework.boot.test.autoconfigure.web.servlet.WebDriverContextCustomizerFactory$Customizer@5acf93bb, org.springframework.boot.test.context.SpringBootTestArgs@1, org.springframework.boot.test.context.SpringBootTestWebEnvironment@2d8f65a4], contextLoader = 'org.springframework.boot.test.context.SpringBootContextLoader', parent = [null]], attributes = map[[empty]]]].
17:54:29.430 [main] DEBUG org.springframework.test.context.support.TestPropertySourceUtils - Adding inlined properties to environment: {spring.jmx.enabled=false, org.springframework.boot.test.context.SpringBootTestContextBootstrapper=true}

  .   ____          _            __ _ _
 /\\ / ___'_ __ _ _(_)_ __  __ _ \ \ \ \
( ( )\___ | '_ | '_| | '_ \/ _` | \ \ \ \
 \\/  ___)| |_)| | | | | || (_| |  ) ) ) )
  '  |____| .__|_| |_|_| |_\__, | / / / /
 =========|_|==============|___/=/_/_/_/
 :: Spring Boot ::                (v2.4.0)

2025-03-09 17:54:31.743  INFO 55512 --- [           main] c.a.n.c.c.impl.LocalConfigInfoProcessor  : LOCAL_SNAPSHOT_PATH:/Users/zhangcun/nacos/config
2025-03-09 17:54:31.760  INFO 55512 --- [           main] c.a.nacos.client.config.impl.Limiter     : limitTime:5.0
2025-03-09 17:54:31.777  WARN 55512 --- [           main] c.a.c.n.c.NacosPropertySourceBuilder     : Ignore the empty nacos configuration and get it based on dataId[null.properties] & group[DEFAULT_GROUP]
2025-03-09 17:54:31.777  INFO 55512 --- [           main] b.c.PropertySourceBootstrapConfiguration : Located property source: [BootstrapPropertySource {name='bootstrapProperties-null.properties,DEFAULT_GROUP'}]
2025-03-09 17:54:31.782  INFO 55512 --- [           main] c.a.g.p.GulimallProductApplicationTests  : No active profile set, falling back to default profiles: default
2025-03-09 17:54:32.000  INFO 55512 --- [           main] o.s.cloud.context.scope.GenericScope     : BeanFactory id=d18f5b76-e056-34ed-9c85-2a28e5471507
2025-03-09 17:54:32.066  INFO 55512 --- [           main] trationDelegate$BeanPostProcessorChecker : Bean 'org.springframework.cloud.client.loadbalancer.reactive.LoadBalancerBeanPostProcessorAutoConfiguration' of type [org.springframework.cloud.client.loadbalancer.reactive.LoadBalancerBeanPostProcessorAutoConfiguration] is not eligible for getting processed by all BeanPostProcessors (for example: not eligible for auto-proxying)
2025-03-09 17:54:32.067  INFO 55512 --- [           main] trationDelegate$BeanPostProcessorChecker : Bean 'org.springframework.cloud.client.loadbalancer.reactive.LoadBalancerBeanPostProcessorAutoConfiguration$ReactorDeferringLoadBalancerFilterConfig' of type [org.springframework.cloud.client.loadbalancer.reactive.LoadBalancerBeanPostProcessorAutoConfiguration$ReactorDeferringLoadBalancerFilterConfig] is not eligible for getting processed by all BeanPostProcessors (for example: not eligible for auto-proxying)
2025-03-09 17:54:32.067  INFO 55512 --- [           main] trationDelegate$BeanPostProcessorChecker : Bean 'reactorDeferringLoadBalancerExchangeFilterFunction' of type [org.springframework.cloud.client.loadbalancer.reactive.DeferringLoadBalancerExchangeFilterFunction] is not eligible for getting processed by all BeanPostProcessors (for example: not eligible for auto-proxying)
 _ _   |_  _ _|_. ___ _ |    _ 
| | |\/|_)(_| | |_\  |_)||_|_\ 
     /               |         
                        3.2.0 
2025-03-09 17:54:33.467  INFO 55512 --- [           main] o.s.cloud.commons.util.InetUtils         : Cannot determine local hostname
2025-03-09 17:54:34.488  INFO 55512 --- [           main] o.s.cloud.commons.util.InetUtils         : Cannot determine local hostname
2025-03-09 17:54:34.640  INFO 55512 --- [           main] o.s.c.g.r.RouteDefinitionRouteLocator    : Loaded RoutePredicateFactory [After]
2025-03-09 17:54:34.641  INFO 55512 --- [           main] o.s.c.g.r.RouteDefinitionRouteLocator    : Loaded RoutePredicateFactory [Before]
2025-03-09 17:54:34.641  INFO 55512 --- [           main] o.s.c.g.r.RouteDefinitionRouteLocator    : Loaded RoutePredicateFactory [Between]
2025-03-09 17:54:34.641  INFO 55512 --- [           main] o.s.c.g.r.RouteDefinitionRouteLocator    : Loaded RoutePredicateFactory [Cookie]
2025-03-09 17:54:34.641  INFO 55512 --- [           main] o.s.c.g.r.RouteDefinitionRouteLocator    : Loaded RoutePredicateFactory [Header]
2025-03-09 17:54:34.641  INFO 55512 --- [           main] o.s.c.g.r.RouteDefinitionRouteLocator    : Loaded RoutePredicateFactory [Host]
2025-03-09 17:54:34.641  INFO 55512 --- [           main] o.s.c.g.r.RouteDefinitionRouteLocator    : Loaded RoutePredicateFactory [Method]
2025-03-09 17:54:34.641  INFO 55512 --- [           main] o.s.c.g.r.RouteDefinitionRouteLocator    : Loaded RoutePredicateFactory [Path]
2025-03-09 17:54:34.641  INFO 55512 --- [           main] o.s.c.g.r.RouteDefinitionRouteLocator    : Loaded RoutePredicateFactory [Query]
2025-03-09 17:54:34.641  INFO 55512 --- [           main] o.s.c.g.r.RouteDefinitionRouteLocator    : Loaded RoutePredicateFactory [ReadBody]
2025-03-09 17:54:34.641  INFO 55512 --- [           main] o.s.c.g.r.RouteDefinitionRouteLocator    : Loaded RoutePredicateFactory [RemoteAddr]
2025-03-09 17:54:34.641  INFO 55512 --- [           main] o.s.c.g.r.RouteDefinitionRouteLocator    : Loaded RoutePredicateFactory [Weight]
2025-03-09 17:54:34.641  INFO 55512 --- [           main] o.s.c.g.r.RouteDefinitionRouteLocator    : Loaded RoutePredicateFactory [CloudFoundryRouteService]
2025-03-09 17:54:34.712  INFO 55512 --- [           main] o.s.s.c.ThreadPoolTaskScheduler          : Initializing ExecutorService 'Nacos-Watch-Task-Scheduler'
2025-03-09 17:54:35.722  INFO 55512 --- [           main] o.s.cloud.commons.util.InetUtils         : Cannot determine local hostname
2025-03-09 17:54:35.805  WARN 55512 --- [           main] iguration$LoadBalancerCaffeineWarnLogger : Spring Cloud LoadBalancer is currently working with the default cache. You can switch to using Caffeine cache, by adding it to the classpath.
2025-03-09 17:54:35.814  INFO 55512 --- [           main] com.alibaba.nacos.client.naming          : initializer namespace from System Property :null
2025-03-09 17:54:35.814  INFO 55512 --- [           main] com.alibaba.nacos.client.naming          : initializer namespace from System Environment :null
2025-03-09 17:54:35.814  INFO 55512 --- [           main] com.alibaba.nacos.client.naming          : initializer namespace from System Property :null
2025-03-09 17:54:35.824 ERROR 55512 --- [           main] c.a.cloud.nacos.discovery.NacosWatch     : namingService subscribe failed, properties:NacosDiscoveryProperties{serverAddr='localhost:8848', endpoint='', namespace='', watchDelay=30000, logName='', service='', weight=1.0, clusterName='DEFAULT', group='DEFAULT_GROUP', namingLoadCacheAtStart='false', metadata={preserved.register.source=SPRING_CLOUD}, registerEnabled=true, ip='192.168.0.103', networkInterface='', port=-1, secure=false, accessKey='', secretKey='', heartBeatInterval=null, heartBeatTimeout=null, ipDeleteTimeout=null}

java.lang.IllegalArgumentException: Param 'serviceName' is illegal, serviceName is blank
	at com.alibaba.nacos.api.naming.utils.NamingUtils.getGroupedName(NamingUtils.java:47) ~[nacos-api-1.4.1.jar:na]
	at com.alibaba.nacos.client.naming.NacosNamingService.subscribe(NacosNamingService.java:457) ~[nacos-client-1.4.1.jar:na]
	at com.alibaba.cloud.nacos.discovery.NacosWatch.start(NacosWatch.java:123) ~[spring-cloud-starter-alibaba-nacos-discovery-2021.1.jar:2021.1]
	at org.springframework.context.support.DefaultLifecycleProcessor.doStart(DefaultLifecycleProcessor.java:178) ~[spring-context-5.3.1.jar:5.3.1]
	at org.springframework.context.support.DefaultLifecycleProcessor.access$200(DefaultLifecycleProcessor.java:54) ~[spring-context-5.3.1.jar:5.3.1]
	at org.springframework.context.support.DefaultLifecycleProcessor$LifecycleGroup.start(DefaultLifecycleProcessor.java:356) ~[spring-context-5.3.1.jar:5.3.1]
	at java.base/java.lang.Iterable.forEach(Iterable.java:75) ~[na:na]
	at org.springframework.context.support.DefaultLifecycleProcessor.startBeans(DefaultLifecycleProcessor.java:155) ~[spring-context-5.3.1.jar:5.3.1]
	at org.springframework.context.support.DefaultLifecycleProcessor.onRefresh(DefaultLifecycleProcessor.java:123) ~[spring-context-5.3.1.jar:5.3.1]
	at org.springframework.context.support.AbstractApplicationContext.finishRefresh(AbstractApplicationContext.java:942) ~[spring-context-5.3.1.jar:5.3.1]
	at org.springframework.context.support.AbstractApplicationContext.refresh(AbstractApplicationContext.java:591) ~[spring-context-5.3.1.jar:5.3.1]
	at org.springframework.boot.SpringApplication.refresh(SpringApplication.java:767) ~[spring-boot-2.4.0.jar:2.4.0]
	at org.springframework.boot.SpringApplication.refresh(SpringApplication.java:759) ~[spring-boot-2.4.0.jar:2.4.0]
	at org.springframework.boot.SpringApplication.refreshContext(SpringApplication.java:426) ~[spring-boot-2.4.0.jar:2.4.0]
	at org.springframework.boot.SpringApplication.run(SpringApplication.java:326) ~[spring-boot-2.4.0.jar:2.4.0]
	at org.springframework.boot.test.context.SpringBootContextLoader.loadContext(SpringBootContextLoader.java:122) ~[spring-boot-test-2.4.0.jar:2.4.0]
	at org.springframework.test.context.cache.DefaultCacheAwareContextLoaderDelegate.loadContextInternal(DefaultCacheAwareContextLoaderDelegate.java:99) ~[spring-test-5.3.1.jar:5.3.1]
	at org.springframework.test.context.cache.DefaultCacheAwareContextLoaderDelegate.loadContext(DefaultCacheAwareContextLoaderDelegate.java:124) ~[spring-test-5.3.1.jar:5.3.1]
	at org.springframework.test.context.support.DefaultTestContext.getApplicationContext(DefaultTestContext.java:123) ~[spring-test-5.3.1.jar:5.3.1]
	at org.springframework.test.context.support.DependencyInjectionTestExecutionListener.injectDependencies(DependencyInjectionTestExecutionListener.java:118) ~[spring-test-5.3.1.jar:5.3.1]
	at org.springframework.test.context.support.DependencyInjectionTestExecutionListener.prepareTestInstance(DependencyInjectionTestExecutionListener.java:83) ~[spring-test-5.3.1.jar:5.3.1]
	at org.springframework.boot.test.autoconfigure.SpringBootDependencyInjectionTestExecutionListener.prepareTestInstance(SpringBootDependencyInjectionTestExecutionListener.java:43) ~[spring-boot-test-autoconfigure-2.4.0.jar:2.4.0]
	at org.springframework.test.context.TestContextManager.prepareTestInstance(TestContextManager.java:244) ~[spring-test-5.3.1.jar:5.3.1]
	at org.springframework.test.context.junit.jupiter.SpringExtension.postProcessTestInstance(SpringExtension.java:99) ~[spring-test-5.3.1.jar:5.3.1]
	at org.junit.jupiter.engine.descriptor.ClassBasedTestDescriptor.lambda$invokeTestInstancePostProcessors$6(ClassBasedTestDescriptor.java:350) ~[junit-jupiter-engine-5.7.0.jar:5.7.0]
	at org.junit.jupiter.engine.descriptor.ClassBasedTestDescriptor.executeAndMaskThrowable(ClassBasedTestDescriptor.java:355) ~[junit-jupiter-engine-5.7.0.jar:5.7.0]
	at org.junit.jupiter.engine.descriptor.ClassBasedTestDescriptor.lambda$invokeTestInstancePostProcessors$7(ClassBasedTestDescriptor.java:350) ~[junit-jupiter-engine-5.7.0.jar:5.7.0]
	at java.base/java.util.stream.ReferencePipeline$3$1.accept(ReferencePipeline.java:197) ~[na:na]
	at java.base/java.util.stream.ReferencePipeline$2$1.accept(ReferencePipeline.java:179) ~[na:na]
	at java.base/java.util.ArrayList$ArrayListSpliterator.forEachRemaining(ArrayList.java:1625) ~[na:na]
	at java.base/java.util.stream.AbstractPipeline.copyInto(AbstractPipeline.java:509) ~[na:na]
	at java.base/java.util.stream.AbstractPipeline.wrapAndCopyInto(AbstractPipeline.java:499) ~[na:na]
	at java.base/java.util.stream.StreamSpliterators$WrappingSpliterator.forEachRemaining(StreamSpliterators.java:310) ~[na:na]
	at java.base/java.util.stream.Streams$ConcatSpliterator.forEachRemaining(Streams.java:735) ~[na:na]
	at java.base/java.util.stream.Streams$ConcatSpliterator.forEachRemaining(Streams.java:734) ~[na:na]
	at java.base/java.util.stream.ReferencePipeline$Head.forEach(ReferencePipeline.java:762) ~[na:na]
	at org.junit.jupiter.engine.descriptor.ClassBasedTestDescriptor.invokeTestInstancePostProcessors(ClassBasedTestDescriptor.java:349) ~[junit-jupiter-engine-5.7.0.jar:5.7.0]
	at org.junit.jupiter.engine.descriptor.ClassBasedTestDescriptor.lambda$instantiateAndPostProcessTestInstance$4(ClassBasedTestDescriptor.java:270) ~[junit-jupiter-engine-5.7.0.jar:5.7.0]
	at org.junit.platform.engine.support.hierarchical.ThrowableCollector.execute(ThrowableCollector.java:73) ~[junit-platform-engine-1.7.0.jar:1.7.0]
	at org.junit.jupiter.engine.descriptor.ClassBasedTestDescriptor.instantiateAndPostProcessTestInstance(ClassBasedTestDescriptor.java:269) ~[junit-jupiter-engine-5.7.0.jar:5.7.0]
	at org.junit.jupiter.engine.descriptor.ClassBasedTestDescriptor.lambda$testInstancesProvider$2(ClassBasedTestDescriptor.java:259) ~[junit-jupiter-engine-5.7.0.jar:5.7.0]
	at java.base/java.util.Optional.orElseGet(Optional.java:364) ~[na:na]
	at org.junit.jupiter.engine.descriptor.ClassBasedTestDescriptor.lambda$testInstancesProvider$3(ClassBasedTestDescriptor.java:258) ~[junit-jupiter-engine-5.7.0.jar:5.7.0]
	at org.junit.jupiter.engine.execution.TestInstancesProvider.getTestInstances(TestInstancesProvider.java:31) ~[junit-jupiter-engine-5.7.0.jar:5.7.0]
	at org.junit.jupiter.engine.descriptor.TestMethodTestDescriptor.lambda$prepare$0(TestMethodTestDescriptor.java:101) ~[junit-jupiter-engine-5.7.0.jar:5.7.0]
	at org.junit.platform.engine.support.hierarchical.ThrowableCollector.execute(ThrowableCollector.java:73) ~[junit-platform-engine-1.7.0.jar:1.7.0]
	at org.junit.jupiter.engine.descriptor.TestMethodTestDescriptor.prepare(TestMethodTestDescriptor.java:100) ~[junit-jupiter-engine-5.7.0.jar:5.7.0]
	at org.junit.jupiter.engine.descriptor.TestMethodTestDescriptor.prepare(TestMethodTestDescriptor.java:65) ~[junit-jupiter-engine-5.7.0.jar:5.7.0]
	at org.junit.platform.engine.support.hierarchical.NodeTestTask.lambda$prepare$1(NodeTestTask.java:111) ~[junit-platform-engine-1.7.0.jar:1.7.0]
	at org.junit.platform.engine.support.hierarchical.ThrowableCollector.execute(ThrowableCollector.java:73) ~[junit-platform-engine-1.7.0.jar:1.7.0]
	at org.junit.platform.engine.support.hierarchical.NodeTestTask.prepare(NodeTestTask.java:111) ~[junit-platform-engine-1.7.0.jar:1.7.0]
	at org.junit.platform.engine.support.hierarchical.NodeTestTask.execute(NodeTestTask.java:79) ~[junit-platform-engine-1.7.0.jar:1.7.0]
	at java.base/java.util.ArrayList.forEach(ArrayList.java:1511) ~[na:na]
	at org.junit.platform.engine.support.hierarchical.SameThreadHierarchicalTestExecutorService.invokeAll(SameThreadHierarchicalTestExecutorService.java:38) ~[junit-platform-engine-1.7.0.jar:1.7.0]
	at org.junit.platform.engine.support.hierarchical.NodeTestTask.lambda$executeRecursively$5(NodeTestTask.java:143) ~[junit-platform-engine-1.7.0.jar:1.7.0]
	at org.junit.platform.engine.support.hierarchical.ThrowableCollector.execute(ThrowableCollector.java:73) ~[junit-platform-engine-1.7.0.jar:1.7.0]
	at org.junit.platform.engine.support.hierarchical.NodeTestTask.lambda$executeRecursively$7(NodeTestTask.java:129) ~[junit-platform-engine-1.7.0.jar:1.7.0]
	at org.junit.platform.engine.support.hierarchical.Node.around(Node.java:137) ~[junit-platform-engine-1.7.0.jar:1.7.0]
	at org.junit.platform.engine.support.hierarchical.NodeTestTask.lambda$executeRecursively$8(NodeTestTask.java:127) ~[junit-platform-engine-1.7.0.jar:1.7.0]
	at org.junit.platform.engine.support.hierarchical.ThrowableCollector.execute(ThrowableCollector.java:73) ~[junit-platform-engine-1.7.0.jar:1.7.0]
	at org.junit.platform.engine.support.hierarchical.NodeTestTask.executeRecursively(NodeTestTask.java:126) ~[junit-platform-engine-1.7.0.jar:1.7.0]
	at org.junit.platform.engine.support.hierarchical.NodeTestTask.execute(NodeTestTask.java:84) ~[junit-platform-engine-1.7.0.jar:1.7.0]
	at java.base/java.util.ArrayList.forEach(ArrayList.java:1511) ~[na:na]
	at org.junit.platform.engine.support.hierarchical.SameThreadHierarchicalTestExecutorService.invokeAll(SameThreadHierarchicalTestExecutorService.java:38) ~[junit-platform-engine-1.7.0.jar:1.7.0]
	at org.junit.platform.engine.support.hierarchical.NodeTestTask.lambda$executeRecursively$5(NodeTestTask.java:143) ~[junit-platform-engine-1.7.0.jar:1.7.0]
	at org.junit.platform.engine.support.hierarchical.ThrowableCollector.execute(ThrowableCollector.java:73) ~[junit-platform-engine-1.7.0.jar:1.7.0]
	at org.junit.platform.engine.support.hierarchical.NodeTestTask.lambda$executeRecursively$7(NodeTestTask.java:129) ~[junit-platform-engine-1.7.0.jar:1.7.0]
	at org.junit.platform.engine.support.hierarchical.Node.around(Node.java:137) ~[junit-platform-engine-1.7.0.jar:1.7.0]
	at org.junit.platform.engine.support.hierarchical.NodeTestTask.lambda$executeRecursively$8(NodeTestTask.java:127) ~[junit-platform-engine-1.7.0.jar:1.7.0]
	at org.junit.platform.engine.support.hierarchical.ThrowableCollector.execute(ThrowableCollector.java:73) ~[junit-platform-engine-1.7.0.jar:1.7.0]
	at org.junit.platform.engine.support.hierarchical.NodeTestTask.executeRecursively(NodeTestTask.java:126) ~[junit-platform-engine-1.7.0.jar:1.7.0]
	at org.junit.platform.engine.support.hierarchical.NodeTestTask.execute(NodeTestTask.java:84) ~[junit-platform-engine-1.7.0.jar:1.7.0]
	at org.junit.platform.engine.support.hierarchical.SameThreadHierarchicalTestExecutorService.submit(SameThreadHierarchicalTestExecutorService.java:32) ~[junit-platform-engine-1.7.0.jar:1.7.0]
	at org.junit.platform.engine.support.hierarchical.HierarchicalTestExecutor.execute(HierarchicalTestExecutor.java:57) ~[junit-platform-engine-1.7.0.jar:1.7.0]
	at org.junit.platform.engine.support.hierarchical.HierarchicalTestEngine.execute(HierarchicalTestEngine.java:51) ~[junit-platform-engine-1.7.0.jar:1.7.0]
	at org.junit.platform.launcher.core.DefaultLauncher.execute(DefaultLauncher.java:220) ~[junit-platform-launcher-1.3.1.jar:1.3.1]
	at org.junit.platform.launcher.core.DefaultLauncher.lambda$execute$6(DefaultLauncher.java:188) ~[junit-platform-launcher-1.3.1.jar:1.3.1]
	at org.junit.platform.launcher.core.DefaultLauncher.withInterceptedStreams(DefaultLauncher.java:202) ~[junit-platform-launcher-1.3.1.jar:1.3.1]
	at org.junit.platform.launcher.core.DefaultLauncher.execute(DefaultLauncher.java:181) ~[junit-platform-launcher-1.3.1.jar:1.3.1]
	at org.junit.platform.launcher.core.DefaultLauncher.execute(DefaultLauncher.java:128) ~[junit-platform-launcher-1.3.1.jar:1.3.1]
	at org.apache.maven.surefire.junitplatform.JUnitPlatformProvider.invokeAllTests(JUnitPlatformProvider.java:150) ~[surefire-junit-platform-2.22.2.jar:2.22.2]
	at org.apache.maven.surefire.junitplatform.JUnitPlatformProvider.invoke(JUnitPlatformProvider.java:124) ~[surefire-junit-platform-2.22.2.jar:2.22.2]
	at org.apache.maven.surefire.booter.ForkedBooter.invokeProviderInSameClassLoader(ForkedBooter.java:384) ~[surefire-booter-2.22.2.jar:2.22.2]
	at org.apache.maven.surefire.booter.ForkedBooter.runSuitesInProcess(ForkedBooter.java:345) ~[surefire-booter-2.22.2.jar:2.22.2]
	at org.apache.maven.surefire.booter.ForkedBooter.execute(ForkedBooter.java:126) ~[surefire-booter-2.22.2.jar:2.22.2]
	at org.apache.maven.surefire.booter.ForkedBooter.main(ForkedBooter.java:418) ~[surefire-booter-2.22.2.jar:2.22.2]

2025-03-09 17:54:35.832  INFO 55512 --- [           main] c.a.g.p.GulimallProductApplicationTests  : Started GulimallProductApplicationTests in 6.399 seconds (JVM running for 6.694)
2025-03-09 17:54:35.833  INFO 55512 --- [           main] c.a.n.client.config.impl.ClientWorker    : [fixed-localhost_8848] [subscribe] null.properties+DEFAULT_GROUP
2025-03-09 17:54:35.834  INFO 55512 --- [           main] c.a.nacos.client.config.impl.CacheData   : [fixed-localhost_8848] [add-listener] ok, tenant=, dataId=null.properties, group=DEFAULT_GROUP, cnt=1
2025-03-09 17:54:35.957  INFO 55512 --- [           main] com.zaxxer.hikari.HikariDataSource       : HikariPool-1 - Starting...
2025-03-09 17:54:35.958  WARN 55512 --- [           main] com.zaxxer.hikari.util.DriverDataSource  : Registered driver with driverClassName=com.mysql.jdbc.Driver was not found, trying direct instantiation.
2025-03-09 17:54:36.989 ERROR 55512 --- [           main] com.zaxxer.hikari.pool.HikariPool        : HikariPool-1 - Exception during pool initialization.

com.mysql.cj.jdbc.exceptions.CommunicationsException: Communications link failure

The last packet sent successfully to the server was 0 milliseconds ago. The driver has not received any packets from the server.
	at com.mysql.cj.jdbc.exceptions.SQLError.createCommunicationsException(SQLError.java:174) ~[mysql-connector-java-8.0.22.jar:8.0.22]
	at com.mysql.cj.jdbc.exceptions.SQLExceptionsMapping.translateException(SQLExceptionsMapping.java:64) ~[mysql-connector-java-8.0.22.jar:8.0.22]
	at com.mysql.cj.jdbc.ConnectionImpl.createNewIO(ConnectionImpl.java:836) ~[mysql-connector-java-8.0.22.jar:8.0.22]
	at com.mysql.cj.jdbc.ConnectionImpl.<init>(ConnectionImpl.java:456) ~[mysql-connector-java-8.0.22.jar:8.0.22]
	at com.mysql.cj.jdbc.ConnectionImpl.getInstance(ConnectionImpl.java:246) ~[mysql-connector-java-8.0.22.jar:8.0.22]
	at com.mysql.cj.jdbc.NonRegisteringDriver.connect(NonRegisteringDriver.java:198) ~[mysql-connector-java-8.0.22.jar:8.0.22]
	at com.zaxxer.hikari.util.DriverDataSource.getConnection(DriverDataSource.java:138) ~[HikariCP-3.4.5.jar:na]
	at com.zaxxer.hikari.pool.PoolBase.newConnection(PoolBase.java:358) ~[HikariCP-3.4.5.jar:na]
	at com.zaxxer.hikari.pool.PoolBase.newPoolEntry(PoolBase.java:206) ~[HikariCP-3.4.5.jar:na]
	at com.zaxxer.hikari.pool.HikariPool.createPoolEntry(HikariPool.java:477) ~[HikariCP-3.4.5.jar:na]
	at com.zaxxer.hikari.pool.HikariPool.checkFailFast(HikariPool.java:560) ~[HikariCP-3.4.5.jar:na]
	at com.zaxxer.hikari.pool.HikariPool.<init>(HikariPool.java:115) ~[HikariCP-3.4.5.jar:na]
	at com.zaxxer.hikari.HikariDataSource.getConnection(HikariDataSource.java:112) ~[HikariCP-3.4.5.jar:na]
	at org.springframework.jdbc.datasource.DataSourceUtils.fetchConnection(DataSourceUtils.java:158) ~[spring-jdbc-5.3.1.jar:5.3.1]
	at org.springframework.jdbc.datasource.DataSourceUtils.doGetConnection(DataSourceUtils.java:116) ~[spring-jdbc-5.3.1.jar:5.3.1]
	at org.springframework.jdbc.datasource.DataSourceUtils.getConnection(DataSourceUtils.java:79) ~[spring-jdbc-5.3.1.jar:5.3.1]
	at org.mybatis.spring.transaction.SpringManagedTransaction.openConnection(SpringManagedTransaction.java:80) ~[mybatis-spring-2.0.2.jar:2.0.2]
	at org.mybatis.spring.transaction.SpringManagedTransaction.getConnection(SpringManagedTransaction.java:67) ~[mybatis-spring-2.0.2.jar:2.0.2]
	at org.apache.ibatis.executor.BaseExecutor.getConnection(BaseExecutor.java:336) ~[mybatis-3.5.2.jar:3.5.2]
	at com.baomidou.mybatisplus.core.executor.MybatisSimpleExecutor.prepareStatement(MybatisSimpleExecutor.java:93) ~[mybatis-plus-core-3.2.0.jar:3.2.0]
	at com.baomidou.mybatisplus.core.executor.MybatisSimpleExecutor.doQuery(MybatisSimpleExecutor.java:66) ~[mybatis-plus-core-3.2.0.jar:3.2.0]
	at org.apache.ibatis.executor.BaseExecutor.queryFromDatabase(BaseExecutor.java:324) ~[mybatis-3.5.2.jar:3.5.2]
	at org.apache.ibatis.executor.BaseExecutor.query(BaseExecutor.java:156) ~[mybatis-3.5.2.jar:3.5.2]
	at org.apache.ibatis.executor.CachingExecutor.query(CachingExecutor.java:109) ~[mybatis-3.5.2.jar:3.5.2]
	at org.apache.ibatis.executor.CachingExecutor.query(CachingExecutor.java:83) ~[mybatis-3.5.2.jar:3.5.2]
	at org.apache.ibatis.session.defaults.DefaultSqlSession.selectList(DefaultSqlSession.java:147) ~[mybatis-3.5.2.jar:3.5.2]
	at org.apache.ibatis.session.defaults.DefaultSqlSession.selectList(DefaultSqlSession.java:140) ~[mybatis-3.5.2.jar:3.5.2]
	at java.base/jdk.internal.reflect.NativeMethodAccessorImpl.invoke0(Native Method) ~[na:na]
	at java.base/jdk.internal.reflect.NativeMethodAccessorImpl.invoke(NativeMethodAccessorImpl.java:77) ~[na:na]
	at java.base/jdk.internal.reflect.DelegatingMethodAccessorImpl.invoke(DelegatingMethodAccessorImpl.java:43) ~[na:na]
	at java.base/java.lang.reflect.Method.invoke(Method.java:568) ~[na:na]
	at org.mybatis.spring.SqlSessionTemplate$SqlSessionInterceptor.invoke(SqlSessionTemplate.java:426) ~[mybatis-spring-2.0.2.jar:2.0.2]
	at jdk.proxy2/jdk.proxy2.$Proxy93.selectList(Unknown Source) ~[na:na]
	at org.mybatis.spring.SqlSessionTemplate.selectList(SqlSessionTemplate.java:223) ~[mybatis-spring-2.0.2.jar:2.0.2]
	at com.baomidou.mybatisplus.core.override.MybatisMapperMethod.executeForMany(MybatisMapperMethod.java:158) ~[mybatis-plus-core-3.2.0.jar:3.2.0]
	at com.baomidou.mybatisplus.core.override.MybatisMapperMethod.execute(MybatisMapperMethod.java:76) ~[mybatis-plus-core-3.2.0.jar:3.2.0]
	at com.baomidou.mybatisplus.core.override.MybatisMapperProxy.invoke(MybatisMapperProxy.java:61) ~[mybatis-plus-core-3.2.0.jar:3.2.0]
	at jdk.proxy2/jdk.proxy2.$Proxy97.selectList(Unknown Source) ~[na:na]
	at com.baomidou.mybatisplus.extension.service.impl.ServiceImpl.list(ServiceImpl.java:271) ~[mybatis-plus-extension-3.2.0.jar:3.2.0]
	at com.baomidou.mybatisplus.extension.service.impl.ServiceImpl$$FastClassBySpringCGLIB$$76535273.invoke(<generated>) ~[mybatis-plus-extension-3.2.0.jar:3.2.0]
	at org.springframework.cglib.proxy.MethodProxy.invoke(MethodProxy.java:218) ~[spring-core-5.3.1.jar:5.3.1]
	at org.springframework.aop.framework.CglibAopProxy$DynamicAdvisedInterceptor.intercept(CglibAopProxy.java:687) ~[spring-aop-5.3.1.jar:5.3.1]
	at com.atguigu.gulimall.product.service.impl.BrandServiceImpl$$EnhancerBySpringCGLIB$$2ce84f9e.list(<generated>) ~[classes/:na]
	at com.atguigu.gulimall.product.GulimallProductApplicationTests.contextLoads(GulimallProductApplicationTests.java:31) ~[test-classes/:na]
	at java.base/jdk.internal.reflect.NativeMethodAccessorImpl.invoke0(Native Method) ~[na:na]
	at java.base/jdk.internal.reflect.NativeMethodAccessorImpl.invoke(NativeMethodAccessorImpl.java:77) ~[na:na]
	at java.base/jdk.internal.reflect.DelegatingMethodAccessorImpl.invoke(DelegatingMethodAccessorImpl.java:43) ~[na:na]
	at java.base/java.lang.reflect.Method.invoke(Method.java:568) ~[na:na]
	at org.junit.platform.commons.util.ReflectionUtils.invokeMethod(ReflectionUtils.java:688) ~[junit-platform-commons-1.7.0.jar:1.7.0]
	at org.junit.jupiter.engine.execution.MethodInvocation.proceed(MethodInvocation.java:60) ~[junit-jupiter-engine-5.7.0.jar:5.7.0]
	at org.junit.jupiter.engine.execution.InvocationInterceptorChain$ValidatingInvocation.proceed(InvocationInterceptorChain.java:131) ~[junit-jupiter-engine-5.7.0.jar:5.7.0]
	at org.junit.jupiter.engine.extension.TimeoutExtension.intercept(TimeoutExtension.java:149) ~[junit-jupiter-engine-5.7.0.jar:5.7.0]
	at org.junit.jupiter.engine.extension.TimeoutExtension.interceptTestableMethod(TimeoutExtension.java:140) ~[junit-jupiter-engine-5.7.0.jar:5.7.0]
	at org.junit.jupiter.engine.extension.TimeoutExtension.interceptTestMethod(TimeoutExtension.java:84) ~[junit-jupiter-engine-5.7.0.jar:5.7.0]
	at org.junit.jupiter.engine.execution.ExecutableInvoker$ReflectiveInterceptorCall.lambda$ofVoidMethod$0(ExecutableInvoker.java:115) ~[junit-jupiter-engine-5.7.0.jar:5.7.0]
	at org.junit.jupiter.engine.execution.ExecutableInvoker.lambda$invoke$0(ExecutableInvoker.java:105) ~[junit-jupiter-engine-5.7.0.jar:5.7.0]
	at org.junit.jupiter.engine.execution.InvocationInterceptorChain$InterceptedInvocation.proceed(InvocationInterceptorChain.java:106) ~[junit-jupiter-engine-5.7.0.jar:5.7.0]
	at org.junit.jupiter.engine.execution.InvocationInterceptorChain.proceed(InvocationInterceptorChain.java:64) ~[junit-jupiter-engine-5.7.0.jar:5.7.0]
	at org.junit.jupiter.engine.execution.InvocationInterceptorChain.chainAndInvoke(InvocationInterceptorChain.java:45) ~[junit-jupiter-engine-5.7.0.jar:5.7.0]
	at org.junit.jupiter.engine.execution.InvocationInterceptorChain.invoke(InvocationInterceptorChain.java:37) ~[junit-jupiter-engine-5.7.0.jar:5.7.0]
	at org.junit.jupiter.engine.execution.ExecutableInvoker.invoke(ExecutableInvoker.java:104) ~[junit-jupiter-engine-5.7.0.jar:5.7.0]
	at org.junit.jupiter.engine.execution.ExecutableInvoker.invoke(ExecutableInvoker.java:98) ~[junit-jupiter-engine-5.7.0.jar:5.7.0]
	at org.junit.jupiter.engine.descriptor.TestMethodTestDescriptor.lambda$invokeTestMethod$6(TestMethodTestDescriptor.java:210) ~[junit-jupiter-engine-5.7.0.jar:5.7.0]
	at org.junit.platform.engine.support.hierarchical.ThrowableCollector.execute(ThrowableCollector.java:73) ~[junit-platform-engine-1.7.0.jar:1.7.0]
	at org.junit.jupiter.engine.descriptor.TestMethodTestDescriptor.invokeTestMethod(TestMethodTestDescriptor.java:206) ~[junit-jupiter-engine-5.7.0.jar:5.7.0]
	at org.junit.jupiter.engine.descriptor.TestMethodTestDescriptor.execute(TestMethodTestDescriptor.java:131) ~[junit-jupiter-engine-5.7.0.jar:5.7.0]
	at org.junit.jupiter.engine.descriptor.TestMethodTestDescriptor.execute(TestMethodTestDescriptor.java:65) ~[junit-jupiter-engine-5.7.0.jar:5.7.0]
	at org.junit.platform.engine.support.hierarchical.NodeTestTask.lambda$executeRecursively$5(NodeTestTask.java:139) ~[junit-platform-engine-1.7.0.jar:1.7.0]
	at org.junit.platform.engine.support.hierarchical.ThrowableCollector.execute(ThrowableCollector.java:73) ~[junit-platform-engine-1.7.0.jar:1.7.0]
	at org.junit.platform.engine.support.hierarchical.NodeTestTask.lambda$executeRecursively$7(NodeTestTask.java:129) ~[junit-platform-engine-1.7.0.jar:1.7.0]
	at org.junit.platform.engine.support.hierarchical.Node.around(Node.java:137) ~[junit-platform-engine-1.7.0.jar:1.7.0]
	at org.junit.platform.engine.support.hierarchical.NodeTestTask.lambda$executeRecursively$8(NodeTestTask.java:127) ~[junit-platform-engine-1.7.0.jar:1.7.0]
	at org.junit.platform.engine.support.hierarchical.ThrowableCollector.execute(ThrowableCollector.java:73) ~[junit-platform-engine-1.7.0.jar:1.7.0]
	at org.junit.platform.engine.support.hierarchical.NodeTestTask.executeRecursively(NodeTestTask.java:126) ~[junit-platform-engine-1.7.0.jar:1.7.0]
	at org.junit.platform.engine.support.hierarchical.NodeTestTask.execute(NodeTestTask.java:84) ~[junit-platform-engine-1.7.0.jar:1.7.0]
	at java.base/java.util.ArrayList.forEach(ArrayList.java:1511) ~[na:na]
	at org.junit.platform.engine.support.hierarchical.SameThreadHierarchicalTestExecutorService.invokeAll(SameThreadHierarchicalTestExecutorService.java:38) ~[junit-platform-engine-1.7.0.jar:1.7.0]
	at org.junit.platform.engine.support.hierarchical.NodeTestTask.lambda$executeRecursively$5(NodeTestTask.java:143) ~[junit-platform-engine-1.7.0.jar:1.7.0]
	at org.junit.platform.engine.support.hierarchical.ThrowableCollector.execute(ThrowableCollector.java:73) ~[junit-platform-engine-1.7.0.jar:1.7.0]
	at org.junit.platform.engine.support.hierarchical.NodeTestTask.lambda$executeRecursively$7(NodeTestTask.java:129) ~[junit-platform-engine-1.7.0.jar:1.7.0]
	at org.junit.platform.engine.support.hierarchical.Node.around(Node.java:137) ~[junit-platform-engine-1.7.0.jar:1.7.0]
	at org.junit.platform.engine.support.hierarchical.NodeTestTask.lambda$executeRecursively$8(NodeTestTask.java:127) ~[junit-platform-engine-1.7.0.jar:1.7.0]
	at org.junit.platform.engine.support.hierarchical.ThrowableCollector.execute(ThrowableCollector.java:73) ~[junit-platform-engine-1.7.0.jar:1.7.0]
	at org.junit.platform.engine.support.hierarchical.NodeTestTask.executeRecursively(NodeTestTask.java:126) ~[junit-platform-engine-1.7.0.jar:1.7.0]
	at org.junit.platform.engine.support.hierarchical.NodeTestTask.execute(NodeTestTask.java:84) ~[junit-platform-engine-1.7.0.jar:1.7.0]
	at java.base/java.util.ArrayList.forEach(ArrayList.java:1511) ~[na:na]
	at org.junit.platform.engine.support.hierarchical.SameThreadHierarchicalTestExecutorService.invokeAll(SameThreadHierarchicalTestExecutorService.java:38) ~[junit-platform-engine-1.7.0.jar:1.7.0]
	at org.junit.platform.engine.support.hierarchical.NodeTestTask.lambda$executeRecursively$5(NodeTestTask.java:143) ~[junit-platform-engine-1.7.0.jar:1.7.0]
	at org.junit.platform.engine.support.hierarchical.ThrowableCollector.execute(ThrowableCollector.java:73) ~[junit-platform-engine-1.7.0.jar:1.7.0]
	at org.junit.platform.engine.support.hierarchical.NodeTestTask.lambda$executeRecursively$7(NodeTestTask.java:129) ~[junit-platform-engine-1.7.0.jar:1.7.0]
	at org.junit.platform.engine.support.hierarchical.Node.around(Node.java:137) ~[junit-platform-engine-1.7.0.jar:1.7.0]
	at org.junit.platform.engine.support.hierarchical.NodeTestTask.lambda$executeRecursively$8(NodeTestTask.java:127) ~[junit-platform-engine-1.7.0.jar:1.7.0]
	at org.junit.platform.engine.support.hierarchical.ThrowableCollector.execute(ThrowableCollector.java:73) ~[junit-platform-engine-1.7.0.jar:1.7.0]
	at org.junit.platform.engine.support.hierarchical.NodeTestTask.executeRecursively(NodeTestTask.java:126) ~[junit-platform-engine-1.7.0.jar:1.7.0]
	at org.junit.platform.engine.support.hierarchical.NodeTestTask.execute(NodeTestTask.java:84) ~[junit-platform-engine-1.7.0.jar:1.7.0]
	at org.junit.platform.engine.support.hierarchical.SameThreadHierarchicalTestExecutorService.submit(SameThreadHierarchicalTestExecutorService.java:32) ~[junit-platform-engine-1.7.0.jar:1.7.0]
	at org.junit.platform.engine.support.hierarchical.HierarchicalTestExecutor.execute(HierarchicalTestExecutor.java:57) ~[junit-platform-engine-1.7.0.jar:1.7.0]
	at org.junit.platform.engine.support.hierarchical.HierarchicalTestEngine.execute(HierarchicalTestEngine.java:51) ~[junit-platform-engine-1.7.0.jar:1.7.0]
	at org.junit.platform.launcher.core.DefaultLauncher.execute(DefaultLauncher.java:220) ~[junit-platform-launcher-1.3.1.jar:1.3.1]
	at org.junit.platform.launcher.core.DefaultLauncher.lambda$execute$6(DefaultLauncher.java:188) ~[junit-platform-launcher-1.3.1.jar:1.3.1]
	at org.junit.platform.launcher.core.DefaultLauncher.withInterceptedStreams(DefaultLauncher.java:202) ~[junit-platform-launcher-1.3.1.jar:1.3.1]
	at org.junit.platform.launcher.core.DefaultLauncher.execute(DefaultLauncher.java:181) ~[junit-platform-launcher-1.3.1.jar:1.3.1]
	at org.junit.platform.launcher.core.DefaultLauncher.execute(DefaultLauncher.java:128) ~[junit-platform-launcher-1.3.1.jar:1.3.1]
	at org.apache.maven.surefire.junitplatform.JUnitPlatformProvider.invokeAllTests(JUnitPlatformProvider.java:150) ~[surefire-junit-platform-2.22.2.jar:2.22.2]
	at org.apache.maven.surefire.junitplatform.JUnitPlatformProvider.invoke(JUnitPlatformProvider.java:124) ~[surefire-junit-platform-2.22.2.jar:2.22.2]
	at org.apache.maven.surefire.booter.ForkedBooter.invokeProviderInSameClassLoader(ForkedBooter.java:384) ~[surefire-booter-2.22.2.jar:2.22.2]
	at org.apache.maven.surefire.booter.ForkedBooter.runSuitesInProcess(ForkedBooter.java:345) ~[surefire-booter-2.22.2.jar:2.22.2]
	at org.apache.maven.surefire.booter.ForkedBooter.execute(ForkedBooter.java:126) ~[surefire-booter-2.22.2.jar:2.22.2]
	at org.apache.maven.surefire.booter.ForkedBooter.main(ForkedBooter.java:418) ~[surefire-booter-2.22.2.jar:2.22.2]
Caused by: com.mysql.cj.exceptions.CJCommunicationsException: Communications link failure

The last packet sent successfully to the server was 0 milliseconds ago. The driver has not received any packets from the server.
	at java.base/jdk.internal.reflect.NativeConstructorAccessorImpl.newInstance0(Native Method) ~[na:na]
	at java.base/jdk.internal.reflect.NativeConstructorAccessorImpl.newInstance(NativeConstructorAccessorImpl.java:77) ~[na:na]
	at java.base/jdk.internal.reflect.DelegatingConstructorAccessorImpl.newInstance(DelegatingConstructorAccessorImpl.java:45) ~[na:na]
	at java.base/java.lang.reflect.Constructor.newInstanceWithCaller(Constructor.java:499) ~[na:na]
	at java.base/java.lang.reflect.Constructor.newInstance(Constructor.java:480) ~[na:na]
	at com.mysql.cj.exceptions.ExceptionFactory.createException(ExceptionFactory.java:61) ~[mysql-connector-java-8.0.22.jar:8.0.22]
	at com.mysql.cj.exceptions.ExceptionFactory.createException(ExceptionFactory.java:105) ~[mysql-connector-java-8.0.22.jar:8.0.22]
	at com.mysql.cj.exceptions.ExceptionFactory.createException(ExceptionFactory.java:151) ~[mysql-connector-java-8.0.22.jar:8.0.22]
	at com.mysql.cj.exceptions.ExceptionFactory.createCommunicationsException(ExceptionFactory.java:167) ~[mysql-connector-java-8.0.22.jar:8.0.22]
	at com.mysql.cj.protocol.a.NativeSocketConnection.connect(NativeSocketConnection.java:89) ~[mysql-connector-java-8.0.22.jar:8.0.22]
	at com.mysql.cj.NativeSession.connect(NativeSession.java:144) ~[mysql-connector-java-8.0.22.jar:8.0.22]
	at com.mysql.cj.jdbc.ConnectionImpl.connectOneTryOnly(ConnectionImpl.java:956) ~[mysql-connector-java-8.0.22.jar:8.0.22]
	at com.mysql.cj.jdbc.ConnectionImpl.createNewIO(ConnectionImpl.java:826) ~[mysql-connector-java-8.0.22.jar:8.0.22]
	... 106 common frames omitted
Caused by: java.net.ConnectException: Connection refused
	at java.base/sun.nio.ch.Net.pollConnect(Native Method) ~[na:na]
	at java.base/sun.nio.ch.Net.pollConnectNow(Net.java:672) ~[na:na]
	at java.base/sun.nio.ch.NioSocketImpl.timedFinishConnect(NioSocketImpl.java:554) ~[na:na]
	at java.base/sun.nio.ch.NioSocketImpl.connect(NioSocketImpl.java:602) ~[na:na]
	at java.base/java.net.SocksSocketImpl.connect(SocksSocketImpl.java:327) ~[na:na]
	at java.base/java.net.Socket.connect(Socket.java:633) ~[na:na]
	at com.mysql.cj.protocol.StandardSocketFactory.connect(StandardSocketFactory.java:155) ~[mysql-connector-java-8.0.22.jar:8.0.22]
	at com.mysql.cj.protocol.a.NativeSocketConnection.connect(NativeSocketConnection.java:63) ~[mysql-connector-java-8.0.22.jar:8.0.22]
	... 109 common frames omitted

]]></system-out>
    <system-err><![CDATA[Loading class `com.mysql.jdbc.Driver'. This is deprecated. The new driver class is `com.mysql.cj.jdbc.Driver'. The driver is automatically registered via the SPI and manual loading of the driver class is generally unnecessary.
]]></system-err>
  </testcase>
</testsuite>