<?xml version="1.0" encoding="UTF-8"?>
<!-- Generated by org.testng.reporters.JUnitReportReporter -->
<testsuite hostname="MBP-N379561QP2-0006.local" failures="0" tests="1" name="com.atguigu.gulimall.ware.GulimallWareApplicationTests" time="0.001" errors="0" timestamp="2025-04-01T23:00:19 CST" skipped="0">
  <testcase classname="com.atguigu.gulimall.ware.GulimallWareApplicationTests" name="contextLoads" time="0.001"/>
</testsuite> <!-- com.atguigu.gulimall.ware.GulimallWareApplicationTests -->
